running egg_info
writing ../../build/motor_control/motor_control.egg-info/PKG-INFO
writing dependency_links to ../../build/motor_control/motor_control.egg-info/dependency_links.txt
writing entry points to ../../build/motor_control/motor_control.egg-info/entry_points.txt
writing requirements to ../../build/motor_control/motor_control.egg-info/requires.txt
writing top-level names to ../../build/motor_control/motor_control.egg-info/top_level.txt
reading manifest file '../../build/motor_control/motor_control.egg-info/SOURCES.txt'
writing manifest file '../../build/motor_control/motor_control.egg-info/SOURCES.txt'
running build
running build_py
running install
running install_lib
running install_data
copying package.xml -> /home/jun/ros2_ws/install/motor_control/share/motor_control
running install_egg_info
removing '/home/jun/ros2_ws/install/motor_control/lib/python3.8/site-packages/motor_control-0.0.0-py3.8.egg-info' (and everything under it)
Copying ../../build/motor_control/motor_control.egg-info to /home/jun/ros2_ws/install/motor_control/lib/python3.8/site-packages/motor_control-0.0.0-py3.8.egg-info
running install_scripts
Installing angle_controller1 script to /home/jun/ros2_ws/install/motor_control/lib/motor_control
Installing angle_controller2 script to /home/jun/ros2_ws/install/motor_control/lib/motor_control
Installing controller1 script to /home/jun/ros2_ws/install/motor_control/lib/motor_control
Installing controller2 script to /home/jun/ros2_ws/install/motor_control/lib/motor_control
Installing joystick script to /home/jun/ros2_ws/install/motor_control/lib/motor_control
Installing monitor_motor script to /home/jun/ros2_ws/install/motor_control/lib/motor_control
Installing realsense_opencv_viewer script to /home/jun/ros2_ws/install/motor_control/lib/motor_control
Installing serial_bridge script to /home/jun/ros2_ws/install/motor_control/lib/motor_control
Installing tankturn script to /home/jun/ros2_ws/install/motor_control/lib/motor_control
writing list of installed files to '/home/jun/ros2_ws/build/motor_control/install.log'
