[0.537s] Invoking command in '/home/jun/ros2_ws/src/motor_control': PYTHONPATH=/home/jun/ros2_ws/build/motor_control/prefix_override:/usr/lib/python3/dist-packages/colcon_core/task/python/colcon_distutils_commands:/home/jun/ros2_ws/install/motor_control/lib/python3.8/site-packages:${PYTHONPATH} /usr/bin/python3 -W ignore:setup.py install is deprecated setup.py egg_info --egg-base ../../build/motor_control build --build-base /home/jun/ros2_ws/build/motor_control/build install --record /home/jun/ros2_ws/build/motor_control/install.log --install-scripts $base/lib/motor_control --single-version-externally-managed install_data
[0.720s] running egg_info
[0.721s] writing ../../build/motor_control/motor_control.egg-info/PKG-INFO
[0.721s] writing dependency_links to ../../build/motor_control/motor_control.egg-info/dependency_links.txt
[0.721s] writing entry points to ../../build/motor_control/motor_control.egg-info/entry_points.txt
[0.722s] writing requirements to ../../build/motor_control/motor_control.egg-info/requires.txt
[0.722s] writing top-level names to ../../build/motor_control/motor_control.egg-info/top_level.txt
[0.750s] reading manifest file '../../build/motor_control/motor_control.egg-info/SOURCES.txt'
[0.751s] writing manifest file '../../build/motor_control/motor_control.egg-info/SOURCES.txt'
[0.751s] running build
[0.751s] running build_py
[0.752s] running install
[0.752s] running install_lib
[0.754s] running install_data
[0.754s] copying launch/dual_motor_launch.py -> /home/jun/ros2_ws/install/motor_control/share/motor_control/launch
[0.754s] running install_egg_info
[0.755s] removing '/home/jun/ros2_ws/install/motor_control/lib/python3.8/site-packages/motor_control-0.0.0-py3.8.egg-info' (and everything under it)
[0.756s] Copying ../../build/motor_control/motor_control.egg-info to /home/jun/ros2_ws/install/motor_control/lib/python3.8/site-packages/motor_control-0.0.0-py3.8.egg-info
[0.756s] running install_scripts
[0.770s] Installing actuator_control script to /home/jun/ros2_ws/install/motor_control/lib/motor_control
[0.771s] Installing angle_controller1 script to /home/jun/ros2_ws/install/motor_control/lib/motor_control
[0.771s] Installing angle_controller2 script to /home/jun/ros2_ws/install/motor_control/lib/motor_control
[0.771s] Installing controller1 script to /home/jun/ros2_ws/install/motor_control/lib/motor_control
[0.771s] Installing controller2 script to /home/jun/ros2_ws/install/motor_control/lib/motor_control
[0.771s] Installing joystick script to /home/jun/ros2_ws/install/motor_control/lib/motor_control
[0.771s] Installing monitor_motor script to /home/jun/ros2_ws/install/motor_control/lib/motor_control
[0.771s] Installing realsense_camera_node script to /home/jun/ros2_ws/install/motor_control/lib/motor_control
[0.771s] Installing serial_bridge script to /home/jun/ros2_ws/install/motor_control/lib/motor_control
[0.771s] Installing tankturn script to /home/jun/ros2_ws/install/motor_control/lib/motor_control
[0.772s] writing list of installed files to '/home/jun/ros2_ws/build/motor_control/install.log'
[0.787s] Invoked command in '/home/jun/ros2_ws/src/motor_control' returned '0': PYTHONPATH=/home/jun/ros2_ws/build/motor_control/prefix_override:/usr/lib/python3/dist-packages/colcon_core/task/python/colcon_distutils_commands:/home/jun/ros2_ws/install/motor_control/lib/python3.8/site-packages:${PYTHONPATH} /usr/bin/python3 -W ignore:setup.py install is deprecated setup.py egg_info --egg-base ../../build/motor_control build --build-base /home/jun/ros2_ws/build/motor_control/build install --record /home/jun/ros2_ws/build/motor_control/install.log --install-scripts $base/lib/motor_control --single-version-externally-managed install_data
