[0.189s] DEBUG:colcon:Command line arguments: ['/usr/bin/colcon', 'build']
[0.189s] DEBUG:colcon:Parsed command line arguments: Namespace(allow_overriding=[], ament_cmake_args=None, base_paths=['.'], build_base='build', catkin_cmake_args=None, catkin_skip_building_tests=False, cmake_args=None, cmake_clean_cache=False, cmake_clean_first=False, cmake_force_configure=False, cmake_target=None, cmake_target_skip_unavailable=False, continue_on_error=False, event_handlers=None, executor='parallel', ignore_user_meta=False, install_base='install', log_base=None, log_level=None, main=<bound method BuildVerb.main of <colcon_core.verb.build.BuildVerb object at 0x7f6fcf8b18b0>>, merge_install=False, metas=['./colcon.meta'], mixin=None, mixin_files=None, mixin_verb=('build',), packages_above=None, packages_above_and_dependencies=None, packages_above_depth=None, packages_end=None, packages_ignore=None, packages_ignore_regex=None, packages_select=None, packages_select_build_failed=False, packages_select_by_dep=None, packages_select_regex=None, packages_select_test_failures=False, packages_skip=None, packages_skip_build_finished=False, packages_skip_by_dep=None, packages_skip_regex=None, packages_skip_test_passed=False, packages_skip_up_to=None, packages_start=None, packages_up_to=None, packages_up_to_regex=None, parallel_workers=6, paths=None, symlink_install=False, test_result_base=None, verb_extension=<colcon_core.verb.build.BuildVerb object at 0x7f6fcf8b18b0>, verb_name='build', verb_parser=<colcon_mixin.mixin.mixin_argument.MixinArgumentDecorator object at 0x7f6fcf8c01c0>)
[0.326s] Level 1:colcon.colcon_core.package_discovery:discover_packages(colcon_meta) check parameters
[0.326s] Level 1:colcon.colcon_core.package_discovery:discover_packages(recursive) check parameters
[0.326s] Level 1:colcon.colcon_core.package_discovery:discover_packages(ignore) check parameters
[0.326s] Level 1:colcon.colcon_core.package_discovery:discover_packages(path) check parameters
[0.326s] Level 1:colcon.colcon_core.package_discovery:discover_packages(colcon_meta) discover
[0.326s] Level 1:colcon.colcon_core.package_discovery:discover_packages(recursive) discover
[0.326s] INFO:colcon.colcon_core.package_discovery:Crawling recursively for packages in '/home/jun/ros2_ws'
[0.326s] Level 1:colcon.colcon_core.package_identification:_identify(.) by extensions ['ignore', 'ignore_ament_install']
[0.326s] Level 1:colcon.colcon_core.package_identification:_identify(.) by extension 'ignore'
[0.326s] Level 1:colcon.colcon_core.package_identification:_identify(.) by extension 'ignore_ament_install'
[0.326s] Level 1:colcon.colcon_core.package_identification:_identify(.) by extensions ['colcon_pkg']
[0.326s] Level 1:colcon.colcon_core.package_identification:_identify(.) by extension 'colcon_pkg'
[0.326s] Level 1:colcon.colcon_core.package_identification:_identify(.) by extensions ['colcon_meta']
[0.326s] Level 1:colcon.colcon_core.package_identification:_identify(.) by extension 'colcon_meta'
[0.327s] Level 1:colcon.colcon_core.package_identification:_identify(.) by extensions ['ros']
[0.327s] Level 1:colcon.colcon_core.package_identification:_identify(.) by extension 'ros'
[0.336s] Level 1:colcon.colcon_core.package_identification:_identify(.) by extensions ['cmake', 'python']
[0.336s] Level 1:colcon.colcon_core.package_identification:_identify(.) by extension 'cmake'
[0.336s] Level 1:colcon.colcon_core.package_identification:_identify(.) by extension 'python'
[0.336s] Level 1:colcon.colcon_core.package_identification:_identify(.) by extensions ['python_setup_py']
[0.336s] Level 1:colcon.colcon_core.package_identification:_identify(.) by extension 'python_setup_py'
[0.336s] Level 1:colcon.colcon_core.package_identification:_identify(build) by extensions ['ignore', 'ignore_ament_install']
[0.337s] Level 1:colcon.colcon_core.package_identification:_identify(build) by extension 'ignore'
[0.337s] Level 1:colcon.colcon_core.package_identification:_identify(build) ignored
[0.337s] Level 1:colcon.colcon_core.package_identification:_identify(install) by extensions ['ignore', 'ignore_ament_install']
[0.337s] Level 1:colcon.colcon_core.package_identification:_identify(install) by extension 'ignore'
[0.337s] Level 1:colcon.colcon_core.package_identification:_identify(install) ignored
[0.337s] Level 1:colcon.colcon_core.package_identification:_identify(log) by extensions ['ignore', 'ignore_ament_install']
[0.337s] Level 1:colcon.colcon_core.package_identification:_identify(log) by extension 'ignore'
[0.337s] Level 1:colcon.colcon_core.package_identification:_identify(log) ignored
[0.337s] Level 1:colcon.colcon_core.package_identification:_identify(src) by extensions ['ignore', 'ignore_ament_install']
[0.337s] Level 1:colcon.colcon_core.package_identification:_identify(src) by extension 'ignore'
[0.337s] Level 1:colcon.colcon_core.package_identification:_identify(src) by extension 'ignore_ament_install'
[0.337s] Level 1:colcon.colcon_core.package_identification:_identify(src) by extensions ['colcon_pkg']
[0.337s] Level 1:colcon.colcon_core.package_identification:_identify(src) by extension 'colcon_pkg'
[0.337s] Level 1:colcon.colcon_core.package_identification:_identify(src) by extensions ['colcon_meta']
[0.337s] Level 1:colcon.colcon_core.package_identification:_identify(src) by extension 'colcon_meta'
[0.337s] Level 1:colcon.colcon_core.package_identification:_identify(src) by extensions ['ros']
[0.338s] Level 1:colcon.colcon_core.package_identification:_identify(src) by extension 'ros'
[0.338s] Level 1:colcon.colcon_core.package_identification:_identify(src) by extensions ['cmake', 'python']
[0.338s] Level 1:colcon.colcon_core.package_identification:_identify(src) by extension 'cmake'
[0.338s] Level 1:colcon.colcon_core.package_identification:_identify(src) by extension 'python'
[0.338s] Level 1:colcon.colcon_core.package_identification:_identify(src) by extensions ['python_setup_py']
[0.338s] Level 1:colcon.colcon_core.package_identification:_identify(src) by extension 'python_setup_py'
[0.338s] Level 1:colcon.colcon_core.package_identification:_identify(src/build) by extensions ['ignore', 'ignore_ament_install']
[0.338s] Level 1:colcon.colcon_core.package_identification:_identify(src/build) by extension 'ignore'
[0.338s] Level 1:colcon.colcon_core.package_identification:_identify(src/build) ignored
[0.338s] Level 1:colcon.colcon_core.package_identification:_identify(src/camera_viewer) by extensions ['ignore', 'ignore_ament_install']
[0.338s] Level 1:colcon.colcon_core.package_identification:_identify(src/camera_viewer) by extension 'ignore'
[0.338s] Level 1:colcon.colcon_core.package_identification:_identify(src/camera_viewer) by extension 'ignore_ament_install'
[0.338s] Level 1:colcon.colcon_core.package_identification:_identify(src/camera_viewer) by extensions ['colcon_pkg']
[0.338s] Level 1:colcon.colcon_core.package_identification:_identify(src/camera_viewer) by extension 'colcon_pkg'
[0.338s] Level 1:colcon.colcon_core.package_identification:_identify(src/camera_viewer) by extensions ['colcon_meta']
[0.338s] Level 1:colcon.colcon_core.package_identification:_identify(src/camera_viewer) by extension 'colcon_meta'
[0.338s] Level 1:colcon.colcon_core.package_identification:_identify(src/camera_viewer) by extensions ['ros']
[0.339s] Level 1:colcon.colcon_core.package_identification:_identify(src/camera_viewer) by extension 'ros'
[0.341s] DEBUG:colcon.colcon_core.package_identification:Package 'src/camera_viewer' with type 'ros.catkin' and name 'camera_viewer'
[0.341s] Level 1:colcon.colcon_core.package_identification:_identify(src/log) by extensions ['ignore', 'ignore_ament_install']
[0.341s] Level 1:colcon.colcon_core.package_identification:_identify(src/log) by extension 'ignore'
[0.341s] Level 1:colcon.colcon_core.package_identification:_identify(src/log) ignored
[0.341s] Level 1:colcon.colcon_core.package_identification:_identify(src/motor_control) by extensions ['ignore', 'ignore_ament_install']
[0.341s] Level 1:colcon.colcon_core.package_identification:_identify(src/motor_control) by extension 'ignore'
[0.341s] Level 1:colcon.colcon_core.package_identification:_identify(src/motor_control) by extension 'ignore_ament_install'
[0.341s] Level 1:colcon.colcon_core.package_identification:_identify(src/motor_control) by extensions ['colcon_pkg']
[0.341s] Level 1:colcon.colcon_core.package_identification:_identify(src/motor_control) by extension 'colcon_pkg'
[0.341s] Level 1:colcon.colcon_core.package_identification:_identify(src/motor_control) by extensions ['colcon_meta']
[0.341s] Level 1:colcon.colcon_core.package_identification:_identify(src/motor_control) by extension 'colcon_meta'
[0.342s] Level 1:colcon.colcon_core.package_identification:_identify(src/motor_control) by extensions ['ros']
[0.342s] Level 1:colcon.colcon_core.package_identification:_identify(src/motor_control) by extension 'ros'
[0.342s] DEBUG:colcon.colcon_core.package_identification:Package 'src/motor_control' with type 'ros.ament_python' and name 'motor_control'
[0.342s] Level 1:colcon.colcon_core.package_identification:_identify(src/realsense-ros) by extensions ['ignore', 'ignore_ament_install']
[0.343s] Level 1:colcon.colcon_core.package_identification:_identify(src/realsense-ros) by extension 'ignore'
[0.343s] Level 1:colcon.colcon_core.package_identification:_identify(src/realsense-ros) by extension 'ignore_ament_install'
[0.343s] Level 1:colcon.colcon_core.package_identification:_identify(src/realsense-ros) by extensions ['colcon_pkg']
[0.343s] Level 1:colcon.colcon_core.package_identification:_identify(src/realsense-ros) by extension 'colcon_pkg'
[0.343s] Level 1:colcon.colcon_core.package_identification:_identify(src/realsense-ros) by extensions ['colcon_meta']
[0.343s] Level 1:colcon.colcon_core.package_identification:_identify(src/realsense-ros) by extension 'colcon_meta'
[0.343s] Level 1:colcon.colcon_core.package_identification:_identify(src/realsense-ros) by extensions ['ros']
[0.343s] Level 1:colcon.colcon_core.package_identification:_identify(src/realsense-ros) by extension 'ros'
[0.343s] Level 1:colcon.colcon_core.package_identification:_identify(src/realsense-ros) by extensions ['cmake', 'python']
[0.343s] Level 1:colcon.colcon_core.package_identification:_identify(src/realsense-ros) by extension 'cmake'
[0.343s] Level 1:colcon.colcon_core.package_identification:_identify(src/realsense-ros) by extension 'python'
[0.343s] Level 1:colcon.colcon_core.package_identification:_identify(src/realsense-ros) by extensions ['python_setup_py']
[0.343s] Level 1:colcon.colcon_core.package_identification:_identify(src/realsense-ros) by extension 'python_setup_py'
[0.343s] Level 1:colcon.colcon_core.package_identification:_identify(src/realsense-ros/realsense2_camera) by extensions ['ignore', 'ignore_ament_install']
[0.343s] Level 1:colcon.colcon_core.package_identification:_identify(src/realsense-ros/realsense2_camera) by extension 'ignore'
[0.343s] Level 1:colcon.colcon_core.package_identification:_identify(src/realsense-ros/realsense2_camera) by extension 'ignore_ament_install'
[0.343s] Level 1:colcon.colcon_core.package_identification:_identify(src/realsense-ros/realsense2_camera) by extensions ['colcon_pkg']
[0.343s] Level 1:colcon.colcon_core.package_identification:_identify(src/realsense-ros/realsense2_camera) by extension 'colcon_pkg'
[0.343s] Level 1:colcon.colcon_core.package_identification:_identify(src/realsense-ros/realsense2_camera) by extensions ['colcon_meta']
[0.343s] Level 1:colcon.colcon_core.package_identification:_identify(src/realsense-ros/realsense2_camera) by extension 'colcon_meta'
[0.344s] Level 1:colcon.colcon_core.package_identification:_identify(src/realsense-ros/realsense2_camera) by extensions ['ros']
[0.344s] Level 1:colcon.colcon_core.package_identification:_identify(src/realsense-ros/realsense2_camera) by extension 'ros'
[0.349s] DEBUG:colcon.colcon_core.package_identification:Package 'src/realsense-ros/realsense2_camera' with type 'ros.ament_cmake' and name 'realsense2_camera'
[0.350s] Level 1:colcon.colcon_core.package_identification:_identify(src/realsense-ros/realsense2_camera_msgs) by extensions ['ignore', 'ignore_ament_install']
[0.350s] Level 1:colcon.colcon_core.package_identification:_identify(src/realsense-ros/realsense2_camera_msgs) by extension 'ignore'
[0.350s] Level 1:colcon.colcon_core.package_identification:_identify(src/realsense-ros/realsense2_camera_msgs) by extension 'ignore_ament_install'
[0.350s] Level 1:colcon.colcon_core.package_identification:_identify(src/realsense-ros/realsense2_camera_msgs) by extensions ['colcon_pkg']
[0.350s] Level 1:colcon.colcon_core.package_identification:_identify(src/realsense-ros/realsense2_camera_msgs) by extension 'colcon_pkg'
[0.350s] Level 1:colcon.colcon_core.package_identification:_identify(src/realsense-ros/realsense2_camera_msgs) by extensions ['colcon_meta']
[0.350s] Level 1:colcon.colcon_core.package_identification:_identify(src/realsense-ros/realsense2_camera_msgs) by extension 'colcon_meta'
[0.350s] Level 1:colcon.colcon_core.package_identification:_identify(src/realsense-ros/realsense2_camera_msgs) by extensions ['ros']
[0.350s] Level 1:colcon.colcon_core.package_identification:_identify(src/realsense-ros/realsense2_camera_msgs) by extension 'ros'
[0.351s] DEBUG:colcon.colcon_core.package_identification:Package 'src/realsense-ros/realsense2_camera_msgs' with type 'ros.ament_cmake' and name 'realsense2_camera_msgs'
[0.351s] Level 1:colcon.colcon_core.package_identification:_identify(src/realsense-ros/realsense2_description) by extensions ['ignore', 'ignore_ament_install']
[0.351s] Level 1:colcon.colcon_core.package_identification:_identify(src/realsense-ros/realsense2_description) by extension 'ignore'
[0.351s] Level 1:colcon.colcon_core.package_identification:_identify(src/realsense-ros/realsense2_description) by extension 'ignore_ament_install'
[0.351s] Level 1:colcon.colcon_core.package_identification:_identify(src/realsense-ros/realsense2_description) by extensions ['colcon_pkg']
[0.351s] Level 1:colcon.colcon_core.package_identification:_identify(src/realsense-ros/realsense2_description) by extension 'colcon_pkg'
[0.351s] Level 1:colcon.colcon_core.package_identification:_identify(src/realsense-ros/realsense2_description) by extensions ['colcon_meta']
[0.351s] Level 1:colcon.colcon_core.package_identification:_identify(src/realsense-ros/realsense2_description) by extension 'colcon_meta'
[0.351s] Level 1:colcon.colcon_core.package_identification:_identify(src/realsense-ros/realsense2_description) by extensions ['ros']
[0.351s] Level 1:colcon.colcon_core.package_identification:_identify(src/realsense-ros/realsense2_description) by extension 'ros'
[0.352s] DEBUG:colcon.colcon_core.package_identification:Package 'src/realsense-ros/realsense2_description' with type 'ros.ament_cmake' and name 'realsense2_description'
[0.352s] Level 1:colcon.colcon_core.package_identification:_identify(src/realsense-ros/scripts) by extensions ['ignore', 'ignore_ament_install']
[0.352s] Level 1:colcon.colcon_core.package_identification:_identify(src/realsense-ros/scripts) by extension 'ignore'
[0.352s] Level 1:colcon.colcon_core.package_identification:_identify(src/realsense-ros/scripts) by extension 'ignore_ament_install'
[0.352s] Level 1:colcon.colcon_core.package_identification:_identify(src/realsense-ros/scripts) by extensions ['colcon_pkg']
[0.352s] Level 1:colcon.colcon_core.package_identification:_identify(src/realsense-ros/scripts) by extension 'colcon_pkg'
[0.352s] Level 1:colcon.colcon_core.package_identification:_identify(src/realsense-ros/scripts) by extensions ['colcon_meta']
[0.352s] Level 1:colcon.colcon_core.package_identification:_identify(src/realsense-ros/scripts) by extension 'colcon_meta'
[0.352s] Level 1:colcon.colcon_core.package_identification:_identify(src/realsense-ros/scripts) by extensions ['ros']
[0.352s] Level 1:colcon.colcon_core.package_identification:_identify(src/realsense-ros/scripts) by extension 'ros'
[0.353s] Level 1:colcon.colcon_core.package_identification:_identify(src/realsense-ros/scripts) by extensions ['cmake', 'python']
[0.353s] Level 1:colcon.colcon_core.package_identification:_identify(src/realsense-ros/scripts) by extension 'cmake'
[0.353s] Level 1:colcon.colcon_core.package_identification:_identify(src/realsense-ros/scripts) by extension 'python'
[0.353s] Level 1:colcon.colcon_core.package_identification:_identify(src/realsense-ros/scripts) by extensions ['python_setup_py']
[0.353s] Level 1:colcon.colcon_core.package_identification:_identify(src/realsense-ros/scripts) by extension 'python_setup_py'
[0.353s] Level 1:colcon.colcon_core.package_discovery:discover_packages(recursive) using defaults
[0.353s] Level 1:colcon.colcon_core.package_discovery:discover_packages(ignore) discover
[0.353s] Level 1:colcon.colcon_core.package_discovery:discover_packages(ignore) using defaults
[0.353s] Level 1:colcon.colcon_core.package_discovery:discover_packages(path) discover
[0.353s] Level 1:colcon.colcon_core.package_discovery:discover_packages(path) using defaults
[0.369s] Level 1:colcon.colcon_core.package_discovery:discover_packages(prefix_path) check parameters
[0.369s] Level 1:colcon.colcon_core.package_discovery:discover_packages(prefix_path) discover
[0.371s] DEBUG:colcon.colcon_installed_package_information.package_discovery:Found 5 installed packages in /home/jun/ros2_ws/install
[0.372s] DEBUG:colcon.colcon_installed_package_information.package_discovery:Found 258 installed packages in /opt/ros/foxy
[0.373s] Level 1:colcon.colcon_core.package_discovery:discover_packages(prefix_path) using defaults
[0.438s] Level 5:colcon.colcon_core.verb:set package 'camera_viewer' build argument 'cmake_args' from command line to 'None'
[0.439s] Level 5:colcon.colcon_core.verb:set package 'camera_viewer' build argument 'cmake_target' from command line to 'None'
[0.439s] Level 5:colcon.colcon_core.verb:set package 'camera_viewer' build argument 'cmake_target_skip_unavailable' from command line to 'False'
[0.439s] Level 5:colcon.colcon_core.verb:set package 'camera_viewer' build argument 'cmake_clean_cache' from command line to 'False'
[0.439s] Level 5:colcon.colcon_core.verb:set package 'camera_viewer' build argument 'cmake_clean_first' from command line to 'False'
[0.439s] Level 5:colcon.colcon_core.verb:set package 'camera_viewer' build argument 'cmake_force_configure' from command line to 'False'
[0.439s] Level 5:colcon.colcon_core.verb:set package 'camera_viewer' build argument 'ament_cmake_args' from command line to 'None'
[0.439s] Level 5:colcon.colcon_core.verb:set package 'camera_viewer' build argument 'catkin_cmake_args' from command line to 'None'
[0.439s] Level 5:colcon.colcon_core.verb:set package 'camera_viewer' build argument 'catkin_skip_building_tests' from command line to 'False'
[0.439s] DEBUG:colcon.colcon_core.verb:Building package 'camera_viewer' with the following arguments: {'ament_cmake_args': None, 'build_base': '/home/jun/ros2_ws/build/camera_viewer', 'catkin_cmake_args': None, 'catkin_skip_building_tests': False, 'cmake_args': None, 'cmake_clean_cache': False, 'cmake_clean_first': False, 'cmake_force_configure': False, 'cmake_target': None, 'cmake_target_skip_unavailable': False, 'install_base': '/home/jun/ros2_ws/install/camera_viewer', 'merge_install': False, 'path': '/home/jun/ros2_ws/src/camera_viewer', 'symlink_install': False, 'test_result_base': None}
[0.439s] Level 5:colcon.colcon_core.verb:set package 'motor_control' build argument 'cmake_args' from command line to 'None'
[0.439s] Level 5:colcon.colcon_core.verb:set package 'motor_control' build argument 'cmake_target' from command line to 'None'
[0.439s] Level 5:colcon.colcon_core.verb:set package 'motor_control' build argument 'cmake_target_skip_unavailable' from command line to 'False'
[0.439s] Level 5:colcon.colcon_core.verb:set package 'motor_control' build argument 'cmake_clean_cache' from command line to 'False'
[0.439s] Level 5:colcon.colcon_core.verb:set package 'motor_control' build argument 'cmake_clean_first' from command line to 'False'
[0.439s] Level 5:colcon.colcon_core.verb:set package 'motor_control' build argument 'cmake_force_configure' from command line to 'False'
[0.439s] Level 5:colcon.colcon_core.verb:set package 'motor_control' build argument 'ament_cmake_args' from command line to 'None'
[0.439s] Level 5:colcon.colcon_core.verb:set package 'motor_control' build argument 'catkin_cmake_args' from command line to 'None'
[0.439s] Level 5:colcon.colcon_core.verb:set package 'motor_control' build argument 'catkin_skip_building_tests' from command line to 'False'
[0.439s] DEBUG:colcon.colcon_core.verb:Building package 'motor_control' with the following arguments: {'ament_cmake_args': None, 'build_base': '/home/jun/ros2_ws/build/motor_control', 'catkin_cmake_args': None, 'catkin_skip_building_tests': False, 'cmake_args': None, 'cmake_clean_cache': False, 'cmake_clean_first': False, 'cmake_force_configure': False, 'cmake_target': None, 'cmake_target_skip_unavailable': False, 'install_base': '/home/jun/ros2_ws/install/motor_control', 'merge_install': False, 'path': '/home/jun/ros2_ws/src/motor_control', 'symlink_install': False, 'test_result_base': None}
[0.440s] Level 5:colcon.colcon_core.verb:set package 'realsense2_camera_msgs' build argument 'cmake_args' from command line to 'None'
[0.440s] Level 5:colcon.colcon_core.verb:set package 'realsense2_camera_msgs' build argument 'cmake_target' from command line to 'None'
[0.440s] Level 5:colcon.colcon_core.verb:set package 'realsense2_camera_msgs' build argument 'cmake_target_skip_unavailable' from command line to 'False'
[0.440s] Level 5:colcon.colcon_core.verb:set package 'realsense2_camera_msgs' build argument 'cmake_clean_cache' from command line to 'False'
[0.440s] Level 5:colcon.colcon_core.verb:set package 'realsense2_camera_msgs' build argument 'cmake_clean_first' from command line to 'False'
[0.440s] Level 5:colcon.colcon_core.verb:set package 'realsense2_camera_msgs' build argument 'cmake_force_configure' from command line to 'False'
[0.440s] Level 5:colcon.colcon_core.verb:set package 'realsense2_camera_msgs' build argument 'ament_cmake_args' from command line to 'None'
[0.440s] Level 5:colcon.colcon_core.verb:set package 'realsense2_camera_msgs' build argument 'catkin_cmake_args' from command line to 'None'
[0.440s] Level 5:colcon.colcon_core.verb:set package 'realsense2_camera_msgs' build argument 'catkin_skip_building_tests' from command line to 'False'
[0.440s] DEBUG:colcon.colcon_core.verb:Building package 'realsense2_camera_msgs' with the following arguments: {'ament_cmake_args': None, 'build_base': '/home/jun/ros2_ws/build/realsense2_camera_msgs', 'catkin_cmake_args': None, 'catkin_skip_building_tests': False, 'cmake_args': None, 'cmake_clean_cache': False, 'cmake_clean_first': False, 'cmake_force_configure': False, 'cmake_target': None, 'cmake_target_skip_unavailable': False, 'install_base': '/home/jun/ros2_ws/install/realsense2_camera_msgs', 'merge_install': False, 'path': '/home/jun/ros2_ws/src/realsense-ros/realsense2_camera_msgs', 'symlink_install': False, 'test_result_base': None}
[0.440s] Level 5:colcon.colcon_core.verb:set package 'realsense2_camera' build argument 'cmake_args' from command line to 'None'
[0.440s] Level 5:colcon.colcon_core.verb:set package 'realsense2_camera' build argument 'cmake_target' from command line to 'None'
[0.440s] Level 5:colcon.colcon_core.verb:set package 'realsense2_camera' build argument 'cmake_target_skip_unavailable' from command line to 'False'
[0.440s] Level 5:colcon.colcon_core.verb:set package 'realsense2_camera' build argument 'cmake_clean_cache' from command line to 'False'
[0.440s] Level 5:colcon.colcon_core.verb:set package 'realsense2_camera' build argument 'cmake_clean_first' from command line to 'False'
[0.440s] Level 5:colcon.colcon_core.verb:set package 'realsense2_camera' build argument 'cmake_force_configure' from command line to 'False'
[0.440s] Level 5:colcon.colcon_core.verb:set package 'realsense2_camera' build argument 'ament_cmake_args' from command line to 'None'
[0.440s] Level 5:colcon.colcon_core.verb:set package 'realsense2_camera' build argument 'catkin_cmake_args' from command line to 'None'
[0.440s] Level 5:colcon.colcon_core.verb:set package 'realsense2_camera' build argument 'catkin_skip_building_tests' from command line to 'False'
[0.440s] DEBUG:colcon.colcon_core.verb:Building package 'realsense2_camera' with the following arguments: {'ament_cmake_args': None, 'build_base': '/home/jun/ros2_ws/build/realsense2_camera', 'catkin_cmake_args': None, 'catkin_skip_building_tests': False, 'cmake_args': None, 'cmake_clean_cache': False, 'cmake_clean_first': False, 'cmake_force_configure': False, 'cmake_target': None, 'cmake_target_skip_unavailable': False, 'install_base': '/home/jun/ros2_ws/install/realsense2_camera', 'merge_install': False, 'path': '/home/jun/ros2_ws/src/realsense-ros/realsense2_camera', 'symlink_install': False, 'test_result_base': None}
[0.441s] Level 5:colcon.colcon_core.verb:set package 'realsense2_description' build argument 'cmake_args' from command line to 'None'
[0.441s] Level 5:colcon.colcon_core.verb:set package 'realsense2_description' build argument 'cmake_target' from command line to 'None'
[0.441s] Level 5:colcon.colcon_core.verb:set package 'realsense2_description' build argument 'cmake_target_skip_unavailable' from command line to 'False'
[0.441s] Level 5:colcon.colcon_core.verb:set package 'realsense2_description' build argument 'cmake_clean_cache' from command line to 'False'
[0.441s] Level 5:colcon.colcon_core.verb:set package 'realsense2_description' build argument 'cmake_clean_first' from command line to 'False'
[0.441s] Level 5:colcon.colcon_core.verb:set package 'realsense2_description' build argument 'cmake_force_configure' from command line to 'False'
[0.441s] Level 5:colcon.colcon_core.verb:set package 'realsense2_description' build argument 'ament_cmake_args' from command line to 'None'
[0.441s] Level 5:colcon.colcon_core.verb:set package 'realsense2_description' build argument 'catkin_cmake_args' from command line to 'None'
[0.441s] Level 5:colcon.colcon_core.verb:set package 'realsense2_description' build argument 'catkin_skip_building_tests' from command line to 'False'
[0.441s] DEBUG:colcon.colcon_core.verb:Building package 'realsense2_description' with the following arguments: {'ament_cmake_args': None, 'build_base': '/home/jun/ros2_ws/build/realsense2_description', 'catkin_cmake_args': None, 'catkin_skip_building_tests': False, 'cmake_args': None, 'cmake_clean_cache': False, 'cmake_clean_first': False, 'cmake_force_configure': False, 'cmake_target': None, 'cmake_target_skip_unavailable': False, 'install_base': '/home/jun/ros2_ws/install/realsense2_description', 'merge_install': False, 'path': '/home/jun/ros2_ws/src/realsense-ros/realsense2_description', 'symlink_install': False, 'test_result_base': None}
[0.441s] INFO:colcon.colcon_core.executor:Executing jobs using 'parallel' executor
[0.442s] DEBUG:colcon.colcon_parallel_executor.executor.parallel:run_until_complete
[0.442s] INFO:colcon.colcon_ros.task.ament_cmake.build:Building ROS package in '/home/jun/ros2_ws/src/realsense-ros/realsense2_camera_msgs' with build type 'ament_cmake'
[0.442s] INFO:colcon.colcon_cmake.task.cmake.build:Building CMake package in '/home/jun/ros2_ws/src/realsense-ros/realsense2_camera_msgs'
[0.444s] INFO:colcon.colcon_core.plugin_system:Skipping extension 'colcon_core.shell.bat': Not used on non-Windows systems
[0.444s] INFO:colcon.colcon_core.shell:Skip shell extension 'powershell' for command environment: Not usable outside of PowerShell
[0.444s] DEBUG:colcon.colcon_core.shell:Skip shell extension 'dsv' for command environment
[0.449s] INFO:colcon.colcon_ros.task.catkin.build:Building ROS package in '/home/jun/ros2_ws/src/camera_viewer' with build type 'catkin'
[0.449s] INFO:colcon.colcon_cmake.task.cmake.build:Building CMake package in '/home/jun/ros2_ws/src/camera_viewer'
[0.450s] INFO:colcon.colcon_core.shell:Skip shell extension 'powershell' for command environment: Not usable outside of PowerShell
[0.450s] DEBUG:colcon.colcon_core.shell:Skip shell extension 'dsv' for command environment
[0.455s] INFO:colcon.colcon_ros.task.ament_python.build:Building ROS package in '/home/jun/ros2_ws/src/motor_control' with build type 'ament_python'
[0.455s] Level 1:colcon.colcon_core.shell:create_environment_hook('motor_control', 'ament_prefix_path')
[0.456s] INFO:colcon.colcon_core.shell:Creating environment hook '/home/jun/ros2_ws/install/motor_control/share/motor_control/hook/ament_prefix_path.ps1'
[0.457s] INFO:colcon.colcon_core.shell:Creating environment descriptor '/home/jun/ros2_ws/install/motor_control/share/motor_control/hook/ament_prefix_path.dsv'
[0.457s] INFO:colcon.colcon_core.shell:Creating environment hook '/home/jun/ros2_ws/install/motor_control/share/motor_control/hook/ament_prefix_path.sh'
[0.458s] INFO:colcon.colcon_core.shell:Skip shell extension 'powershell' for command environment: Not usable outside of PowerShell
[0.458s] DEBUG:colcon.colcon_core.shell:Skip shell extension 'dsv' for command environment
[0.469s] DEBUG:colcon.colcon_core.event_handler.log_command:Invoking command in '/home/jun/ros2_ws/build/realsense2_camera_msgs': CMAKE_PREFIX_PATH=/home/jun/ros2_ws/install/realsense2_description:/home/jun/ros2_ws/install/realsense2_camera:/home/jun/ros2_ws/install/realsense2_camera_msgs:/home/jun/ros2_ws/install/motor_control:/opt/ros/foxy:/home/jun/ros2_ws/install/camera_viewer /usr/bin/cmake --build /home/jun/ros2_ws/build/realsense2_camera_msgs -- -j6 -l6
[0.473s] DEBUG:colcon.colcon_core.event_handler.log_command:Invoking command in '/home/jun/ros2_ws/build/camera_viewer': /usr/bin/cmake --build /home/jun/ros2_ws/build/camera_viewer -- -j6 -l6
[0.685s] INFO:colcon.colcon_core.task.python.build:Building Python package in '/home/jun/ros2_ws/src/motor_control'
[0.685s] INFO:colcon.colcon_core.shell:Skip shell extension 'powershell' for command environment: Not usable outside of PowerShell
[0.685s] DEBUG:colcon.colcon_core.shell:Skip shell extension 'dsv' for command environment
[0.692s] DEBUG:colcon.colcon_core.event_handler.log_command:Invoked command in '/home/jun/ros2_ws/build/camera_viewer' returned '0': /usr/bin/cmake --build /home/jun/ros2_ws/build/camera_viewer -- -j6 -l6
[0.700s] DEBUG:colcon.colcon_core.event_handler.log_command:Invoked command in '/home/jun/ros2_ws/build/realsense2_camera_msgs' returned '0': CMAKE_PREFIX_PATH=/home/jun/ros2_ws/install/realsense2_description:/home/jun/ros2_ws/install/realsense2_camera:/home/jun/ros2_ws/install/realsense2_camera_msgs:/home/jun/ros2_ws/install/motor_control:/opt/ros/foxy:/home/jun/ros2_ws/install/camera_viewer /usr/bin/cmake --build /home/jun/ros2_ws/build/realsense2_camera_msgs -- -j6 -l6
[0.744s] DEBUG:colcon.colcon_core.event_handler.log_command:Invoking command in '/home/jun/ros2_ws/build/camera_viewer': /usr/bin/cmake --install /home/jun/ros2_ws/build/camera_viewer
[0.788s] DEBUG:colcon.colcon_core.event_handler.log_command:Invoked command in '/home/jun/ros2_ws/build/camera_viewer' returned '0': /usr/bin/cmake --install /home/jun/ros2_ws/build/camera_viewer
[0.808s] DEBUG:colcon.colcon_core.event_handler.log_command:Invoking command in '/home/jun/ros2_ws/build/realsense2_camera_msgs': CMAKE_PREFIX_PATH=/home/jun/ros2_ws/install/realsense2_description:/home/jun/ros2_ws/install/realsense2_camera:/home/jun/ros2_ws/install/realsense2_camera_msgs:/home/jun/ros2_ws/install/motor_control:/opt/ros/foxy:/home/jun/ros2_ws/install/camera_viewer /usr/bin/cmake --install /home/jun/ros2_ws/build/realsense2_camera_msgs
[0.809s] Level 1:colcon.colcon_core.shell:create_environment_hook('camera_viewer', 'ros_package_path')
[0.809s] INFO:colcon.colcon_core.shell:Creating environment hook '/home/jun/ros2_ws/install/camera_viewer/share/camera_viewer/hook/ros_package_path.ps1'
[0.810s] INFO:colcon.colcon_core.shell:Creating environment descriptor '/home/jun/ros2_ws/install/camera_viewer/share/camera_viewer/hook/ros_package_path.dsv'
[0.810s] INFO:colcon.colcon_core.shell:Creating environment hook '/home/jun/ros2_ws/install/camera_viewer/share/camera_viewer/hook/ros_package_path.sh'
[0.811s] Level 1:colcon.colcon_ros.task.catkin:checking '/home/jun/ros2_ws/install/camera_viewer/lib/python3.8/site-packages'
[0.811s] Level 1:colcon.colcon_core.shell:create_environment_hook('camera_viewer', 'catkin_pythonpath')
[0.811s] INFO:colcon.colcon_core.shell:Creating environment hook '/home/jun/ros2_ws/install/camera_viewer/share/camera_viewer/hook/catkin_pythonpath.ps1'
[0.811s] INFO:colcon.colcon_core.shell:Creating environment descriptor '/home/jun/ros2_ws/install/camera_viewer/share/camera_viewer/hook/catkin_pythonpath.dsv'
[0.812s] INFO:colcon.colcon_core.shell:Creating environment hook '/home/jun/ros2_ws/install/camera_viewer/share/camera_viewer/hook/catkin_pythonpath.sh'
[0.812s] Level 1:colcon.colcon_core.shell:create_environment_hook('camera_viewer', 'pkg_config_path')
[0.812s] INFO:colcon.colcon_core.shell:Creating environment hook '/home/jun/ros2_ws/install/camera_viewer/share/camera_viewer/hook/pkg_config_path.ps1'
[0.812s] INFO:colcon.colcon_core.shell:Creating environment descriptor '/home/jun/ros2_ws/install/camera_viewer/share/camera_viewer/hook/pkg_config_path.dsv'
[0.813s] INFO:colcon.colcon_core.shell:Creating environment hook '/home/jun/ros2_ws/install/camera_viewer/share/camera_viewer/hook/pkg_config_path.sh'
[0.816s] Level 1:colcon.colcon_core.shell:create_environment_hook('camera_viewer', 'pkg_config_path_multiarch')
[0.816s] INFO:colcon.colcon_core.shell:Creating environment hook '/home/jun/ros2_ws/install/camera_viewer/share/camera_viewer/hook/pkg_config_path_multiarch.ps1'
[0.817s] INFO:colcon.colcon_core.shell:Creating environment descriptor '/home/jun/ros2_ws/install/camera_viewer/share/camera_viewer/hook/pkg_config_path_multiarch.dsv'
[0.818s] INFO:colcon.colcon_core.shell:Creating environment hook '/home/jun/ros2_ws/install/camera_viewer/share/camera_viewer/hook/pkg_config_path_multiarch.sh'
[0.820s] Level 1:colcon.colcon_core.environment:create_environment_scripts_only(camera_viewer)
[0.825s] Level 1:colcon.colcon_core.environment:checking '/home/jun/ros2_ws/install/camera_viewer' for CMake module files
[0.826s] Level 1:colcon.colcon_core.environment:checking '/home/jun/ros2_ws/install/camera_viewer' for CMake config files
[0.827s] Level 1:colcon.colcon_core.shell:create_environment_hook('camera_viewer', 'cmake_prefix_path')
[0.828s] INFO:colcon.colcon_core.shell:Creating environment hook '/home/jun/ros2_ws/install/camera_viewer/share/camera_viewer/hook/cmake_prefix_path.ps1'
[0.828s] INFO:colcon.colcon_core.shell:Creating environment descriptor '/home/jun/ros2_ws/install/camera_viewer/share/camera_viewer/hook/cmake_prefix_path.dsv'
[0.829s] INFO:colcon.colcon_core.shell:Creating environment hook '/home/jun/ros2_ws/install/camera_viewer/share/camera_viewer/hook/cmake_prefix_path.sh'
[0.830s] Level 1:colcon.colcon_core.environment:checking '/home/jun/ros2_ws/install/camera_viewer/lib'
[0.830s] Level 1:colcon.colcon_core.environment:checking '/home/jun/ros2_ws/install/camera_viewer/bin'
[0.830s] Level 1:colcon.colcon_core.environment:checking '/home/jun/ros2_ws/install/camera_viewer/lib/pkgconfig/camera_viewer.pc'
[0.830s] Level 1:colcon.colcon_core.environment:checking '/home/jun/ros2_ws/install/camera_viewer/lib/python3.8/site-packages'
[0.830s] Level 1:colcon.colcon_core.shell:create_environment_hook('camera_viewer', 'pythonpath')
[0.830s] INFO:colcon.colcon_core.shell:Creating environment hook '/home/jun/ros2_ws/install/camera_viewer/share/camera_viewer/hook/pythonpath.ps1'
[0.831s] INFO:colcon.colcon_core.shell:Creating environment descriptor '/home/jun/ros2_ws/install/camera_viewer/share/camera_viewer/hook/pythonpath.dsv'
[0.831s] INFO:colcon.colcon_core.shell:Creating environment hook '/home/jun/ros2_ws/install/camera_viewer/share/camera_viewer/hook/pythonpath.sh'
[0.831s] Level 1:colcon.colcon_core.environment:checking '/home/jun/ros2_ws/install/camera_viewer/bin'
[0.832s] INFO:colcon.colcon_core.shell:Creating package script '/home/jun/ros2_ws/install/camera_viewer/share/camera_viewer/package.ps1'
[0.833s] INFO:colcon.colcon_core.shell:Creating package descriptor '/home/jun/ros2_ws/install/camera_viewer/share/camera_viewer/package.dsv'
[0.833s] INFO:colcon.colcon_core.shell:Creating package script '/home/jun/ros2_ws/install/camera_viewer/share/camera_viewer/package.sh'
[0.834s] INFO:colcon.colcon_core.shell:Creating package script '/home/jun/ros2_ws/install/camera_viewer/share/camera_viewer/package.bash'
[0.835s] INFO:colcon.colcon_core.shell:Creating package script '/home/jun/ros2_ws/install/camera_viewer/share/camera_viewer/package.zsh'
[0.835s] Level 1:colcon.colcon_core.environment:create_file_with_runtime_dependencies(/home/jun/ros2_ws/install/camera_viewer/share/colcon-core/packages/camera_viewer)
[0.860s] Level 1:colcon.colcon_core.environment:create_environment_scripts_only(realsense2_camera_msgs)
[0.861s] Level 1:colcon.colcon_core.environment:checking '/home/jun/ros2_ws/install/realsense2_camera_msgs' for CMake module files
[0.861s] DEBUG:colcon.colcon_core.event_handler.log_command:Invoked command in '/home/jun/ros2_ws/build/realsense2_camera_msgs' returned '0': CMAKE_PREFIX_PATH=/home/jun/ros2_ws/install/realsense2_description:/home/jun/ros2_ws/install/realsense2_camera:/home/jun/ros2_ws/install/realsense2_camera_msgs:/home/jun/ros2_ws/install/motor_control:/opt/ros/foxy:/home/jun/ros2_ws/install/camera_viewer /usr/bin/cmake --install /home/jun/ros2_ws/build/realsense2_camera_msgs
[0.862s] Level 1:colcon.colcon_core.environment:checking '/home/jun/ros2_ws/install/realsense2_camera_msgs' for CMake config files
[0.862s] Level 1:colcon.colcon_core.shell:create_environment_hook('realsense2_camera_msgs', 'cmake_prefix_path')
[0.862s] INFO:colcon.colcon_core.shell:Creating environment hook '/home/jun/ros2_ws/install/realsense2_camera_msgs/share/realsense2_camera_msgs/hook/cmake_prefix_path.ps1'
[0.863s] INFO:colcon.colcon_core.shell:Creating environment descriptor '/home/jun/ros2_ws/install/realsense2_camera_msgs/share/realsense2_camera_msgs/hook/cmake_prefix_path.dsv'
[0.863s] INFO:colcon.colcon_core.shell:Creating environment hook '/home/jun/ros2_ws/install/realsense2_camera_msgs/share/realsense2_camera_msgs/hook/cmake_prefix_path.sh'
[0.863s] Level 1:colcon.colcon_core.environment:checking '/home/jun/ros2_ws/install/realsense2_camera_msgs/lib'
[0.864s] Level 1:colcon.colcon_core.shell:create_environment_hook('realsense2_camera_msgs', 'ld_library_path_lib')
[0.864s] INFO:colcon.colcon_core.shell:Creating environment hook '/home/jun/ros2_ws/install/realsense2_camera_msgs/share/realsense2_camera_msgs/hook/ld_library_path_lib.ps1'
[0.864s] INFO:colcon.colcon_core.shell:Creating environment descriptor '/home/jun/ros2_ws/install/realsense2_camera_msgs/share/realsense2_camera_msgs/hook/ld_library_path_lib.dsv'
[0.864s] INFO:colcon.colcon_core.shell:Creating environment hook '/home/jun/ros2_ws/install/realsense2_camera_msgs/share/realsense2_camera_msgs/hook/ld_library_path_lib.sh'
[0.865s] Level 1:colcon.colcon_core.environment:checking '/home/jun/ros2_ws/install/realsense2_camera_msgs/bin'
[0.865s] Level 1:colcon.colcon_core.environment:checking '/home/jun/ros2_ws/install/realsense2_camera_msgs/lib/pkgconfig/realsense2_camera_msgs.pc'
[0.865s] Level 1:colcon.colcon_core.environment:checking '/home/jun/ros2_ws/install/realsense2_camera_msgs/lib/python3.8/site-packages'
[0.865s] Level 1:colcon.colcon_core.shell:create_environment_hook('realsense2_camera_msgs', 'pythonpath')
[0.865s] INFO:colcon.colcon_core.shell:Creating environment hook '/home/jun/ros2_ws/install/realsense2_camera_msgs/share/realsense2_camera_msgs/hook/pythonpath.ps1'
[0.865s] INFO:colcon.colcon_core.shell:Creating environment descriptor '/home/jun/ros2_ws/install/realsense2_camera_msgs/share/realsense2_camera_msgs/hook/pythonpath.dsv'
[0.866s] INFO:colcon.colcon_core.shell:Creating environment hook '/home/jun/ros2_ws/install/realsense2_camera_msgs/share/realsense2_camera_msgs/hook/pythonpath.sh'
[0.866s] Level 1:colcon.colcon_core.environment:checking '/home/jun/ros2_ws/install/realsense2_camera_msgs/bin'
[0.866s] INFO:colcon.colcon_core.shell:Creating package script '/home/jun/ros2_ws/install/realsense2_camera_msgs/share/realsense2_camera_msgs/package.ps1'
[0.867s] INFO:colcon.colcon_core.shell:Creating package descriptor '/home/jun/ros2_ws/install/realsense2_camera_msgs/share/realsense2_camera_msgs/package.dsv'
[0.867s] INFO:colcon.colcon_core.shell:Creating package script '/home/jun/ros2_ws/install/realsense2_camera_msgs/share/realsense2_camera_msgs/package.sh'
[0.868s] INFO:colcon.colcon_core.shell:Creating package script '/home/jun/ros2_ws/install/realsense2_camera_msgs/share/realsense2_camera_msgs/package.bash'
[0.868s] INFO:colcon.colcon_core.shell:Creating package script '/home/jun/ros2_ws/install/realsense2_camera_msgs/share/realsense2_camera_msgs/package.zsh'
[0.868s] Level 1:colcon.colcon_core.environment:create_file_with_runtime_dependencies(/home/jun/ros2_ws/install/realsense2_camera_msgs/share/colcon-core/packages/realsense2_camera_msgs)
[0.976s] Level 1:colcon.colcon_core.environment:create_environment_scripts_only(realsense2_camera_msgs)
[0.976s] Level 1:colcon.colcon_core.environment:checking '/home/jun/ros2_ws/install/realsense2_camera_msgs' for CMake module files
[0.977s] Level 1:colcon.colcon_core.environment:checking '/home/jun/ros2_ws/install/realsense2_camera_msgs' for CMake config files
[0.977s] Level 1:colcon.colcon_core.shell:create_environment_hook('realsense2_camera_msgs', 'cmake_prefix_path')
[0.977s] INFO:colcon.colcon_core.shell:Creating environment hook '/home/jun/ros2_ws/install/realsense2_camera_msgs/share/realsense2_camera_msgs/hook/cmake_prefix_path.ps1'
[0.978s] INFO:colcon.colcon_core.shell:Creating environment descriptor '/home/jun/ros2_ws/install/realsense2_camera_msgs/share/realsense2_camera_msgs/hook/cmake_prefix_path.dsv'
[0.978s] INFO:colcon.colcon_core.shell:Creating environment hook '/home/jun/ros2_ws/install/realsense2_camera_msgs/share/realsense2_camera_msgs/hook/cmake_prefix_path.sh'
[0.979s] Level 1:colcon.colcon_core.environment:checking '/home/jun/ros2_ws/install/realsense2_camera_msgs/lib'
[0.979s] Level 1:colcon.colcon_core.shell:create_environment_hook('realsense2_camera_msgs', 'ld_library_path_lib')
[0.979s] INFO:colcon.colcon_core.shell:Creating environment hook '/home/jun/ros2_ws/install/realsense2_camera_msgs/share/realsense2_camera_msgs/hook/ld_library_path_lib.ps1'
[0.979s] INFO:colcon.colcon_core.shell:Creating environment descriptor '/home/jun/ros2_ws/install/realsense2_camera_msgs/share/realsense2_camera_msgs/hook/ld_library_path_lib.dsv'
[0.979s] INFO:colcon.colcon_core.shell:Creating environment hook '/home/jun/ros2_ws/install/realsense2_camera_msgs/share/realsense2_camera_msgs/hook/ld_library_path_lib.sh'
[0.980s] Level 1:colcon.colcon_core.environment:checking '/home/jun/ros2_ws/install/realsense2_camera_msgs/bin'
[0.980s] Level 1:colcon.colcon_core.environment:checking '/home/jun/ros2_ws/install/realsense2_camera_msgs/lib/pkgconfig/realsense2_camera_msgs.pc'
[0.980s] Level 1:colcon.colcon_core.environment:checking '/home/jun/ros2_ws/install/realsense2_camera_msgs/lib/python3.8/site-packages'
[0.980s] Level 1:colcon.colcon_core.shell:create_environment_hook('realsense2_camera_msgs', 'pythonpath')
[0.980s] INFO:colcon.colcon_core.shell:Creating environment hook '/home/jun/ros2_ws/install/realsense2_camera_msgs/share/realsense2_camera_msgs/hook/pythonpath.ps1'
[0.981s] INFO:colcon.colcon_core.shell:Creating environment descriptor '/home/jun/ros2_ws/install/realsense2_camera_msgs/share/realsense2_camera_msgs/hook/pythonpath.dsv'
[0.981s] INFO:colcon.colcon_core.shell:Creating environment hook '/home/jun/ros2_ws/install/realsense2_camera_msgs/share/realsense2_camera_msgs/hook/pythonpath.sh'
[0.981s] Level 1:colcon.colcon_core.environment:checking '/home/jun/ros2_ws/install/realsense2_camera_msgs/bin'
[0.982s] INFO:colcon.colcon_core.shell:Creating package script '/home/jun/ros2_ws/install/realsense2_camera_msgs/share/realsense2_camera_msgs/package.ps1'
[0.982s] INFO:colcon.colcon_core.shell:Creating package descriptor '/home/jun/ros2_ws/install/realsense2_camera_msgs/share/realsense2_camera_msgs/package.dsv'
[0.983s] INFO:colcon.colcon_core.shell:Creating package script '/home/jun/ros2_ws/install/realsense2_camera_msgs/share/realsense2_camera_msgs/package.sh'
[0.983s] INFO:colcon.colcon_core.shell:Creating package script '/home/jun/ros2_ws/install/realsense2_camera_msgs/share/realsense2_camera_msgs/package.bash'
[0.983s] INFO:colcon.colcon_core.shell:Creating package script '/home/jun/ros2_ws/install/realsense2_camera_msgs/share/realsense2_camera_msgs/package.zsh'
[0.984s] Level 1:colcon.colcon_core.environment:create_file_with_runtime_dependencies(/home/jun/ros2_ws/install/realsense2_camera_msgs/share/colcon-core/packages/realsense2_camera_msgs)
[0.984s] INFO:colcon.colcon_ros.task.ament_cmake.build:Building ROS package in '/home/jun/ros2_ws/src/realsense-ros/realsense2_camera' with build type 'ament_cmake'
[0.984s] INFO:colcon.colcon_cmake.task.cmake.build:Building CMake package in '/home/jun/ros2_ws/src/realsense-ros/realsense2_camera'
[0.984s] INFO:colcon.colcon_core.shell:Skip shell extension 'powershell' for command environment: Not usable outside of PowerShell
[0.984s] DEBUG:colcon.colcon_core.shell:Skip shell extension 'dsv' for command environment
[0.990s] INFO:colcon.colcon_ros.task.ament_cmake.build:Building ROS package in '/home/jun/ros2_ws/src/realsense-ros/realsense2_description' with build type 'ament_cmake'
[0.990s] INFO:colcon.colcon_cmake.task.cmake.build:Building CMake package in '/home/jun/ros2_ws/src/realsense-ros/realsense2_description'
[0.991s] INFO:colcon.colcon_core.shell:Skip shell extension 'powershell' for command environment: Not usable outside of PowerShell
[0.991s] DEBUG:colcon.colcon_core.shell:Skip shell extension 'dsv' for command environment
[1.004s] DEBUG:colcon.colcon_core.event_handler.log_command:Invoking command in '/home/jun/ros2_ws/build/realsense2_camera': CMAKE_PREFIX_PATH=/home/jun/ros2_ws/install/realsense2_camera_msgs:/home/jun/ros2_ws/install/realsense2_description:/home/jun/ros2_ws/install/realsense2_camera:/home/jun/ros2_ws/install/motor_control:/opt/ros/foxy:/home/jun/ros2_ws/install/camera_viewer LD_LIBRARY_PATH=/home/jun/ros2_ws/install/realsense2_camera_msgs/lib:/home/jun/ros2_ws/install/realsense2_camera/lib:/opt/ros/foxy/opt/yaml_cpp_vendor/lib:/opt/ros/foxy/opt/rviz_ogre_vendor/lib:/opt/ros/foxy/lib/x86_64-linux-gnu:/opt/ros/foxy/lib /usr/bin/cmake --build /home/jun/ros2_ws/build/realsense2_camera -- -j6 -l6
[1.009s] DEBUG:colcon.colcon_core.event_handler.log_command:Invoking command in '/home/jun/ros2_ws/build/realsense2_description': CMAKE_PREFIX_PATH=/home/jun/ros2_ws/install/realsense2_camera_msgs:/home/jun/ros2_ws/install/realsense2_description:/home/jun/ros2_ws/install/realsense2_camera:/home/jun/ros2_ws/install/motor_control:/opt/ros/foxy:/home/jun/ros2_ws/install/camera_viewer LD_LIBRARY_PATH=/home/jun/ros2_ws/install/realsense2_camera_msgs/lib:/home/jun/ros2_ws/install/realsense2_camera/lib:/opt/ros/foxy/opt/yaml_cpp_vendor/lib:/opt/ros/foxy/opt/rviz_ogre_vendor/lib:/opt/ros/foxy/lib/x86_64-linux-gnu:/opt/ros/foxy/lib /usr/bin/cmake --build /home/jun/ros2_ws/build/realsense2_description -- -j6 -l6
[1.050s] DEBUG:colcon.colcon_core.event_handler.log_command:Invoked command in '/home/jun/ros2_ws/build/realsense2_description' returned '0': CMAKE_PREFIX_PATH=/home/jun/ros2_ws/install/realsense2_camera_msgs:/home/jun/ros2_ws/install/realsense2_description:/home/jun/ros2_ws/install/realsense2_camera:/home/jun/ros2_ws/install/motor_control:/opt/ros/foxy:/home/jun/ros2_ws/install/camera_viewer LD_LIBRARY_PATH=/home/jun/ros2_ws/install/realsense2_camera_msgs/lib:/home/jun/ros2_ws/install/realsense2_camera/lib:/opt/ros/foxy/opt/yaml_cpp_vendor/lib:/opt/ros/foxy/opt/rviz_ogre_vendor/lib:/opt/ros/foxy/lib/x86_64-linux-gnu:/opt/ros/foxy/lib /usr/bin/cmake --build /home/jun/ros2_ws/build/realsense2_description -- -j6 -l6
[1.060s] DEBUG:colcon.colcon_core.event_handler.log_command:Invoking command in '/home/jun/ros2_ws/src/motor_control': PYTHONPATH=/home/jun/ros2_ws/build/motor_control/prefix_override:/usr/lib/python3/dist-packages/colcon_core/task/python/colcon_distutils_commands:/home/jun/ros2_ws/install/motor_control/lib/python3.8/site-packages:${PYTHONPATH} /usr/bin/python3 -W ignore:setup.py install is deprecated setup.py egg_info --egg-base ../../build/motor_control build --build-base /home/jun/ros2_ws/build/motor_control/build install --record /home/jun/ros2_ws/build/motor_control/install.log --install-scripts $base/lib/motor_control --single-version-externally-managed install_data
[1.079s] DEBUG:colcon.colcon_core.event_handler.log_command:Invoking command in '/home/jun/ros2_ws/build/realsense2_description': CMAKE_PREFIX_PATH=/home/jun/ros2_ws/install/realsense2_camera_msgs:/home/jun/ros2_ws/install/realsense2_description:/home/jun/ros2_ws/install/realsense2_camera:/home/jun/ros2_ws/install/motor_control:/opt/ros/foxy:/home/jun/ros2_ws/install/camera_viewer LD_LIBRARY_PATH=/home/jun/ros2_ws/install/realsense2_camera_msgs/lib:/home/jun/ros2_ws/install/realsense2_camera/lib:/opt/ros/foxy/opt/yaml_cpp_vendor/lib:/opt/ros/foxy/opt/rviz_ogre_vendor/lib:/opt/ros/foxy/lib/x86_64-linux-gnu:/opt/ros/foxy/lib /usr/bin/cmake --install /home/jun/ros2_ws/build/realsense2_description
[1.091s] Level 1:colcon.colcon_core.environment:create_environment_scripts_only(realsense2_description)
[1.091s] Level 1:colcon.colcon_core.environment:checking '/home/jun/ros2_ws/install/realsense2_description' for CMake module files
[1.092s] Level 1:colcon.colcon_core.environment:checking '/home/jun/ros2_ws/install/realsense2_description' for CMake config files
[1.093s] Level 1:colcon.colcon_core.shell:create_environment_hook('realsense2_description', 'cmake_prefix_path')
[1.093s] INFO:colcon.colcon_core.shell:Creating environment hook '/home/jun/ros2_ws/install/realsense2_description/share/realsense2_description/hook/cmake_prefix_path.ps1'
[1.094s] INFO:colcon.colcon_core.shell:Creating environment descriptor '/home/jun/ros2_ws/install/realsense2_description/share/realsense2_description/hook/cmake_prefix_path.dsv'
[1.094s] DEBUG:colcon.colcon_core.event_handler.log_command:Invoked command in '/home/jun/ros2_ws/build/realsense2_description' returned '0': CMAKE_PREFIX_PATH=/home/jun/ros2_ws/install/realsense2_camera_msgs:/home/jun/ros2_ws/install/realsense2_description:/home/jun/ros2_ws/install/realsense2_camera:/home/jun/ros2_ws/install/motor_control:/opt/ros/foxy:/home/jun/ros2_ws/install/camera_viewer LD_LIBRARY_PATH=/home/jun/ros2_ws/install/realsense2_camera_msgs/lib:/home/jun/ros2_ws/install/realsense2_camera/lib:/opt/ros/foxy/opt/yaml_cpp_vendor/lib:/opt/ros/foxy/opt/rviz_ogre_vendor/lib:/opt/ros/foxy/lib/x86_64-linux-gnu:/opt/ros/foxy/lib /usr/bin/cmake --install /home/jun/ros2_ws/build/realsense2_description
[1.094s] INFO:colcon.colcon_core.shell:Creating environment hook '/home/jun/ros2_ws/install/realsense2_description/share/realsense2_description/hook/cmake_prefix_path.sh'
[1.095s] Level 1:colcon.colcon_core.environment:checking '/home/jun/ros2_ws/install/realsense2_description/bin'
[1.095s] Level 1:colcon.colcon_core.environment:checking '/home/jun/ros2_ws/install/realsense2_description/lib/pkgconfig/realsense2_description.pc'
[1.095s] Level 1:colcon.colcon_core.environment:checking '/home/jun/ros2_ws/install/realsense2_description/lib/python3.8/site-packages'
[1.095s] Level 1:colcon.colcon_core.environment:checking '/home/jun/ros2_ws/install/realsense2_description/bin'
[1.096s] INFO:colcon.colcon_core.shell:Creating package script '/home/jun/ros2_ws/install/realsense2_description/share/realsense2_description/package.ps1'
[1.096s] INFO:colcon.colcon_core.shell:Creating package descriptor '/home/jun/ros2_ws/install/realsense2_description/share/realsense2_description/package.dsv'
[1.096s] INFO:colcon.colcon_core.shell:Creating package script '/home/jun/ros2_ws/install/realsense2_description/share/realsense2_description/package.sh'
[1.097s] INFO:colcon.colcon_core.shell:Creating package script '/home/jun/ros2_ws/install/realsense2_description/share/realsense2_description/package.bash'
[1.097s] INFO:colcon.colcon_core.shell:Creating package script '/home/jun/ros2_ws/install/realsense2_description/share/realsense2_description/package.zsh'
[1.097s] Level 1:colcon.colcon_core.environment:create_file_with_runtime_dependencies(/home/jun/ros2_ws/install/realsense2_description/share/colcon-core/packages/realsense2_description)
[1.118s] DEBUG:colcon.colcon_core.event_handler.log_command:Invoked command in '/home/jun/ros2_ws/build/realsense2_camera' returned '0': CMAKE_PREFIX_PATH=/home/jun/ros2_ws/install/realsense2_camera_msgs:/home/jun/ros2_ws/install/realsense2_description:/home/jun/ros2_ws/install/realsense2_camera:/home/jun/ros2_ws/install/motor_control:/opt/ros/foxy:/home/jun/ros2_ws/install/camera_viewer LD_LIBRARY_PATH=/home/jun/ros2_ws/install/realsense2_camera_msgs/lib:/home/jun/ros2_ws/install/realsense2_camera/lib:/opt/ros/foxy/opt/yaml_cpp_vendor/lib:/opt/ros/foxy/opt/rviz_ogre_vendor/lib:/opt/ros/foxy/lib/x86_64-linux-gnu:/opt/ros/foxy/lib /usr/bin/cmake --build /home/jun/ros2_ws/build/realsense2_camera -- -j6 -l6
[1.121s] Level 1:colcon.colcon_core.environment:create_environment_scripts_only(realsense2_description)
[1.122s] Level 1:colcon.colcon_core.environment:checking '/home/jun/ros2_ws/install/realsense2_description' for CMake module files
[1.122s] Level 1:colcon.colcon_core.environment:checking '/home/jun/ros2_ws/install/realsense2_description' for CMake config files
[1.122s] Level 1:colcon.colcon_core.shell:create_environment_hook('realsense2_description', 'cmake_prefix_path')
[1.122s] INFO:colcon.colcon_core.shell:Creating environment hook '/home/jun/ros2_ws/install/realsense2_description/share/realsense2_description/hook/cmake_prefix_path.ps1'
[1.123s] INFO:colcon.colcon_core.shell:Creating environment descriptor '/home/jun/ros2_ws/install/realsense2_description/share/realsense2_description/hook/cmake_prefix_path.dsv'
[1.123s] INFO:colcon.colcon_core.shell:Creating environment hook '/home/jun/ros2_ws/install/realsense2_description/share/realsense2_description/hook/cmake_prefix_path.sh'
[1.124s] Level 1:colcon.colcon_core.environment:checking '/home/jun/ros2_ws/install/realsense2_description/bin'
[1.124s] Level 1:colcon.colcon_core.environment:checking '/home/jun/ros2_ws/install/realsense2_description/lib/pkgconfig/realsense2_description.pc'
[1.124s] Level 1:colcon.colcon_core.environment:checking '/home/jun/ros2_ws/install/realsense2_description/lib/python3.8/site-packages'
[1.124s] Level 1:colcon.colcon_core.environment:checking '/home/jun/ros2_ws/install/realsense2_description/bin'
[1.125s] INFO:colcon.colcon_core.shell:Creating package script '/home/jun/ros2_ws/install/realsense2_description/share/realsense2_description/package.ps1'
[1.125s] INFO:colcon.colcon_core.shell:Creating package descriptor '/home/jun/ros2_ws/install/realsense2_description/share/realsense2_description/package.dsv'
[1.125s] INFO:colcon.colcon_core.shell:Creating package script '/home/jun/ros2_ws/install/realsense2_description/share/realsense2_description/package.sh'
[1.126s] INFO:colcon.colcon_core.shell:Creating package script '/home/jun/ros2_ws/install/realsense2_description/share/realsense2_description/package.bash'
[1.126s] INFO:colcon.colcon_core.shell:Creating package script '/home/jun/ros2_ws/install/realsense2_description/share/realsense2_description/package.zsh'
[1.126s] Level 1:colcon.colcon_core.environment:create_file_with_runtime_dependencies(/home/jun/ros2_ws/install/realsense2_description/share/colcon-core/packages/realsense2_description)
[1.171s] DEBUG:colcon.colcon_core.event_handler.log_command:Invoking command in '/home/jun/ros2_ws/build/realsense2_camera': CMAKE_PREFIX_PATH=/home/jun/ros2_ws/install/realsense2_camera_msgs:/home/jun/ros2_ws/install/realsense2_description:/home/jun/ros2_ws/install/realsense2_camera:/home/jun/ros2_ws/install/motor_control:/opt/ros/foxy:/home/jun/ros2_ws/install/camera_viewer LD_LIBRARY_PATH=/home/jun/ros2_ws/install/realsense2_camera_msgs/lib:/home/jun/ros2_ws/install/realsense2_camera/lib:/opt/ros/foxy/opt/yaml_cpp_vendor/lib:/opt/ros/foxy/opt/rviz_ogre_vendor/lib:/opt/ros/foxy/lib/x86_64-linux-gnu:/opt/ros/foxy/lib /usr/bin/cmake --install /home/jun/ros2_ws/build/realsense2_camera
[1.183s] Level 1:colcon.colcon_core.environment:create_environment_scripts_only(realsense2_camera)
[1.184s] Level 1:colcon.colcon_core.environment:checking '/home/jun/ros2_ws/install/realsense2_camera' for CMake module files
[1.185s] Level 1:colcon.colcon_core.environment:checking '/home/jun/ros2_ws/install/realsense2_camera' for CMake config files
[1.187s] Level 1:colcon.colcon_core.shell:create_environment_hook('realsense2_camera', 'cmake_prefix_path')
[1.187s] INFO:colcon.colcon_core.shell:Creating environment hook '/home/jun/ros2_ws/install/realsense2_camera/share/realsense2_camera/hook/cmake_prefix_path.ps1'
[1.187s] DEBUG:colcon.colcon_core.event_handler.log_command:Invoked command in '/home/jun/ros2_ws/build/realsense2_camera' returned '0': CMAKE_PREFIX_PATH=/home/jun/ros2_ws/install/realsense2_camera_msgs:/home/jun/ros2_ws/install/realsense2_description:/home/jun/ros2_ws/install/realsense2_camera:/home/jun/ros2_ws/install/motor_control:/opt/ros/foxy:/home/jun/ros2_ws/install/camera_viewer LD_LIBRARY_PATH=/home/jun/ros2_ws/install/realsense2_camera_msgs/lib:/home/jun/ros2_ws/install/realsense2_camera/lib:/opt/ros/foxy/opt/yaml_cpp_vendor/lib:/opt/ros/foxy/opt/rviz_ogre_vendor/lib:/opt/ros/foxy/lib/x86_64-linux-gnu:/opt/ros/foxy/lib /usr/bin/cmake --install /home/jun/ros2_ws/build/realsense2_camera
[1.188s] INFO:colcon.colcon_core.shell:Creating environment descriptor '/home/jun/ros2_ws/install/realsense2_camera/share/realsense2_camera/hook/cmake_prefix_path.dsv'
[1.188s] INFO:colcon.colcon_core.shell:Creating environment hook '/home/jun/ros2_ws/install/realsense2_camera/share/realsense2_camera/hook/cmake_prefix_path.sh'
[1.189s] Level 1:colcon.colcon_core.environment:checking '/home/jun/ros2_ws/install/realsense2_camera/lib'
[1.189s] Level 1:colcon.colcon_core.shell:create_environment_hook('realsense2_camera', 'ld_library_path_lib')
[1.189s] INFO:colcon.colcon_core.shell:Creating environment hook '/home/jun/ros2_ws/install/realsense2_camera/share/realsense2_camera/hook/ld_library_path_lib.ps1'
[1.189s] INFO:colcon.colcon_core.shell:Creating environment descriptor '/home/jun/ros2_ws/install/realsense2_camera/share/realsense2_camera/hook/ld_library_path_lib.dsv'
[1.189s] INFO:colcon.colcon_core.shell:Creating environment hook '/home/jun/ros2_ws/install/realsense2_camera/share/realsense2_camera/hook/ld_library_path_lib.sh'
[1.190s] Level 1:colcon.colcon_core.environment:checking '/home/jun/ros2_ws/install/realsense2_camera/bin'
[1.190s] Level 1:colcon.colcon_core.environment:checking '/home/jun/ros2_ws/install/realsense2_camera/lib/pkgconfig/realsense2_camera.pc'
[1.190s] Level 1:colcon.colcon_core.environment:checking '/home/jun/ros2_ws/install/realsense2_camera/lib/python3.8/site-packages'
[1.190s] Level 1:colcon.colcon_core.environment:checking '/home/jun/ros2_ws/install/realsense2_camera/bin'
[1.191s] INFO:colcon.colcon_core.shell:Creating package script '/home/jun/ros2_ws/install/realsense2_camera/share/realsense2_camera/package.ps1'
[1.191s] INFO:colcon.colcon_core.shell:Creating package descriptor '/home/jun/ros2_ws/install/realsense2_camera/share/realsense2_camera/package.dsv'
[1.191s] INFO:colcon.colcon_core.shell:Creating package script '/home/jun/ros2_ws/install/realsense2_camera/share/realsense2_camera/package.sh'
[1.192s] INFO:colcon.colcon_core.shell:Creating package script '/home/jun/ros2_ws/install/realsense2_camera/share/realsense2_camera/package.bash'
[1.192s] INFO:colcon.colcon_core.shell:Creating package script '/home/jun/ros2_ws/install/realsense2_camera/share/realsense2_camera/package.zsh'
[1.192s] Level 1:colcon.colcon_core.environment:create_file_with_runtime_dependencies(/home/jun/ros2_ws/install/realsense2_camera/share/colcon-core/packages/realsense2_camera)
[1.252s] Level 1:colcon.colcon_core.environment:create_environment_scripts_only(realsense2_camera)
[1.252s] Level 1:colcon.colcon_core.environment:checking '/home/jun/ros2_ws/install/realsense2_camera' for CMake module files
[1.253s] Level 1:colcon.colcon_core.environment:checking '/home/jun/ros2_ws/install/realsense2_camera' for CMake config files
[1.253s] Level 1:colcon.colcon_core.shell:create_environment_hook('realsense2_camera', 'cmake_prefix_path')
[1.253s] INFO:colcon.colcon_core.shell:Creating environment hook '/home/jun/ros2_ws/install/realsense2_camera/share/realsense2_camera/hook/cmake_prefix_path.ps1'
[1.254s] INFO:colcon.colcon_core.shell:Creating environment descriptor '/home/jun/ros2_ws/install/realsense2_camera/share/realsense2_camera/hook/cmake_prefix_path.dsv'
[1.254s] INFO:colcon.colcon_core.shell:Creating environment hook '/home/jun/ros2_ws/install/realsense2_camera/share/realsense2_camera/hook/cmake_prefix_path.sh'
[1.254s] Level 1:colcon.colcon_core.environment:checking '/home/jun/ros2_ws/install/realsense2_camera/lib'
[1.254s] Level 1:colcon.colcon_core.shell:create_environment_hook('realsense2_camera', 'ld_library_path_lib')
[1.255s] INFO:colcon.colcon_core.shell:Creating environment hook '/home/jun/ros2_ws/install/realsense2_camera/share/realsense2_camera/hook/ld_library_path_lib.ps1'
[1.255s] INFO:colcon.colcon_core.shell:Creating environment descriptor '/home/jun/ros2_ws/install/realsense2_camera/share/realsense2_camera/hook/ld_library_path_lib.dsv'
[1.255s] INFO:colcon.colcon_core.shell:Creating environment hook '/home/jun/ros2_ws/install/realsense2_camera/share/realsense2_camera/hook/ld_library_path_lib.sh'
[1.256s] Level 1:colcon.colcon_core.environment:checking '/home/jun/ros2_ws/install/realsense2_camera/bin'
[1.256s] Level 1:colcon.colcon_core.environment:checking '/home/jun/ros2_ws/install/realsense2_camera/lib/pkgconfig/realsense2_camera.pc'
[1.256s] Level 1:colcon.colcon_core.environment:checking '/home/jun/ros2_ws/install/realsense2_camera/lib/python3.8/site-packages'
[1.256s] Level 1:colcon.colcon_core.environment:checking '/home/jun/ros2_ws/install/realsense2_camera/bin'
[1.256s] INFO:colcon.colcon_core.shell:Creating package script '/home/jun/ros2_ws/install/realsense2_camera/share/realsense2_camera/package.ps1'
[1.257s] INFO:colcon.colcon_core.shell:Creating package descriptor '/home/jun/ros2_ws/install/realsense2_camera/share/realsense2_camera/package.dsv'
[1.257s] INFO:colcon.colcon_core.shell:Creating package script '/home/jun/ros2_ws/install/realsense2_camera/share/realsense2_camera/package.sh'
[1.257s] INFO:colcon.colcon_core.shell:Creating package script '/home/jun/ros2_ws/install/realsense2_camera/share/realsense2_camera/package.bash'
[1.258s] INFO:colcon.colcon_core.shell:Creating package script '/home/jun/ros2_ws/install/realsense2_camera/share/realsense2_camera/package.zsh'
[1.258s] Level 1:colcon.colcon_core.environment:create_file_with_runtime_dependencies(/home/jun/ros2_ws/install/realsense2_camera/share/colcon-core/packages/realsense2_camera)
[1.333s] Level 1:colcon.colcon_core.environment:checking '/home/jun/ros2_ws/install/motor_control' for CMake module files
[1.334s] DEBUG:colcon.colcon_core.event_handler.log_command:Invoked command in '/home/jun/ros2_ws/src/motor_control' returned '0': PYTHONPATH=/home/jun/ros2_ws/build/motor_control/prefix_override:/usr/lib/python3/dist-packages/colcon_core/task/python/colcon_distutils_commands:/home/jun/ros2_ws/install/motor_control/lib/python3.8/site-packages:${PYTHONPATH} /usr/bin/python3 -W ignore:setup.py install is deprecated setup.py egg_info --egg-base ../../build/motor_control build --build-base /home/jun/ros2_ws/build/motor_control/build install --record /home/jun/ros2_ws/build/motor_control/install.log --install-scripts $base/lib/motor_control --single-version-externally-managed install_data
[1.334s] Level 1:colcon.colcon_core.environment:checking '/home/jun/ros2_ws/install/motor_control' for CMake config files
[1.335s] Level 1:colcon.colcon_core.environment:checking '/home/jun/ros2_ws/install/motor_control/lib'
[1.335s] Level 1:colcon.colcon_core.environment:checking '/home/jun/ros2_ws/install/motor_control/bin'
[1.335s] Level 1:colcon.colcon_core.environment:checking '/home/jun/ros2_ws/install/motor_control/lib/pkgconfig/motor_control.pc'
[1.335s] Level 1:colcon.colcon_core.environment:checking '/home/jun/ros2_ws/install/motor_control/lib/python3.8/site-packages'
[1.335s] Level 1:colcon.colcon_core.shell:create_environment_hook('motor_control', 'pythonpath')
[1.335s] INFO:colcon.colcon_core.shell:Creating environment hook '/home/jun/ros2_ws/install/motor_control/share/motor_control/hook/pythonpath.ps1'
[1.336s] INFO:colcon.colcon_core.shell:Creating environment descriptor '/home/jun/ros2_ws/install/motor_control/share/motor_control/hook/pythonpath.dsv'
[1.336s] INFO:colcon.colcon_core.shell:Creating environment hook '/home/jun/ros2_ws/install/motor_control/share/motor_control/hook/pythonpath.sh'
[1.336s] Level 1:colcon.colcon_core.environment:checking '/home/jun/ros2_ws/install/motor_control/bin'
[1.336s] Level 1:colcon.colcon_core.environment:create_environment_scripts_only(motor_control)
[1.337s] INFO:colcon.colcon_core.shell:Creating package script '/home/jun/ros2_ws/install/motor_control/share/motor_control/package.ps1'
[1.337s] INFO:colcon.colcon_core.shell:Creating package descriptor '/home/jun/ros2_ws/install/motor_control/share/motor_control/package.dsv'
[1.337s] INFO:colcon.colcon_core.shell:Creating package script '/home/jun/ros2_ws/install/motor_control/share/motor_control/package.sh'
[1.338s] INFO:colcon.colcon_core.shell:Creating package script '/home/jun/ros2_ws/install/motor_control/share/motor_control/package.bash'
[1.338s] INFO:colcon.colcon_core.shell:Creating package script '/home/jun/ros2_ws/install/motor_control/share/motor_control/package.zsh'
[1.338s] Level 1:colcon.colcon_core.environment:create_file_with_runtime_dependencies(/home/jun/ros2_ws/install/motor_control/share/colcon-core/packages/motor_control)
[1.339s] DEBUG:colcon.colcon_parallel_executor.executor.parallel:closing loop
[1.339s] DEBUG:colcon.colcon_parallel_executor.executor.parallel:loop closed
[1.339s] DEBUG:colcon.colcon_parallel_executor.executor.parallel:run_until_complete finished with '0'
[1.339s] DEBUG:colcon.colcon_core.event_reactor:joining thread
[1.344s] INFO:colcon.colcon_core.plugin_system:Skipping extension 'colcon_notification.desktop_notification.terminal_notifier': Not used on non-Darwin systems
[1.344s] INFO:colcon.colcon_core.plugin_system:Skipping extension 'colcon_notification.desktop_notification.win32': Not used on non-Windows systems
[1.344s] INFO:colcon.colcon_notification.desktop_notification:Sending desktop notification using 'notify2'
[1.357s] DEBUG:colcon.colcon_core.event_reactor:joined thread
[1.358s] INFO:colcon.colcon_core.shell:Creating prefix script '/home/jun/ros2_ws/install/local_setup.ps1'
[1.359s] INFO:colcon.colcon_core.shell:Creating prefix util module '/home/jun/ros2_ws/install/_local_setup_util_ps1.py'
[1.360s] INFO:colcon.colcon_core.shell:Creating prefix chain script '/home/jun/ros2_ws/install/setup.ps1'
[1.361s] INFO:colcon.colcon_core.shell:Creating prefix script '/home/jun/ros2_ws/install/local_setup.sh'
[1.361s] INFO:colcon.colcon_core.shell:Creating prefix util module '/home/jun/ros2_ws/install/_local_setup_util_sh.py'
[1.361s] INFO:colcon.colcon_core.shell:Creating prefix chain script '/home/jun/ros2_ws/install/setup.sh'
[1.362s] INFO:colcon.colcon_core.shell:Creating prefix script '/home/jun/ros2_ws/install/local_setup.bash'
[1.363s] INFO:colcon.colcon_core.shell:Creating prefix chain script '/home/jun/ros2_ws/install/setup.bash'
[1.364s] INFO:colcon.colcon_core.shell:Creating prefix script '/home/jun/ros2_ws/install/local_setup.zsh'
[1.364s] INFO:colcon.colcon_core.shell:Creating prefix chain script '/home/jun/ros2_ws/install/setup.zsh'
