[0.550s] Invoking command in '/home/jun/ros2_ws/src/motor_control': PYTHONPATH=/home/jun/ros2_ws/build/motor_control/prefix_override:/usr/lib/python3/dist-packages/colcon_core/task/python/colcon_distutils_commands:/home/jun/ros2_ws/install/motor_control/lib/python3.8/site-packages:${PYTHONPATH} /usr/bin/python3 -W ignore:setup.py install is deprecated setup.py egg_info --egg-base ../../build/motor_control build --build-base /home/jun/ros2_ws/build/motor_control/build install --record /home/jun/ros2_ws/build/motor_control/install.log --install-scripts $base/lib/motor_control --single-version-externally-managed install_data
[0.741s] running egg_info
[0.741s] writing ../../build/motor_control/motor_control.egg-info/PKG-INFO
[0.742s] writing dependency_links to ../../build/motor_control/motor_control.egg-info/dependency_links.txt
[0.742s] writing entry points to ../../build/motor_control/motor_control.egg-info/entry_points.txt
[0.742s] writing requirements to ../../build/motor_control/motor_control.egg-info/requires.txt
[0.742s] writing top-level names to ../../build/motor_control/motor_control.egg-info/top_level.txt
[0.772s] reading manifest file '../../build/motor_control/motor_control.egg-info/SOURCES.txt'
[0.772s] writing manifest file '../../build/motor_control/motor_control.egg-info/SOURCES.txt'
[0.773s] running build
[0.773s] running build_py
[0.773s] copying motor_control/realsense_camera_node.py -> /home/jun/ros2_ws/build/motor_control/build/lib/motor_control
[0.773s] running install
[0.774s] running install_lib
[0.775s] copying /home/jun/ros2_ws/build/motor_control/build/lib/motor_control/realsense_camera_node.py -> /home/jun/ros2_ws/install/motor_control/lib/python3.8/site-packages/motor_control
[0.775s] byte-compiling /home/jun/ros2_ws/install/motor_control/lib/python3.8/site-packages/motor_control/realsense_camera_node.py to realsense_camera_node.cpython-38.pyc
[0.777s]   File "/home/jun/ros2_ws/install/motor_control/lib/python3.8/site-packages/motor_control/realsense_camera_node.py", line 51
[0.777s]     cv2.wait
[0.777s]            ^
[0.777s] SyntaxError: unexpected EOF while parsing
[0.777s] 
[0.777s] running install_data
[0.777s] running install_egg_info
[0.778s] removing '/home/jun/ros2_ws/install/motor_control/lib/python3.8/site-packages/motor_control-0.0.0-py3.8.egg-info' (and everything under it)
[0.778s] Copying ../../build/motor_control/motor_control.egg-info to /home/jun/ros2_ws/install/motor_control/lib/python3.8/site-packages/motor_control-0.0.0-py3.8.egg-info
[0.779s] running install_scripts
[0.793s] Installing angle_controller1 script to /home/jun/ros2_ws/install/motor_control/lib/motor_control
[0.793s] Installing angle_controller2 script to /home/jun/ros2_ws/install/motor_control/lib/motor_control
[0.794s] Installing controller1 script to /home/jun/ros2_ws/install/motor_control/lib/motor_control
[0.794s] Installing controller2 script to /home/jun/ros2_ws/install/motor_control/lib/motor_control
[0.794s] Installing joystick script to /home/jun/ros2_ws/install/motor_control/lib/motor_control
[0.794s] Installing monitor_motor script to /home/jun/ros2_ws/install/motor_control/lib/motor_control
[0.794s] Installing realsense_camera_node script to /home/jun/ros2_ws/install/motor_control/lib/motor_control
[0.794s] Installing serial_bridge script to /home/jun/ros2_ws/install/motor_control/lib/motor_control
[0.794s] Installing tankturn script to /home/jun/ros2_ws/install/motor_control/lib/motor_control
[0.794s] writing list of installed files to '/home/jun/ros2_ws/build/motor_control/install.log'
[0.811s] Invoked command in '/home/jun/ros2_ws/src/motor_control' returned '0': PYTHONPATH=/home/jun/ros2_ws/build/motor_control/prefix_override:/usr/lib/python3/dist-packages/colcon_core/task/python/colcon_distutils_commands:/home/jun/ros2_ws/install/motor_control/lib/python3.8/site-packages:${PYTHONPATH} /usr/bin/python3 -W ignore:setup.py install is deprecated setup.py egg_info --egg-base ../../build/motor_control build --build-base /home/jun/ros2_ws/build/motor_control/build install --record /home/jun/ros2_ws/build/motor_control/install.log --install-scripts $base/lib/motor_control --single-version-externally-managed install_data
