[0.554s] Invoking command in '/home/jun/ros2_ws/src/motor_control': PYTHONPATH=/home/jun/ros2_ws/build/motor_control/prefix_override:/usr/lib/python3/dist-packages/colcon_core/task/python/colcon_distutils_commands:/home/jun/ros2_ws/install/motor_control/lib/python3.8/site-packages:${PYTHONPATH} /usr/bin/python3 -W ignore:setup.py install is deprecated setup.py egg_info --egg-base ../../build/motor_control build --build-base /home/jun/ros2_ws/build/motor_control/build install --record /home/jun/ros2_ws/build/motor_control/install.log --install-scripts $base/lib/motor_control --single-version-externally-managed install_data
[0.743s] running egg_info
[0.743s] writing ../../build/motor_control/motor_control.egg-info/PKG-INFO
[0.744s] writing dependency_links to ../../build/motor_control/motor_control.egg-info/dependency_links.txt
[0.744s] writing entry points to ../../build/motor_control/motor_control.egg-info/entry_points.txt
[0.744s] writing requirements to ../../build/motor_control/motor_control.egg-info/requires.txt
[0.744s] writing top-level names to ../../build/motor_control/motor_control.egg-info/top_level.txt
[0.773s] reading manifest file '../../build/motor_control/motor_control.egg-info/SOURCES.txt'
[0.774s] writing manifest file '../../build/motor_control/motor_control.egg-info/SOURCES.txt'
[0.774s] running build
[0.774s] running build_py
[0.774s] copying motor_control/realsense_camera_node.py -> /home/jun/ros2_ws/build/motor_control/build/lib/motor_control
[0.775s] running install
[0.775s] running install_lib
[0.776s] copying /home/jun/ros2_ws/build/motor_control/build/lib/motor_control/realsense_camera_node.py -> /home/jun/ros2_ws/install/motor_control/lib/python3.8/site-packages/motor_control
[0.777s] byte-compiling /home/jun/ros2_ws/install/motor_control/lib/python3.8/site-packages/motor_control/realsense_camera_node.py to realsense_camera_node.cpython-38.pyc
[0.779s] running install_data
[0.779s] running install_egg_info
[0.780s] removing '/home/jun/ros2_ws/install/motor_control/lib/python3.8/site-packages/motor_control-0.0.0-py3.8.egg-info' (and everything under it)
[0.780s] Copying ../../build/motor_control/motor_control.egg-info to /home/jun/ros2_ws/install/motor_control/lib/python3.8/site-packages/motor_control-0.0.0-py3.8.egg-info
[0.781s] running install_scripts
[0.795s] Installing actuator_control script to /home/jun/ros2_ws/install/motor_control/lib/motor_control
[0.796s] Installing controller1 script to /home/jun/ros2_ws/install/motor_control/lib/motor_control
[0.796s] Installing controller2 script to /home/jun/ros2_ws/install/motor_control/lib/motor_control
[0.796s] Installing joystick script to /home/jun/ros2_ws/install/motor_control/lib/motor_control
[0.796s] Installing monitor_motor script to /home/jun/ros2_ws/install/motor_control/lib/motor_control
[0.796s] Installing realsense_camera_node script to /home/jun/ros2_ws/install/motor_control/lib/motor_control
[0.796s] Installing serial_bridge script to /home/jun/ros2_ws/install/motor_control/lib/motor_control
[0.796s] Installing tankturn script to /home/jun/ros2_ws/install/motor_control/lib/motor_control
[0.796s] writing list of installed files to '/home/jun/ros2_ws/build/motor_control/install.log'
[0.813s] Invoked command in '/home/jun/ros2_ws/src/motor_control' returned '0': PYTHONPATH=/home/jun/ros2_ws/build/motor_control/prefix_override:/usr/lib/python3/dist-packages/colcon_core/task/python/colcon_distutils_commands:/home/jun/ros2_ws/install/motor_control/lib/python3.8/site-packages:${PYTHONPATH} /usr/bin/python3 -W ignore:setup.py install is deprecated setup.py egg_info --egg-base ../../build/motor_control build --build-base /home/jun/ros2_ws/build/motor_control/build install --record /home/jun/ros2_ws/build/motor_control/install.log --install-scripts $base/lib/motor_control --single-version-externally-managed install_data
