[0.606s] Invoking command in '/home/jun/ros2_ws/src/motor_control': PYTHONPATH=/home/jun/ros2_ws/build/motor_control/prefix_override:/usr/lib/python3/dist-packages/colcon_core/task/python/colcon_distutils_commands:/home/jun/ros2_ws/install/motor_control/lib/python3.8/site-packages:${PYTHONPATH} /usr/bin/python3 -W ignore:setup.py install is deprecated setup.py egg_info --egg-base ../../build/motor_control build --build-base /home/jun/ros2_ws/build/motor_control/build install --record /home/jun/ros2_ws/build/motor_control/install.log --install-scripts $base/lib/motor_control --single-version-externally-managed install_data
[0.792s] running egg_info
[0.792s] writing ../../build/motor_control/motor_control.egg-info/PKG-INFO
[0.792s] writing dependency_links to ../../build/motor_control/motor_control.egg-info/dependency_links.txt
[0.793s] writing entry points to ../../build/motor_control/motor_control.egg-info/entry_points.txt
[0.793s] writing requirements to ../../build/motor_control/motor_control.egg-info/requires.txt
[0.793s] writing top-level names to ../../build/motor_control/motor_control.egg-info/top_level.txt
[0.824s] reading manifest file '../../build/motor_control/motor_control.egg-info/SOURCES.txt'
[0.825s] writing manifest file '../../build/motor_control/motor_control.egg-info/SOURCES.txt'
[0.825s] running build
[0.825s] running build_py
[0.825s] copying motor_control/realsense_camera_node.py -> /home/jun/ros2_ws/build/motor_control/build/lib/motor_control
[0.826s] running install
[0.826s] running install_lib
[0.827s] copying /home/jun/ros2_ws/build/motor_control/build/lib/motor_control/realsense_camera_node.py -> /home/jun/ros2_ws/install/motor_control/lib/python3.8/site-packages/motor_control
[0.828s] byte-compiling /home/jun/ros2_ws/install/motor_control/lib/python3.8/site-packages/motor_control/realsense_camera_node.py to realsense_camera_node.cpython-38.pyc
[0.830s] running install_data
[0.830s] running install_egg_info
[0.831s] removing '/home/jun/ros2_ws/install/motor_control/lib/python3.8/site-packages/motor_control-0.0.0-py3.8.egg-info' (and everything under it)
[0.831s] Copying ../../build/motor_control/motor_control.egg-info to /home/jun/ros2_ws/install/motor_control/lib/python3.8/site-packages/motor_control-0.0.0-py3.8.egg-info
[0.833s] running install_scripts
[0.847s] Installing angle_controller1 script to /home/jun/ros2_ws/install/motor_control/lib/motor_control
[0.847s] Installing angle_controller2 script to /home/jun/ros2_ws/install/motor_control/lib/motor_control
[0.847s] Installing controller1 script to /home/jun/ros2_ws/install/motor_control/lib/motor_control
[0.847s] Installing controller2 script to /home/jun/ros2_ws/install/motor_control/lib/motor_control
[0.847s] Installing joystick script to /home/jun/ros2_ws/install/motor_control/lib/motor_control
[0.848s] Installing monitor_motor script to /home/jun/ros2_ws/install/motor_control/lib/motor_control
[0.848s] Installing realsense_camera_node script to /home/jun/ros2_ws/install/motor_control/lib/motor_control
[0.848s] Installing serial_bridge script to /home/jun/ros2_ws/install/motor_control/lib/motor_control
[0.848s] Installing tankturn script to /home/jun/ros2_ws/install/motor_control/lib/motor_control
[0.848s] writing list of installed files to '/home/jun/ros2_ws/build/motor_control/install.log'
[0.864s] Invoked command in '/home/jun/ros2_ws/src/motor_control' returned '0': PYTHONPATH=/home/jun/ros2_ws/build/motor_control/prefix_override:/usr/lib/python3/dist-packages/colcon_core/task/python/colcon_distutils_commands:/home/jun/ros2_ws/install/motor_control/lib/python3.8/site-packages:${PYTHONPATH} /usr/bin/python3 -W ignore:setup.py install is deprecated setup.py egg_info --egg-base ../../build/motor_control build --build-base /home/jun/ros2_ws/build/motor_control/build install --record /home/jun/ros2_ws/build/motor_control/install.log --install-scripts $base/lib/motor_control --single-version-externally-managed install_data
