/home/jun/ros2_ws/install/motor_control/lib/python3.8/site-packages/motor_control/joystick.py
/home/jun/ros2_ws/install/motor_control/lib/python3.8/site-packages/motor_control/tankturn.py
/home/jun/ros2_ws/install/motor_control/lib/python3.8/site-packages/motor_control/monitor_motor.py
/home/jun/ros2_ws/install/motor_control/lib/python3.8/site-packages/motor_control/controller2.py
/home/jun/ros2_ws/install/motor_control/lib/python3.8/site-packages/motor_control/realsense_camera_node.py
/home/jun/ros2_ws/install/motor_control/lib/python3.8/site-packages/motor_control/serial_bridge.py
/home/jun/ros2_ws/install/motor_control/lib/python3.8/site-packages/motor_control/joystick (copy).py
/home/jun/ros2_ws/install/motor_control/lib/python3.8/site-packages/motor_control/actuator_control.py
/home/jun/ros2_ws/install/motor_control/lib/python3.8/site-packages/motor_control/__init__.py
/home/jun/ros2_ws/install/motor_control/lib/python3.8/site-packages/motor_control/controller1.py
/home/jun/ros2_ws/install/motor_control/lib/python3.8/site-packages/motor_control/controller1_saving.py
/home/jun/ros2_ws/install/motor_control/lib/python3.8/site-packages/motor_control/joystick_speed_control.py
/home/jun/ros2_ws/install/motor_control/lib/python3.8/site-packages/motor_control/controller2 (copy).py
/home/jun/ros2_ws/install/motor_control/lib/python3.8/site-packages/motor_control/realsense_camera.py
/home/jun/ros2_ws/install/motor_control/lib/python3.8/site-packages/motor_control/controller1_integration.py
/home/jun/ros2_ws/install/motor_control/lib/python3.8/site-packages/motor_control/__pycache__/joystick.cpython-38.pyc
/home/jun/ros2_ws/install/motor_control/lib/python3.8/site-packages/motor_control/__pycache__/tankturn.cpython-38.pyc
/home/jun/ros2_ws/install/motor_control/lib/python3.8/site-packages/motor_control/__pycache__/monitor_motor.cpython-38.pyc
/home/jun/ros2_ws/install/motor_control/lib/python3.8/site-packages/motor_control/__pycache__/controller2.cpython-38.pyc
/home/jun/ros2_ws/install/motor_control/lib/python3.8/site-packages/motor_control/__pycache__/realsense_camera_node.cpython-38.pyc
/home/jun/ros2_ws/install/motor_control/lib/python3.8/site-packages/motor_control/__pycache__/serial_bridge.cpython-38.pyc
/home/jun/ros2_ws/install/motor_control/lib/python3.8/site-packages/motor_control/__pycache__/joystick (copy).cpython-38.pyc
/home/jun/ros2_ws/install/motor_control/lib/python3.8/site-packages/motor_control/__pycache__/actuator_control.cpython-38.pyc
/home/jun/ros2_ws/install/motor_control/lib/python3.8/site-packages/motor_control/__pycache__/__init__.cpython-38.pyc
/home/jun/ros2_ws/install/motor_control/lib/python3.8/site-packages/motor_control/__pycache__/controller1.cpython-38.pyc
/home/jun/ros2_ws/install/motor_control/lib/python3.8/site-packages/motor_control/__pycache__/controller1_saving.cpython-38.pyc
/home/jun/ros2_ws/install/motor_control/lib/python3.8/site-packages/motor_control/__pycache__/joystick_speed_control.cpython-38.pyc
/home/jun/ros2_ws/install/motor_control/lib/python3.8/site-packages/motor_control/__pycache__/controller2 (copy).cpython-38.pyc
/home/jun/ros2_ws/install/motor_control/lib/python3.8/site-packages/motor_control/__pycache__/realsense_camera.cpython-38.pyc
/home/jun/ros2_ws/install/motor_control/lib/python3.8/site-packages/motor_control/__pycache__/controller1_integration.cpython-38.pyc
/home/jun/ros2_ws/install/motor_control/share/ament_index/resource_index/packages/motor_control
/home/jun/ros2_ws/install/motor_control/share/motor_control/package.xml
/home/jun/ros2_ws/install/motor_control/share/motor_control/launch/dual_motor_launch.py
/home/jun/ros2_ws/install/motor_control/lib/python3.8/site-packages/motor_control-0.0.0-py3.8.egg-info/PKG-INFO
/home/jun/ros2_ws/install/motor_control/lib/python3.8/site-packages/motor_control-0.0.0-py3.8.egg-info/entry_points.txt
/home/jun/ros2_ws/install/motor_control/lib/python3.8/site-packages/motor_control-0.0.0-py3.8.egg-info/requires.txt
/home/jun/ros2_ws/install/motor_control/lib/python3.8/site-packages/motor_control-0.0.0-py3.8.egg-info/zip-safe
/home/jun/ros2_ws/install/motor_control/lib/python3.8/site-packages/motor_control-0.0.0-py3.8.egg-info/dependency_links.txt
/home/jun/ros2_ws/install/motor_control/lib/python3.8/site-packages/motor_control-0.0.0-py3.8.egg-info/top_level.txt
/home/jun/ros2_ws/install/motor_control/lib/python3.8/site-packages/motor_control-0.0.0-py3.8.egg-info/SOURCES.txt
/home/jun/ros2_ws/install/motor_control/lib/motor_control/actuator_control
/home/jun/ros2_ws/install/motor_control/lib/motor_control/controller1
/home/jun/ros2_ws/install/motor_control/lib/motor_control/controller2
/home/jun/ros2_ws/install/motor_control/lib/motor_control/joystick
/home/jun/ros2_ws/install/motor_control/lib/motor_control/monitor_motor
/home/jun/ros2_ws/install/motor_control/lib/motor_control/realsense_camera_node
/home/jun/ros2_ws/install/motor_control/lib/motor_control/serial_bridge
/home/jun/ros2_ws/install/motor_control/lib/motor_control/tankturn
