[0.180s] DEBUG:colcon:Command line arguments: ['/usr/bin/colcon', 'build']
[0.180s] DEBUG:colcon:Parsed command line arguments: Namespace(allow_overriding=[], ament_cmake_args=None, base_paths=['.'], build_base='build', catkin_cmake_args=None, catkin_skip_building_tests=False, cmake_args=None, cmake_clean_cache=False, cmake_clean_first=False, cmake_force_configure=False, cmake_target=None, cmake_target_skip_unavailable=False, continue_on_error=False, event_handlers=None, executor='parallel', ignore_user_meta=False, install_base='install', log_base=None, log_level=None, main=<bound method BuildVerb.main of <colcon_core.verb.build.BuildVerb object at 0x7f374330d8b0>>, merge_install=False, metas=['./colcon.meta'], mixin=None, mixin_files=None, mixin_verb=('build',), packages_above=None, packages_above_and_dependencies=None, packages_above_depth=None, packages_end=None, packages_ignore=None, packages_ignore_regex=None, packages_select=None, packages_select_build_failed=False, packages_select_by_dep=None, packages_select_regex=None, packages_select_test_failures=False, packages_skip=None, packages_skip_build_finished=False, packages_skip_by_dep=None, packages_skip_regex=None, packages_skip_test_passed=False, packages_skip_up_to=None, packages_start=None, packages_up_to=None, packages_up_to_regex=None, parallel_workers=6, paths=None, symlink_install=False, test_result_base=None, verb_extension=<colcon_core.verb.build.BuildVerb object at 0x7f374330d8b0>, verb_name='build', verb_parser=<colcon_mixin.mixin.mixin_argument.MixinArgumentDecorator object at 0x7f374331a1c0>)
[0.311s] Level 1:colcon.colcon_core.package_discovery:discover_packages(colcon_meta) check parameters
[0.311s] Level 1:colcon.colcon_core.package_discovery:discover_packages(recursive) check parameters
[0.311s] Level 1:colcon.colcon_core.package_discovery:discover_packages(ignore) check parameters
[0.312s] Level 1:colcon.colcon_core.package_discovery:discover_packages(path) check parameters
[0.312s] Level 1:colcon.colcon_core.package_discovery:discover_packages(colcon_meta) discover
[0.312s] Level 1:colcon.colcon_core.package_discovery:discover_packages(recursive) discover
[0.312s] INFO:colcon.colcon_core.package_discovery:Crawling recursively for packages in '/home/jun/ros2_ws'
[0.312s] Level 1:colcon.colcon_core.package_identification:_identify(.) by extensions ['ignore', 'ignore_ament_install']
[0.312s] Level 1:colcon.colcon_core.package_identification:_identify(.) by extension 'ignore'
[0.312s] Level 1:colcon.colcon_core.package_identification:_identify(.) by extension 'ignore_ament_install'
[0.312s] Level 1:colcon.colcon_core.package_identification:_identify(.) by extensions ['colcon_pkg']
[0.312s] Level 1:colcon.colcon_core.package_identification:_identify(.) by extension 'colcon_pkg'
[0.312s] Level 1:colcon.colcon_core.package_identification:_identify(.) by extensions ['colcon_meta']
[0.312s] Level 1:colcon.colcon_core.package_identification:_identify(.) by extension 'colcon_meta'
[0.312s] Level 1:colcon.colcon_core.package_identification:_identify(.) by extensions ['ros']
[0.312s] Level 1:colcon.colcon_core.package_identification:_identify(.) by extension 'ros'
[0.322s] Level 1:colcon.colcon_core.package_identification:_identify(.) by extensions ['cmake', 'python']
[0.322s] Level 1:colcon.colcon_core.package_identification:_identify(.) by extension 'cmake'
[0.322s] Level 1:colcon.colcon_core.package_identification:_identify(.) by extension 'python'
[0.322s] Level 1:colcon.colcon_core.package_identification:_identify(.) by extensions ['python_setup_py']
[0.322s] Level 1:colcon.colcon_core.package_identification:_identify(.) by extension 'python_setup_py'
[0.322s] Level 1:colcon.colcon_core.package_identification:_identify(build) by extensions ['ignore', 'ignore_ament_install']
[0.322s] Level 1:colcon.colcon_core.package_identification:_identify(build) by extension 'ignore'
[0.322s] Level 1:colcon.colcon_core.package_identification:_identify(build) ignored
[0.322s] Level 1:colcon.colcon_core.package_identification:_identify(install) by extensions ['ignore', 'ignore_ament_install']
[0.322s] Level 1:colcon.colcon_core.package_identification:_identify(install) by extension 'ignore'
[0.322s] Level 1:colcon.colcon_core.package_identification:_identify(install) ignored
[0.322s] Level 1:colcon.colcon_core.package_identification:_identify(log) by extensions ['ignore', 'ignore_ament_install']
[0.322s] Level 1:colcon.colcon_core.package_identification:_identify(log) by extension 'ignore'
[0.322s] Level 1:colcon.colcon_core.package_identification:_identify(log) ignored
[0.323s] Level 1:colcon.colcon_core.package_identification:_identify(src) by extensions ['ignore', 'ignore_ament_install']
[0.323s] Level 1:colcon.colcon_core.package_identification:_identify(src) by extension 'ignore'
[0.323s] Level 1:colcon.colcon_core.package_identification:_identify(src) by extension 'ignore_ament_install'
[0.323s] Level 1:colcon.colcon_core.package_identification:_identify(src) by extensions ['colcon_pkg']
[0.323s] Level 1:colcon.colcon_core.package_identification:_identify(src) by extension 'colcon_pkg'
[0.323s] Level 1:colcon.colcon_core.package_identification:_identify(src) by extensions ['colcon_meta']
[0.323s] Level 1:colcon.colcon_core.package_identification:_identify(src) by extension 'colcon_meta'
[0.323s] Level 1:colcon.colcon_core.package_identification:_identify(src) by extensions ['ros']
[0.323s] Level 1:colcon.colcon_core.package_identification:_identify(src) by extension 'ros'
[0.323s] Level 1:colcon.colcon_core.package_identification:_identify(src) by extensions ['cmake', 'python']
[0.323s] Level 1:colcon.colcon_core.package_identification:_identify(src) by extension 'cmake'
[0.323s] Level 1:colcon.colcon_core.package_identification:_identify(src) by extension 'python'
[0.323s] Level 1:colcon.colcon_core.package_identification:_identify(src) by extensions ['python_setup_py']
[0.323s] Level 1:colcon.colcon_core.package_identification:_identify(src) by extension 'python_setup_py'
[0.323s] Level 1:colcon.colcon_core.package_identification:_identify(src/build) by extensions ['ignore', 'ignore_ament_install']
[0.323s] Level 1:colcon.colcon_core.package_identification:_identify(src/build) by extension 'ignore'
[0.323s] Level 1:colcon.colcon_core.package_identification:_identify(src/build) ignored
[0.323s] Level 1:colcon.colcon_core.package_identification:_identify(src/camera_viewer) by extensions ['ignore', 'ignore_ament_install']
[0.323s] Level 1:colcon.colcon_core.package_identification:_identify(src/camera_viewer) by extension 'ignore'
[0.324s] Level 1:colcon.colcon_core.package_identification:_identify(src/camera_viewer) by extension 'ignore_ament_install'
[0.324s] Level 1:colcon.colcon_core.package_identification:_identify(src/camera_viewer) by extensions ['colcon_pkg']
[0.324s] Level 1:colcon.colcon_core.package_identification:_identify(src/camera_viewer) by extension 'colcon_pkg'
[0.324s] Level 1:colcon.colcon_core.package_identification:_identify(src/camera_viewer) by extensions ['colcon_meta']
[0.324s] Level 1:colcon.colcon_core.package_identification:_identify(src/camera_viewer) by extension 'colcon_meta'
[0.324s] Level 1:colcon.colcon_core.package_identification:_identify(src/camera_viewer) by extensions ['ros']
[0.324s] Level 1:colcon.colcon_core.package_identification:_identify(src/camera_viewer) by extension 'ros'
[0.326s] DEBUG:colcon.colcon_core.package_identification:Package 'src/camera_viewer' with type 'ros.catkin' and name 'camera_viewer'
[0.326s] Level 1:colcon.colcon_core.package_identification:_identify(src/log) by extensions ['ignore', 'ignore_ament_install']
[0.326s] Level 1:colcon.colcon_core.package_identification:_identify(src/log) by extension 'ignore'
[0.326s] Level 1:colcon.colcon_core.package_identification:_identify(src/log) ignored
[0.326s] Level 1:colcon.colcon_core.package_identification:_identify(src/motor_control) by extensions ['ignore', 'ignore_ament_install']
[0.326s] Level 1:colcon.colcon_core.package_identification:_identify(src/motor_control) by extension 'ignore'
[0.326s] Level 1:colcon.colcon_core.package_identification:_identify(src/motor_control) by extension 'ignore_ament_install'
[0.326s] Level 1:colcon.colcon_core.package_identification:_identify(src/motor_control) by extensions ['colcon_pkg']
[0.326s] Level 1:colcon.colcon_core.package_identification:_identify(src/motor_control) by extension 'colcon_pkg'
[0.326s] Level 1:colcon.colcon_core.package_identification:_identify(src/motor_control) by extensions ['colcon_meta']
[0.327s] Level 1:colcon.colcon_core.package_identification:_identify(src/motor_control) by extension 'colcon_meta'
[0.327s] Level 1:colcon.colcon_core.package_identification:_identify(src/motor_control) by extensions ['ros']
[0.327s] Level 1:colcon.colcon_core.package_identification:_identify(src/motor_control) by extension 'ros'
[0.327s] DEBUG:colcon.colcon_core.package_identification:Package 'src/motor_control' with type 'ros.ament_python' and name 'motor_control'
[0.327s] Level 1:colcon.colcon_core.package_identification:_identify(src/realsense-ros) by extensions ['ignore', 'ignore_ament_install']
[0.327s] Level 1:colcon.colcon_core.package_identification:_identify(src/realsense-ros) by extension 'ignore'
[0.327s] Level 1:colcon.colcon_core.package_identification:_identify(src/realsense-ros) by extension 'ignore_ament_install'
[0.328s] Level 1:colcon.colcon_core.package_identification:_identify(src/realsense-ros) by extensions ['colcon_pkg']
[0.328s] Level 1:colcon.colcon_core.package_identification:_identify(src/realsense-ros) by extension 'colcon_pkg'
[0.328s] Level 1:colcon.colcon_core.package_identification:_identify(src/realsense-ros) by extensions ['colcon_meta']
[0.328s] Level 1:colcon.colcon_core.package_identification:_identify(src/realsense-ros) by extension 'colcon_meta'
[0.328s] Level 1:colcon.colcon_core.package_identification:_identify(src/realsense-ros) by extensions ['ros']
[0.328s] Level 1:colcon.colcon_core.package_identification:_identify(src/realsense-ros) by extension 'ros'
[0.328s] Level 1:colcon.colcon_core.package_identification:_identify(src/realsense-ros) by extensions ['cmake', 'python']
[0.328s] Level 1:colcon.colcon_core.package_identification:_identify(src/realsense-ros) by extension 'cmake'
[0.328s] Level 1:colcon.colcon_core.package_identification:_identify(src/realsense-ros) by extension 'python'
[0.328s] Level 1:colcon.colcon_core.package_identification:_identify(src/realsense-ros) by extensions ['python_setup_py']
[0.328s] Level 1:colcon.colcon_core.package_identification:_identify(src/realsense-ros) by extension 'python_setup_py'
[0.328s] Level 1:colcon.colcon_core.package_identification:_identify(src/realsense-ros/realsense2_camera) by extensions ['ignore', 'ignore_ament_install']
[0.328s] Level 1:colcon.colcon_core.package_identification:_identify(src/realsense-ros/realsense2_camera) by extension 'ignore'
[0.328s] Level 1:colcon.colcon_core.package_identification:_identify(src/realsense-ros/realsense2_camera) by extension 'ignore_ament_install'
[0.328s] Level 1:colcon.colcon_core.package_identification:_identify(src/realsense-ros/realsense2_camera) by extensions ['colcon_pkg']
[0.328s] Level 1:colcon.colcon_core.package_identification:_identify(src/realsense-ros/realsense2_camera) by extension 'colcon_pkg'
[0.328s] Level 1:colcon.colcon_core.package_identification:_identify(src/realsense-ros/realsense2_camera) by extensions ['colcon_meta']
[0.328s] Level 1:colcon.colcon_core.package_identification:_identify(src/realsense-ros/realsense2_camera) by extension 'colcon_meta'
[0.328s] Level 1:colcon.colcon_core.package_identification:_identify(src/realsense-ros/realsense2_camera) by extensions ['ros']
[0.328s] Level 1:colcon.colcon_core.package_identification:_identify(src/realsense-ros/realsense2_camera) by extension 'ros'
[0.334s] DEBUG:colcon.colcon_core.package_identification:Package 'src/realsense-ros/realsense2_camera' with type 'ros.ament_cmake' and name 'realsense2_camera'
[0.334s] Level 1:colcon.colcon_core.package_identification:_identify(src/realsense-ros/realsense2_camera_msgs) by extensions ['ignore', 'ignore_ament_install']
[0.334s] Level 1:colcon.colcon_core.package_identification:_identify(src/realsense-ros/realsense2_camera_msgs) by extension 'ignore'
[0.334s] Level 1:colcon.colcon_core.package_identification:_identify(src/realsense-ros/realsense2_camera_msgs) by extension 'ignore_ament_install'
[0.334s] Level 1:colcon.colcon_core.package_identification:_identify(src/realsense-ros/realsense2_camera_msgs) by extensions ['colcon_pkg']
[0.334s] Level 1:colcon.colcon_core.package_identification:_identify(src/realsense-ros/realsense2_camera_msgs) by extension 'colcon_pkg'
[0.334s] Level 1:colcon.colcon_core.package_identification:_identify(src/realsense-ros/realsense2_camera_msgs) by extensions ['colcon_meta']
[0.334s] Level 1:colcon.colcon_core.package_identification:_identify(src/realsense-ros/realsense2_camera_msgs) by extension 'colcon_meta'
[0.334s] Level 1:colcon.colcon_core.package_identification:_identify(src/realsense-ros/realsense2_camera_msgs) by extensions ['ros']
[0.334s] Level 1:colcon.colcon_core.package_identification:_identify(src/realsense-ros/realsense2_camera_msgs) by extension 'ros'
[0.335s] DEBUG:colcon.colcon_core.package_identification:Package 'src/realsense-ros/realsense2_camera_msgs' with type 'ros.ament_cmake' and name 'realsense2_camera_msgs'
[0.335s] Level 1:colcon.colcon_core.package_identification:_identify(src/realsense-ros/realsense2_description) by extensions ['ignore', 'ignore_ament_install']
[0.335s] Level 1:colcon.colcon_core.package_identification:_identify(src/realsense-ros/realsense2_description) by extension 'ignore'
[0.335s] Level 1:colcon.colcon_core.package_identification:_identify(src/realsense-ros/realsense2_description) by extension 'ignore_ament_install'
[0.335s] Level 1:colcon.colcon_core.package_identification:_identify(src/realsense-ros/realsense2_description) by extensions ['colcon_pkg']
[0.335s] Level 1:colcon.colcon_core.package_identification:_identify(src/realsense-ros/realsense2_description) by extension 'colcon_pkg'
[0.335s] Level 1:colcon.colcon_core.package_identification:_identify(src/realsense-ros/realsense2_description) by extensions ['colcon_meta']
[0.335s] Level 1:colcon.colcon_core.package_identification:_identify(src/realsense-ros/realsense2_description) by extension 'colcon_meta'
[0.335s] Level 1:colcon.colcon_core.package_identification:_identify(src/realsense-ros/realsense2_description) by extensions ['ros']
[0.335s] Level 1:colcon.colcon_core.package_identification:_identify(src/realsense-ros/realsense2_description) by extension 'ros'
[0.336s] DEBUG:colcon.colcon_core.package_identification:Package 'src/realsense-ros/realsense2_description' with type 'ros.ament_cmake' and name 'realsense2_description'
[0.336s] Level 1:colcon.colcon_core.package_identification:_identify(src/realsense-ros/scripts) by extensions ['ignore', 'ignore_ament_install']
[0.336s] Level 1:colcon.colcon_core.package_identification:_identify(src/realsense-ros/scripts) by extension 'ignore'
[0.336s] Level 1:colcon.colcon_core.package_identification:_identify(src/realsense-ros/scripts) by extension 'ignore_ament_install'
[0.336s] Level 1:colcon.colcon_core.package_identification:_identify(src/realsense-ros/scripts) by extensions ['colcon_pkg']
[0.336s] Level 1:colcon.colcon_core.package_identification:_identify(src/realsense-ros/scripts) by extension 'colcon_pkg'
[0.336s] Level 1:colcon.colcon_core.package_identification:_identify(src/realsense-ros/scripts) by extensions ['colcon_meta']
[0.336s] Level 1:colcon.colcon_core.package_identification:_identify(src/realsense-ros/scripts) by extension 'colcon_meta'
[0.337s] Level 1:colcon.colcon_core.package_identification:_identify(src/realsense-ros/scripts) by extensions ['ros']
[0.337s] Level 1:colcon.colcon_core.package_identification:_identify(src/realsense-ros/scripts) by extension 'ros'
[0.337s] Level 1:colcon.colcon_core.package_identification:_identify(src/realsense-ros/scripts) by extensions ['cmake', 'python']
[0.337s] Level 1:colcon.colcon_core.package_identification:_identify(src/realsense-ros/scripts) by extension 'cmake'
[0.337s] Level 1:colcon.colcon_core.package_identification:_identify(src/realsense-ros/scripts) by extension 'python'
[0.337s] Level 1:colcon.colcon_core.package_identification:_identify(src/realsense-ros/scripts) by extensions ['python_setup_py']
[0.337s] Level 1:colcon.colcon_core.package_identification:_identify(src/realsense-ros/scripts) by extension 'python_setup_py'
[0.337s] Level 1:colcon.colcon_core.package_discovery:discover_packages(recursive) using defaults
[0.337s] Level 1:colcon.colcon_core.package_discovery:discover_packages(ignore) discover
[0.337s] Level 1:colcon.colcon_core.package_discovery:discover_packages(ignore) using defaults
[0.337s] Level 1:colcon.colcon_core.package_discovery:discover_packages(path) discover
[0.337s] Level 1:colcon.colcon_core.package_discovery:discover_packages(path) using defaults
[0.351s] Level 1:colcon.colcon_core.package_discovery:discover_packages(prefix_path) check parameters
[0.351s] Level 1:colcon.colcon_core.package_discovery:discover_packages(prefix_path) discover
[0.353s] DEBUG:colcon.colcon_installed_package_information.package_discovery:Found 5 installed packages in /home/jun/ros2_ws/install
[0.354s] DEBUG:colcon.colcon_installed_package_information.package_discovery:Found 258 installed packages in /opt/ros/foxy
[0.355s] Level 1:colcon.colcon_core.package_discovery:discover_packages(prefix_path) using defaults
[0.418s] Level 5:colcon.colcon_core.verb:set package 'camera_viewer' build argument 'cmake_args' from command line to 'None'
[0.418s] Level 5:colcon.colcon_core.verb:set package 'camera_viewer' build argument 'cmake_target' from command line to 'None'
[0.418s] Level 5:colcon.colcon_core.verb:set package 'camera_viewer' build argument 'cmake_target_skip_unavailable' from command line to 'False'
[0.418s] Level 5:colcon.colcon_core.verb:set package 'camera_viewer' build argument 'cmake_clean_cache' from command line to 'False'
[0.418s] Level 5:colcon.colcon_core.verb:set package 'camera_viewer' build argument 'cmake_clean_first' from command line to 'False'
[0.418s] Level 5:colcon.colcon_core.verb:set package 'camera_viewer' build argument 'cmake_force_configure' from command line to 'False'
[0.418s] Level 5:colcon.colcon_core.verb:set package 'camera_viewer' build argument 'ament_cmake_args' from command line to 'None'
[0.418s] Level 5:colcon.colcon_core.verb:set package 'camera_viewer' build argument 'catkin_cmake_args' from command line to 'None'
[0.418s] Level 5:colcon.colcon_core.verb:set package 'camera_viewer' build argument 'catkin_skip_building_tests' from command line to 'False'
[0.418s] DEBUG:colcon.colcon_core.verb:Building package 'camera_viewer' with the following arguments: {'ament_cmake_args': None, 'build_base': '/home/jun/ros2_ws/build/camera_viewer', 'catkin_cmake_args': None, 'catkin_skip_building_tests': False, 'cmake_args': None, 'cmake_clean_cache': False, 'cmake_clean_first': False, 'cmake_force_configure': False, 'cmake_target': None, 'cmake_target_skip_unavailable': False, 'install_base': '/home/jun/ros2_ws/install/camera_viewer', 'merge_install': False, 'path': '/home/jun/ros2_ws/src/camera_viewer', 'symlink_install': False, 'test_result_base': None}
[0.418s] Level 5:colcon.colcon_core.verb:set package 'motor_control' build argument 'cmake_args' from command line to 'None'
[0.418s] Level 5:colcon.colcon_core.verb:set package 'motor_control' build argument 'cmake_target' from command line to 'None'
[0.418s] Level 5:colcon.colcon_core.verb:set package 'motor_control' build argument 'cmake_target_skip_unavailable' from command line to 'False'
[0.418s] Level 5:colcon.colcon_core.verb:set package 'motor_control' build argument 'cmake_clean_cache' from command line to 'False'
[0.418s] Level 5:colcon.colcon_core.verb:set package 'motor_control' build argument 'cmake_clean_first' from command line to 'False'
[0.418s] Level 5:colcon.colcon_core.verb:set package 'motor_control' build argument 'cmake_force_configure' from command line to 'False'
[0.418s] Level 5:colcon.colcon_core.verb:set package 'motor_control' build argument 'ament_cmake_args' from command line to 'None'
[0.418s] Level 5:colcon.colcon_core.verb:set package 'motor_control' build argument 'catkin_cmake_args' from command line to 'None'
[0.418s] Level 5:colcon.colcon_core.verb:set package 'motor_control' build argument 'catkin_skip_building_tests' from command line to 'False'
[0.418s] DEBUG:colcon.colcon_core.verb:Building package 'motor_control' with the following arguments: {'ament_cmake_args': None, 'build_base': '/home/jun/ros2_ws/build/motor_control', 'catkin_cmake_args': None, 'catkin_skip_building_tests': False, 'cmake_args': None, 'cmake_clean_cache': False, 'cmake_clean_first': False, 'cmake_force_configure': False, 'cmake_target': None, 'cmake_target_skip_unavailable': False, 'install_base': '/home/jun/ros2_ws/install/motor_control', 'merge_install': False, 'path': '/home/jun/ros2_ws/src/motor_control', 'symlink_install': False, 'test_result_base': None}
[0.419s] Level 5:colcon.colcon_core.verb:set package 'realsense2_camera_msgs' build argument 'cmake_args' from command line to 'None'
[0.419s] Level 5:colcon.colcon_core.verb:set package 'realsense2_camera_msgs' build argument 'cmake_target' from command line to 'None'
[0.419s] Level 5:colcon.colcon_core.verb:set package 'realsense2_camera_msgs' build argument 'cmake_target_skip_unavailable' from command line to 'False'
[0.419s] Level 5:colcon.colcon_core.verb:set package 'realsense2_camera_msgs' build argument 'cmake_clean_cache' from command line to 'False'
[0.419s] Level 5:colcon.colcon_core.verb:set package 'realsense2_camera_msgs' build argument 'cmake_clean_first' from command line to 'False'
[0.419s] Level 5:colcon.colcon_core.verb:set package 'realsense2_camera_msgs' build argument 'cmake_force_configure' from command line to 'False'
[0.419s] Level 5:colcon.colcon_core.verb:set package 'realsense2_camera_msgs' build argument 'ament_cmake_args' from command line to 'None'
[0.419s] Level 5:colcon.colcon_core.verb:set package 'realsense2_camera_msgs' build argument 'catkin_cmake_args' from command line to 'None'
[0.419s] Level 5:colcon.colcon_core.verb:set package 'realsense2_camera_msgs' build argument 'catkin_skip_building_tests' from command line to 'False'
[0.419s] DEBUG:colcon.colcon_core.verb:Building package 'realsense2_camera_msgs' with the following arguments: {'ament_cmake_args': None, 'build_base': '/home/jun/ros2_ws/build/realsense2_camera_msgs', 'catkin_cmake_args': None, 'catkin_skip_building_tests': False, 'cmake_args': None, 'cmake_clean_cache': False, 'cmake_clean_first': False, 'cmake_force_configure': False, 'cmake_target': None, 'cmake_target_skip_unavailable': False, 'install_base': '/home/jun/ros2_ws/install/realsense2_camera_msgs', 'merge_install': False, 'path': '/home/jun/ros2_ws/src/realsense-ros/realsense2_camera_msgs', 'symlink_install': False, 'test_result_base': None}
[0.419s] Level 5:colcon.colcon_core.verb:set package 'realsense2_camera' build argument 'cmake_args' from command line to 'None'
[0.419s] Level 5:colcon.colcon_core.verb:set package 'realsense2_camera' build argument 'cmake_target' from command line to 'None'
[0.419s] Level 5:colcon.colcon_core.verb:set package 'realsense2_camera' build argument 'cmake_target_skip_unavailable' from command line to 'False'
[0.420s] Level 5:colcon.colcon_core.verb:set package 'realsense2_camera' build argument 'cmake_clean_cache' from command line to 'False'
[0.420s] Level 5:colcon.colcon_core.verb:set package 'realsense2_camera' build argument 'cmake_clean_first' from command line to 'False'
[0.420s] Level 5:colcon.colcon_core.verb:set package 'realsense2_camera' build argument 'cmake_force_configure' from command line to 'False'
[0.420s] Level 5:colcon.colcon_core.verb:set package 'realsense2_camera' build argument 'ament_cmake_args' from command line to 'None'
[0.420s] Level 5:colcon.colcon_core.verb:set package 'realsense2_camera' build argument 'catkin_cmake_args' from command line to 'None'
[0.420s] Level 5:colcon.colcon_core.verb:set package 'realsense2_camera' build argument 'catkin_skip_building_tests' from command line to 'False'
[0.420s] DEBUG:colcon.colcon_core.verb:Building package 'realsense2_camera' with the following arguments: {'ament_cmake_args': None, 'build_base': '/home/jun/ros2_ws/build/realsense2_camera', 'catkin_cmake_args': None, 'catkin_skip_building_tests': False, 'cmake_args': None, 'cmake_clean_cache': False, 'cmake_clean_first': False, 'cmake_force_configure': False, 'cmake_target': None, 'cmake_target_skip_unavailable': False, 'install_base': '/home/jun/ros2_ws/install/realsense2_camera', 'merge_install': False, 'path': '/home/jun/ros2_ws/src/realsense-ros/realsense2_camera', 'symlink_install': False, 'test_result_base': None}
[0.420s] Level 5:colcon.colcon_core.verb:set package 'realsense2_description' build argument 'cmake_args' from command line to 'None'
[0.420s] Level 5:colcon.colcon_core.verb:set package 'realsense2_description' build argument 'cmake_target' from command line to 'None'
[0.420s] Level 5:colcon.colcon_core.verb:set package 'realsense2_description' build argument 'cmake_target_skip_unavailable' from command line to 'False'
[0.420s] Level 5:colcon.colcon_core.verb:set package 'realsense2_description' build argument 'cmake_clean_cache' from command line to 'False'
[0.420s] Level 5:colcon.colcon_core.verb:set package 'realsense2_description' build argument 'cmake_clean_first' from command line to 'False'
[0.420s] Level 5:colcon.colcon_core.verb:set package 'realsense2_description' build argument 'cmake_force_configure' from command line to 'False'
[0.420s] Level 5:colcon.colcon_core.verb:set package 'realsense2_description' build argument 'ament_cmake_args' from command line to 'None'
[0.420s] Level 5:colcon.colcon_core.verb:set package 'realsense2_description' build argument 'catkin_cmake_args' from command line to 'None'
[0.420s] Level 5:colcon.colcon_core.verb:set package 'realsense2_description' build argument 'catkin_skip_building_tests' from command line to 'False'
[0.420s] DEBUG:colcon.colcon_core.verb:Building package 'realsense2_description' with the following arguments: {'ament_cmake_args': None, 'build_base': '/home/jun/ros2_ws/build/realsense2_description', 'catkin_cmake_args': None, 'catkin_skip_building_tests': False, 'cmake_args': None, 'cmake_clean_cache': False, 'cmake_clean_first': False, 'cmake_force_configure': False, 'cmake_target': None, 'cmake_target_skip_unavailable': False, 'install_base': '/home/jun/ros2_ws/install/realsense2_description', 'merge_install': False, 'path': '/home/jun/ros2_ws/src/realsense-ros/realsense2_description', 'symlink_install': False, 'test_result_base': None}
[0.420s] INFO:colcon.colcon_core.executor:Executing jobs using 'parallel' executor
[0.421s] DEBUG:colcon.colcon_parallel_executor.executor.parallel:run_until_complete
[0.421s] INFO:colcon.colcon_ros.task.ament_cmake.build:Building ROS package in '/home/jun/ros2_ws/src/realsense-ros/realsense2_camera_msgs' with build type 'ament_cmake'
[0.422s] INFO:colcon.colcon_cmake.task.cmake.build:Building CMake package in '/home/jun/ros2_ws/src/realsense-ros/realsense2_camera_msgs'
[0.423s] INFO:colcon.colcon_core.plugin_system:Skipping extension 'colcon_core.shell.bat': Not used on non-Windows systems
[0.423s] INFO:colcon.colcon_core.shell:Skip shell extension 'powershell' for command environment: Not usable outside of PowerShell
[0.423s] DEBUG:colcon.colcon_core.shell:Skip shell extension 'dsv' for command environment
[0.428s] INFO:colcon.colcon_ros.task.catkin.build:Building ROS package in '/home/jun/ros2_ws/src/camera_viewer' with build type 'catkin'
[0.428s] INFO:colcon.colcon_cmake.task.cmake.build:Building CMake package in '/home/jun/ros2_ws/src/camera_viewer'
[0.428s] INFO:colcon.colcon_core.shell:Skip shell extension 'powershell' for command environment: Not usable outside of PowerShell
[0.428s] DEBUG:colcon.colcon_core.shell:Skip shell extension 'dsv' for command environment
[0.433s] INFO:colcon.colcon_ros.task.ament_python.build:Building ROS package in '/home/jun/ros2_ws/src/motor_control' with build type 'ament_python'
[0.433s] Level 1:colcon.colcon_core.shell:create_environment_hook('motor_control', 'ament_prefix_path')
[0.434s] INFO:colcon.colcon_core.shell:Creating environment hook '/home/jun/ros2_ws/install/motor_control/share/motor_control/hook/ament_prefix_path.ps1'
[0.435s] INFO:colcon.colcon_core.shell:Creating environment descriptor '/home/jun/ros2_ws/install/motor_control/share/motor_control/hook/ament_prefix_path.dsv'
[0.435s] INFO:colcon.colcon_core.shell:Creating environment hook '/home/jun/ros2_ws/install/motor_control/share/motor_control/hook/ament_prefix_path.sh'
[0.436s] INFO:colcon.colcon_core.shell:Skip shell extension 'powershell' for command environment: Not usable outside of PowerShell
[0.436s] DEBUG:colcon.colcon_core.shell:Skip shell extension 'dsv' for command environment
[0.448s] DEBUG:colcon.colcon_core.event_handler.log_command:Invoking command in '/home/jun/ros2_ws/build/realsense2_camera_msgs': CMAKE_PREFIX_PATH=/home/jun/ros2_ws/install/realsense2_description:/home/jun/ros2_ws/install/realsense2_camera:/home/jun/ros2_ws/install/realsense2_camera_msgs:/home/jun/ros2_ws/install/motor_control:/opt/ros/foxy:/home/jun/ros2_ws/install/camera_viewer /usr/bin/cmake --build /home/jun/ros2_ws/build/realsense2_camera_msgs -- -j6 -l6
[0.453s] DEBUG:colcon.colcon_core.event_handler.log_command:Invoking command in '/home/jun/ros2_ws/build/camera_viewer': /usr/bin/cmake --build /home/jun/ros2_ws/build/camera_viewer -- -j6 -l6
[0.666s] INFO:colcon.colcon_core.task.python.build:Building Python package in '/home/jun/ros2_ws/src/motor_control'
[0.666s] INFO:colcon.colcon_core.shell:Skip shell extension 'powershell' for command environment: Not usable outside of PowerShell
[0.666s] DEBUG:colcon.colcon_core.shell:Skip shell extension 'dsv' for command environment
[0.673s] DEBUG:colcon.colcon_core.event_handler.log_command:Invoked command in '/home/jun/ros2_ws/build/camera_viewer' returned '0': /usr/bin/cmake --build /home/jun/ros2_ws/build/camera_viewer -- -j6 -l6
[0.677s] DEBUG:colcon.colcon_core.event_handler.log_command:Invoked command in '/home/jun/ros2_ws/build/realsense2_camera_msgs' returned '0': CMAKE_PREFIX_PATH=/home/jun/ros2_ws/install/realsense2_description:/home/jun/ros2_ws/install/realsense2_camera:/home/jun/ros2_ws/install/realsense2_camera_msgs:/home/jun/ros2_ws/install/motor_control:/opt/ros/foxy:/home/jun/ros2_ws/install/camera_viewer /usr/bin/cmake --build /home/jun/ros2_ws/build/realsense2_camera_msgs -- -j6 -l6
[0.722s] DEBUG:colcon.colcon_core.event_handler.log_command:Invoking command in '/home/jun/ros2_ws/build/camera_viewer': /usr/bin/cmake --install /home/jun/ros2_ws/build/camera_viewer
[0.765s] DEBUG:colcon.colcon_core.event_handler.log_command:Invoked command in '/home/jun/ros2_ws/build/camera_viewer' returned '0': /usr/bin/cmake --install /home/jun/ros2_ws/build/camera_viewer
[0.778s] DEBUG:colcon.colcon_core.event_handler.log_command:Invoking command in '/home/jun/ros2_ws/build/realsense2_camera_msgs': CMAKE_PREFIX_PATH=/home/jun/ros2_ws/install/realsense2_description:/home/jun/ros2_ws/install/realsense2_camera:/home/jun/ros2_ws/install/realsense2_camera_msgs:/home/jun/ros2_ws/install/motor_control:/opt/ros/foxy:/home/jun/ros2_ws/install/camera_viewer /usr/bin/cmake --install /home/jun/ros2_ws/build/realsense2_camera_msgs
[0.785s] Level 1:colcon.colcon_core.shell:create_environment_hook('camera_viewer', 'ros_package_path')
[0.785s] INFO:colcon.colcon_core.shell:Creating environment hook '/home/jun/ros2_ws/install/camera_viewer/share/camera_viewer/hook/ros_package_path.ps1'
[0.786s] INFO:colcon.colcon_core.shell:Creating environment descriptor '/home/jun/ros2_ws/install/camera_viewer/share/camera_viewer/hook/ros_package_path.dsv'
[0.787s] INFO:colcon.colcon_core.shell:Creating environment hook '/home/jun/ros2_ws/install/camera_viewer/share/camera_viewer/hook/ros_package_path.sh'
[0.788s] Level 1:colcon.colcon_ros.task.catkin:checking '/home/jun/ros2_ws/install/camera_viewer/lib/python3.8/site-packages'
[0.788s] Level 1:colcon.colcon_core.shell:create_environment_hook('camera_viewer', 'catkin_pythonpath')
[0.788s] INFO:colcon.colcon_core.shell:Creating environment hook '/home/jun/ros2_ws/install/camera_viewer/share/camera_viewer/hook/catkin_pythonpath.ps1'
[0.789s] INFO:colcon.colcon_core.shell:Creating environment descriptor '/home/jun/ros2_ws/install/camera_viewer/share/camera_viewer/hook/catkin_pythonpath.dsv'
[0.789s] INFO:colcon.colcon_core.shell:Creating environment hook '/home/jun/ros2_ws/install/camera_viewer/share/camera_viewer/hook/catkin_pythonpath.sh'
[0.790s] Level 1:colcon.colcon_core.shell:create_environment_hook('camera_viewer', 'pkg_config_path')
[0.790s] INFO:colcon.colcon_core.shell:Creating environment hook '/home/jun/ros2_ws/install/camera_viewer/share/camera_viewer/hook/pkg_config_path.ps1'
[0.791s] INFO:colcon.colcon_core.shell:Creating environment descriptor '/home/jun/ros2_ws/install/camera_viewer/share/camera_viewer/hook/pkg_config_path.dsv'
[0.792s] INFO:colcon.colcon_core.shell:Creating environment hook '/home/jun/ros2_ws/install/camera_viewer/share/camera_viewer/hook/pkg_config_path.sh'
[0.795s] Level 1:colcon.colcon_core.shell:create_environment_hook('camera_viewer', 'pkg_config_path_multiarch')
[0.795s] INFO:colcon.colcon_core.shell:Creating environment hook '/home/jun/ros2_ws/install/camera_viewer/share/camera_viewer/hook/pkg_config_path_multiarch.ps1'
[0.796s] INFO:colcon.colcon_core.shell:Creating environment descriptor '/home/jun/ros2_ws/install/camera_viewer/share/camera_viewer/hook/pkg_config_path_multiarch.dsv'
[0.796s] INFO:colcon.colcon_core.shell:Creating environment hook '/home/jun/ros2_ws/install/camera_viewer/share/camera_viewer/hook/pkg_config_path_multiarch.sh'
[0.798s] Level 1:colcon.colcon_core.environment:create_environment_scripts_only(camera_viewer)
[0.802s] Level 1:colcon.colcon_core.environment:checking '/home/jun/ros2_ws/install/camera_viewer' for CMake module files
[0.803s] Level 1:colcon.colcon_core.environment:checking '/home/jun/ros2_ws/install/camera_viewer' for CMake config files
[0.804s] Level 1:colcon.colcon_core.shell:create_environment_hook('camera_viewer', 'cmake_prefix_path')
[0.804s] INFO:colcon.colcon_core.shell:Creating environment hook '/home/jun/ros2_ws/install/camera_viewer/share/camera_viewer/hook/cmake_prefix_path.ps1'
[0.805s] INFO:colcon.colcon_core.shell:Creating environment descriptor '/home/jun/ros2_ws/install/camera_viewer/share/camera_viewer/hook/cmake_prefix_path.dsv'
[0.805s] INFO:colcon.colcon_core.shell:Creating environment hook '/home/jun/ros2_ws/install/camera_viewer/share/camera_viewer/hook/cmake_prefix_path.sh'
[0.806s] Level 1:colcon.colcon_core.environment:checking '/home/jun/ros2_ws/install/camera_viewer/lib'
[0.806s] Level 1:colcon.colcon_core.environment:checking '/home/jun/ros2_ws/install/camera_viewer/bin'
[0.806s] Level 1:colcon.colcon_core.environment:checking '/home/jun/ros2_ws/install/camera_viewer/lib/pkgconfig/camera_viewer.pc'
[0.807s] Level 1:colcon.colcon_core.environment:checking '/home/jun/ros2_ws/install/camera_viewer/lib/python3.8/site-packages'
[0.807s] Level 1:colcon.colcon_core.shell:create_environment_hook('camera_viewer', 'pythonpath')
[0.807s] INFO:colcon.colcon_core.shell:Creating environment hook '/home/jun/ros2_ws/install/camera_viewer/share/camera_viewer/hook/pythonpath.ps1'
[0.808s] INFO:colcon.colcon_core.shell:Creating environment descriptor '/home/jun/ros2_ws/install/camera_viewer/share/camera_viewer/hook/pythonpath.dsv'
[0.808s] INFO:colcon.colcon_core.shell:Creating environment hook '/home/jun/ros2_ws/install/camera_viewer/share/camera_viewer/hook/pythonpath.sh'
[0.809s] Level 1:colcon.colcon_core.environment:checking '/home/jun/ros2_ws/install/camera_viewer/bin'
[0.809s] INFO:colcon.colcon_core.shell:Creating package script '/home/jun/ros2_ws/install/camera_viewer/share/camera_viewer/package.ps1'
[0.810s] INFO:colcon.colcon_core.shell:Creating package descriptor '/home/jun/ros2_ws/install/camera_viewer/share/camera_viewer/package.dsv'
[0.811s] INFO:colcon.colcon_core.shell:Creating package script '/home/jun/ros2_ws/install/camera_viewer/share/camera_viewer/package.sh'
[0.812s] INFO:colcon.colcon_core.shell:Creating package script '/home/jun/ros2_ws/install/camera_viewer/share/camera_viewer/package.bash'
[0.812s] INFO:colcon.colcon_core.shell:Creating package script '/home/jun/ros2_ws/install/camera_viewer/share/camera_viewer/package.zsh'
[0.813s] Level 1:colcon.colcon_core.environment:create_file_with_runtime_dependencies(/home/jun/ros2_ws/install/camera_viewer/share/colcon-core/packages/camera_viewer)
[0.829s] Level 1:colcon.colcon_core.environment:create_environment_scripts_only(realsense2_camera_msgs)
[0.829s] Level 1:colcon.colcon_core.environment:checking '/home/jun/ros2_ws/install/realsense2_camera_msgs' for CMake module files
[0.830s] DEBUG:colcon.colcon_core.event_handler.log_command:Invoked command in '/home/jun/ros2_ws/build/realsense2_camera_msgs' returned '0': CMAKE_PREFIX_PATH=/home/jun/ros2_ws/install/realsense2_description:/home/jun/ros2_ws/install/realsense2_camera:/home/jun/ros2_ws/install/realsense2_camera_msgs:/home/jun/ros2_ws/install/motor_control:/opt/ros/foxy:/home/jun/ros2_ws/install/camera_viewer /usr/bin/cmake --install /home/jun/ros2_ws/build/realsense2_camera_msgs
[0.830s] Level 1:colcon.colcon_core.environment:checking '/home/jun/ros2_ws/install/realsense2_camera_msgs' for CMake config files
[0.831s] Level 1:colcon.colcon_core.shell:create_environment_hook('realsense2_camera_msgs', 'cmake_prefix_path')
[0.831s] INFO:colcon.colcon_core.shell:Creating environment hook '/home/jun/ros2_ws/install/realsense2_camera_msgs/share/realsense2_camera_msgs/hook/cmake_prefix_path.ps1'
[0.831s] INFO:colcon.colcon_core.shell:Creating environment descriptor '/home/jun/ros2_ws/install/realsense2_camera_msgs/share/realsense2_camera_msgs/hook/cmake_prefix_path.dsv'
[0.831s] INFO:colcon.colcon_core.shell:Creating environment hook '/home/jun/ros2_ws/install/realsense2_camera_msgs/share/realsense2_camera_msgs/hook/cmake_prefix_path.sh'
[0.832s] Level 1:colcon.colcon_core.environment:checking '/home/jun/ros2_ws/install/realsense2_camera_msgs/lib'
[0.832s] Level 1:colcon.colcon_core.shell:create_environment_hook('realsense2_camera_msgs', 'ld_library_path_lib')
[0.832s] INFO:colcon.colcon_core.shell:Creating environment hook '/home/jun/ros2_ws/install/realsense2_camera_msgs/share/realsense2_camera_msgs/hook/ld_library_path_lib.ps1'
[0.832s] INFO:colcon.colcon_core.shell:Creating environment descriptor '/home/jun/ros2_ws/install/realsense2_camera_msgs/share/realsense2_camera_msgs/hook/ld_library_path_lib.dsv'
[0.833s] INFO:colcon.colcon_core.shell:Creating environment hook '/home/jun/ros2_ws/install/realsense2_camera_msgs/share/realsense2_camera_msgs/hook/ld_library_path_lib.sh'
[0.833s] Level 1:colcon.colcon_core.environment:checking '/home/jun/ros2_ws/install/realsense2_camera_msgs/bin'
[0.833s] Level 1:colcon.colcon_core.environment:checking '/home/jun/ros2_ws/install/realsense2_camera_msgs/lib/pkgconfig/realsense2_camera_msgs.pc'
[0.833s] Level 1:colcon.colcon_core.environment:checking '/home/jun/ros2_ws/install/realsense2_camera_msgs/lib/python3.8/site-packages'
[0.833s] Level 1:colcon.colcon_core.shell:create_environment_hook('realsense2_camera_msgs', 'pythonpath')
[0.833s] INFO:colcon.colcon_core.shell:Creating environment hook '/home/jun/ros2_ws/install/realsense2_camera_msgs/share/realsense2_camera_msgs/hook/pythonpath.ps1'
[0.834s] INFO:colcon.colcon_core.shell:Creating environment descriptor '/home/jun/ros2_ws/install/realsense2_camera_msgs/share/realsense2_camera_msgs/hook/pythonpath.dsv'
[0.834s] INFO:colcon.colcon_core.shell:Creating environment hook '/home/jun/ros2_ws/install/realsense2_camera_msgs/share/realsense2_camera_msgs/hook/pythonpath.sh'
[0.834s] Level 1:colcon.colcon_core.environment:checking '/home/jun/ros2_ws/install/realsense2_camera_msgs/bin'
[0.835s] INFO:colcon.colcon_core.shell:Creating package script '/home/jun/ros2_ws/install/realsense2_camera_msgs/share/realsense2_camera_msgs/package.ps1'
[0.835s] INFO:colcon.colcon_core.shell:Creating package descriptor '/home/jun/ros2_ws/install/realsense2_camera_msgs/share/realsense2_camera_msgs/package.dsv'
[0.835s] INFO:colcon.colcon_core.shell:Creating package script '/home/jun/ros2_ws/install/realsense2_camera_msgs/share/realsense2_camera_msgs/package.sh'
[0.836s] INFO:colcon.colcon_core.shell:Creating package script '/home/jun/ros2_ws/install/realsense2_camera_msgs/share/realsense2_camera_msgs/package.bash'
[0.836s] INFO:colcon.colcon_core.shell:Creating package script '/home/jun/ros2_ws/install/realsense2_camera_msgs/share/realsense2_camera_msgs/package.zsh'
[0.836s] Level 1:colcon.colcon_core.environment:create_file_with_runtime_dependencies(/home/jun/ros2_ws/install/realsense2_camera_msgs/share/colcon-core/packages/realsense2_camera_msgs)
[0.938s] Level 1:colcon.colcon_core.environment:create_environment_scripts_only(realsense2_camera_msgs)
[0.938s] Level 1:colcon.colcon_core.environment:checking '/home/jun/ros2_ws/install/realsense2_camera_msgs' for CMake module files
[0.939s] Level 1:colcon.colcon_core.environment:checking '/home/jun/ros2_ws/install/realsense2_camera_msgs' for CMake config files
[0.939s] Level 1:colcon.colcon_core.shell:create_environment_hook('realsense2_camera_msgs', 'cmake_prefix_path')
[0.940s] INFO:colcon.colcon_core.shell:Creating environment hook '/home/jun/ros2_ws/install/realsense2_camera_msgs/share/realsense2_camera_msgs/hook/cmake_prefix_path.ps1'
[0.940s] INFO:colcon.colcon_core.shell:Creating environment descriptor '/home/jun/ros2_ws/install/realsense2_camera_msgs/share/realsense2_camera_msgs/hook/cmake_prefix_path.dsv'
[0.940s] INFO:colcon.colcon_core.shell:Creating environment hook '/home/jun/ros2_ws/install/realsense2_camera_msgs/share/realsense2_camera_msgs/hook/cmake_prefix_path.sh'
[0.941s] Level 1:colcon.colcon_core.environment:checking '/home/jun/ros2_ws/install/realsense2_camera_msgs/lib'
[0.941s] Level 1:colcon.colcon_core.shell:create_environment_hook('realsense2_camera_msgs', 'ld_library_path_lib')
[0.941s] INFO:colcon.colcon_core.shell:Creating environment hook '/home/jun/ros2_ws/install/realsense2_camera_msgs/share/realsense2_camera_msgs/hook/ld_library_path_lib.ps1'
[0.941s] INFO:colcon.colcon_core.shell:Creating environment descriptor '/home/jun/ros2_ws/install/realsense2_camera_msgs/share/realsense2_camera_msgs/hook/ld_library_path_lib.dsv'
[0.942s] INFO:colcon.colcon_core.shell:Creating environment hook '/home/jun/ros2_ws/install/realsense2_camera_msgs/share/realsense2_camera_msgs/hook/ld_library_path_lib.sh'
[0.942s] Level 1:colcon.colcon_core.environment:checking '/home/jun/ros2_ws/install/realsense2_camera_msgs/bin'
[0.942s] Level 1:colcon.colcon_core.environment:checking '/home/jun/ros2_ws/install/realsense2_camera_msgs/lib/pkgconfig/realsense2_camera_msgs.pc'
[0.942s] Level 1:colcon.colcon_core.environment:checking '/home/jun/ros2_ws/install/realsense2_camera_msgs/lib/python3.8/site-packages'
[0.942s] Level 1:colcon.colcon_core.shell:create_environment_hook('realsense2_camera_msgs', 'pythonpath')
[0.943s] INFO:colcon.colcon_core.shell:Creating environment hook '/home/jun/ros2_ws/install/realsense2_camera_msgs/share/realsense2_camera_msgs/hook/pythonpath.ps1'
[0.943s] INFO:colcon.colcon_core.shell:Creating environment descriptor '/home/jun/ros2_ws/install/realsense2_camera_msgs/share/realsense2_camera_msgs/hook/pythonpath.dsv'
[0.943s] INFO:colcon.colcon_core.shell:Creating environment hook '/home/jun/ros2_ws/install/realsense2_camera_msgs/share/realsense2_camera_msgs/hook/pythonpath.sh'
[0.943s] Level 1:colcon.colcon_core.environment:checking '/home/jun/ros2_ws/install/realsense2_camera_msgs/bin'
[0.944s] INFO:colcon.colcon_core.shell:Creating package script '/home/jun/ros2_ws/install/realsense2_camera_msgs/share/realsense2_camera_msgs/package.ps1'
[0.944s] INFO:colcon.colcon_core.shell:Creating package descriptor '/home/jun/ros2_ws/install/realsense2_camera_msgs/share/realsense2_camera_msgs/package.dsv'
[0.945s] INFO:colcon.colcon_core.shell:Creating package script '/home/jun/ros2_ws/install/realsense2_camera_msgs/share/realsense2_camera_msgs/package.sh'
[0.945s] INFO:colcon.colcon_core.shell:Creating package script '/home/jun/ros2_ws/install/realsense2_camera_msgs/share/realsense2_camera_msgs/package.bash'
[0.946s] INFO:colcon.colcon_core.shell:Creating package script '/home/jun/ros2_ws/install/realsense2_camera_msgs/share/realsense2_camera_msgs/package.zsh'
[0.946s] Level 1:colcon.colcon_core.environment:create_file_with_runtime_dependencies(/home/jun/ros2_ws/install/realsense2_camera_msgs/share/colcon-core/packages/realsense2_camera_msgs)
[0.946s] INFO:colcon.colcon_ros.task.ament_cmake.build:Building ROS package in '/home/jun/ros2_ws/src/realsense-ros/realsense2_camera' with build type 'ament_cmake'
[0.946s] INFO:colcon.colcon_cmake.task.cmake.build:Building CMake package in '/home/jun/ros2_ws/src/realsense-ros/realsense2_camera'
[0.947s] INFO:colcon.colcon_core.shell:Skip shell extension 'powershell' for command environment: Not usable outside of PowerShell
[0.947s] DEBUG:colcon.colcon_core.shell:Skip shell extension 'dsv' for command environment
[0.952s] INFO:colcon.colcon_ros.task.ament_cmake.build:Building ROS package in '/home/jun/ros2_ws/src/realsense-ros/realsense2_description' with build type 'ament_cmake'
[0.952s] INFO:colcon.colcon_cmake.task.cmake.build:Building CMake package in '/home/jun/ros2_ws/src/realsense-ros/realsense2_description'
[0.953s] INFO:colcon.colcon_core.shell:Skip shell extension 'powershell' for command environment: Not usable outside of PowerShell
[0.953s] DEBUG:colcon.colcon_core.shell:Skip shell extension 'dsv' for command environment
[0.963s] DEBUG:colcon.colcon_core.event_handler.log_command:Invoking command in '/home/jun/ros2_ws/build/realsense2_camera': CMAKE_PREFIX_PATH=/home/jun/ros2_ws/install/realsense2_camera_msgs:/home/jun/ros2_ws/install/realsense2_description:/home/jun/ros2_ws/install/realsense2_camera:/home/jun/ros2_ws/install/motor_control:/opt/ros/foxy:/home/jun/ros2_ws/install/camera_viewer LD_LIBRARY_PATH=/home/jun/ros2_ws/install/realsense2_camera_msgs/lib:/home/jun/ros2_ws/install/realsense2_camera/lib:/opt/ros/foxy/opt/yaml_cpp_vendor/lib:/opt/ros/foxy/opt/rviz_ogre_vendor/lib:/opt/ros/foxy/lib/x86_64-linux-gnu:/opt/ros/foxy/lib /usr/bin/cmake --build /home/jun/ros2_ws/build/realsense2_camera -- -j6 -l6
[0.967s] DEBUG:colcon.colcon_core.event_handler.log_command:Invoking command in '/home/jun/ros2_ws/build/realsense2_description': CMAKE_PREFIX_PATH=/home/jun/ros2_ws/install/realsense2_camera_msgs:/home/jun/ros2_ws/install/realsense2_description:/home/jun/ros2_ws/install/realsense2_camera:/home/jun/ros2_ws/install/motor_control:/opt/ros/foxy:/home/jun/ros2_ws/install/camera_viewer LD_LIBRARY_PATH=/home/jun/ros2_ws/install/realsense2_camera_msgs/lib:/home/jun/ros2_ws/install/realsense2_camera/lib:/opt/ros/foxy/opt/yaml_cpp_vendor/lib:/opt/ros/foxy/opt/rviz_ogre_vendor/lib:/opt/ros/foxy/lib/x86_64-linux-gnu:/opt/ros/foxy/lib /usr/bin/cmake --build /home/jun/ros2_ws/build/realsense2_description -- -j6 -l6
[1.005s] DEBUG:colcon.colcon_core.event_handler.log_command:Invoked command in '/home/jun/ros2_ws/build/realsense2_description' returned '0': CMAKE_PREFIX_PATH=/home/jun/ros2_ws/install/realsense2_camera_msgs:/home/jun/ros2_ws/install/realsense2_description:/home/jun/ros2_ws/install/realsense2_camera:/home/jun/ros2_ws/install/motor_control:/opt/ros/foxy:/home/jun/ros2_ws/install/camera_viewer LD_LIBRARY_PATH=/home/jun/ros2_ws/install/realsense2_camera_msgs/lib:/home/jun/ros2_ws/install/realsense2_camera/lib:/opt/ros/foxy/opt/yaml_cpp_vendor/lib:/opt/ros/foxy/opt/rviz_ogre_vendor/lib:/opt/ros/foxy/lib/x86_64-linux-gnu:/opt/ros/foxy/lib /usr/bin/cmake --build /home/jun/ros2_ws/build/realsense2_description -- -j6 -l6
[1.031s] DEBUG:colcon.colcon_core.event_handler.log_command:Invoking command in '/home/jun/ros2_ws/src/motor_control': PYTHONPATH=/home/jun/ros2_ws/build/motor_control/prefix_override:/usr/lib/python3/dist-packages/colcon_core/task/python/colcon_distutils_commands:/home/jun/ros2_ws/install/motor_control/lib/python3.8/site-packages:${PYTHONPATH} /usr/bin/python3 -W ignore:setup.py install is deprecated setup.py egg_info --egg-base ../../build/motor_control build --build-base /home/jun/ros2_ws/build/motor_control/build install --record /home/jun/ros2_ws/build/motor_control/install.log --install-scripts $base/lib/motor_control --single-version-externally-managed install_data
[1.033s] DEBUG:colcon.colcon_core.event_handler.log_command:Invoking command in '/home/jun/ros2_ws/build/realsense2_description': CMAKE_PREFIX_PATH=/home/jun/ros2_ws/install/realsense2_camera_msgs:/home/jun/ros2_ws/install/realsense2_description:/home/jun/ros2_ws/install/realsense2_camera:/home/jun/ros2_ws/install/motor_control:/opt/ros/foxy:/home/jun/ros2_ws/install/camera_viewer LD_LIBRARY_PATH=/home/jun/ros2_ws/install/realsense2_camera_msgs/lib:/home/jun/ros2_ws/install/realsense2_camera/lib:/opt/ros/foxy/opt/yaml_cpp_vendor/lib:/opt/ros/foxy/opt/rviz_ogre_vendor/lib:/opt/ros/foxy/lib/x86_64-linux-gnu:/opt/ros/foxy/lib /usr/bin/cmake --install /home/jun/ros2_ws/build/realsense2_description
[1.046s] Level 1:colcon.colcon_core.environment:create_environment_scripts_only(realsense2_description)
[1.046s] Level 1:colcon.colcon_core.environment:checking '/home/jun/ros2_ws/install/realsense2_description' for CMake module files
[1.046s] DEBUG:colcon.colcon_core.event_handler.log_command:Invoked command in '/home/jun/ros2_ws/build/realsense2_description' returned '0': CMAKE_PREFIX_PATH=/home/jun/ros2_ws/install/realsense2_camera_msgs:/home/jun/ros2_ws/install/realsense2_description:/home/jun/ros2_ws/install/realsense2_camera:/home/jun/ros2_ws/install/motor_control:/opt/ros/foxy:/home/jun/ros2_ws/install/camera_viewer LD_LIBRARY_PATH=/home/jun/ros2_ws/install/realsense2_camera_msgs/lib:/home/jun/ros2_ws/install/realsense2_camera/lib:/opt/ros/foxy/opt/yaml_cpp_vendor/lib:/opt/ros/foxy/opt/rviz_ogre_vendor/lib:/opt/ros/foxy/lib/x86_64-linux-gnu:/opt/ros/foxy/lib /usr/bin/cmake --install /home/jun/ros2_ws/build/realsense2_description
[1.047s] Level 1:colcon.colcon_core.environment:checking '/home/jun/ros2_ws/install/realsense2_description' for CMake config files
[1.047s] Level 1:colcon.colcon_core.shell:create_environment_hook('realsense2_description', 'cmake_prefix_path')
[1.047s] INFO:colcon.colcon_core.shell:Creating environment hook '/home/jun/ros2_ws/install/realsense2_description/share/realsense2_description/hook/cmake_prefix_path.ps1'
[1.048s] INFO:colcon.colcon_core.shell:Creating environment descriptor '/home/jun/ros2_ws/install/realsense2_description/share/realsense2_description/hook/cmake_prefix_path.dsv'
[1.048s] INFO:colcon.colcon_core.shell:Creating environment hook '/home/jun/ros2_ws/install/realsense2_description/share/realsense2_description/hook/cmake_prefix_path.sh'
[1.048s] Level 1:colcon.colcon_core.environment:checking '/home/jun/ros2_ws/install/realsense2_description/bin'
[1.048s] Level 1:colcon.colcon_core.environment:checking '/home/jun/ros2_ws/install/realsense2_description/lib/pkgconfig/realsense2_description.pc'
[1.049s] Level 1:colcon.colcon_core.environment:checking '/home/jun/ros2_ws/install/realsense2_description/lib/python3.8/site-packages'
[1.049s] Level 1:colcon.colcon_core.environment:checking '/home/jun/ros2_ws/install/realsense2_description/bin'
[1.049s] INFO:colcon.colcon_core.shell:Creating package script '/home/jun/ros2_ws/install/realsense2_description/share/realsense2_description/package.ps1'
[1.050s] INFO:colcon.colcon_core.shell:Creating package descriptor '/home/jun/ros2_ws/install/realsense2_description/share/realsense2_description/package.dsv'
[1.050s] INFO:colcon.colcon_core.shell:Creating package script '/home/jun/ros2_ws/install/realsense2_description/share/realsense2_description/package.sh'
[1.050s] INFO:colcon.colcon_core.shell:Creating package script '/home/jun/ros2_ws/install/realsense2_description/share/realsense2_description/package.bash'
[1.050s] INFO:colcon.colcon_core.shell:Creating package script '/home/jun/ros2_ws/install/realsense2_description/share/realsense2_description/package.zsh'
[1.051s] Level 1:colcon.colcon_core.environment:create_file_with_runtime_dependencies(/home/jun/ros2_ws/install/realsense2_description/share/colcon-core/packages/realsense2_description)
[1.071s] Level 1:colcon.colcon_core.environment:create_environment_scripts_only(realsense2_description)
[1.072s] Level 1:colcon.colcon_core.environment:checking '/home/jun/ros2_ws/install/realsense2_description' for CMake module files
[1.072s] Level 1:colcon.colcon_core.environment:checking '/home/jun/ros2_ws/install/realsense2_description' for CMake config files
[1.072s] Level 1:colcon.colcon_core.shell:create_environment_hook('realsense2_description', 'cmake_prefix_path')
[1.072s] INFO:colcon.colcon_core.shell:Creating environment hook '/home/jun/ros2_ws/install/realsense2_description/share/realsense2_description/hook/cmake_prefix_path.ps1'
[1.073s] INFO:colcon.colcon_core.shell:Creating environment descriptor '/home/jun/ros2_ws/install/realsense2_description/share/realsense2_description/hook/cmake_prefix_path.dsv'
[1.073s] INFO:colcon.colcon_core.shell:Creating environment hook '/home/jun/ros2_ws/install/realsense2_description/share/realsense2_description/hook/cmake_prefix_path.sh'
[1.074s] Level 1:colcon.colcon_core.environment:checking '/home/jun/ros2_ws/install/realsense2_description/bin'
[1.074s] Level 1:colcon.colcon_core.environment:checking '/home/jun/ros2_ws/install/realsense2_description/lib/pkgconfig/realsense2_description.pc'
[1.074s] Level 1:colcon.colcon_core.environment:checking '/home/jun/ros2_ws/install/realsense2_description/lib/python3.8/site-packages'
[1.074s] Level 1:colcon.colcon_core.environment:checking '/home/jun/ros2_ws/install/realsense2_description/bin'
[1.074s] INFO:colcon.colcon_core.shell:Creating package script '/home/jun/ros2_ws/install/realsense2_description/share/realsense2_description/package.ps1'
[1.075s] INFO:colcon.colcon_core.shell:Creating package descriptor '/home/jun/ros2_ws/install/realsense2_description/share/realsense2_description/package.dsv'
[1.075s] INFO:colcon.colcon_core.shell:Creating package script '/home/jun/ros2_ws/install/realsense2_description/share/realsense2_description/package.sh'
[1.076s] INFO:colcon.colcon_core.shell:Creating package script '/home/jun/ros2_ws/install/realsense2_description/share/realsense2_description/package.bash'
[1.076s] INFO:colcon.colcon_core.shell:Creating package script '/home/jun/ros2_ws/install/realsense2_description/share/realsense2_description/package.zsh'
[1.076s] Level 1:colcon.colcon_core.environment:create_file_with_runtime_dependencies(/home/jun/ros2_ws/install/realsense2_description/share/colcon-core/packages/realsense2_description)
[1.078s] DEBUG:colcon.colcon_core.event_handler.log_command:Invoked command in '/home/jun/ros2_ws/build/realsense2_camera' returned '0': CMAKE_PREFIX_PATH=/home/jun/ros2_ws/install/realsense2_camera_msgs:/home/jun/ros2_ws/install/realsense2_description:/home/jun/ros2_ws/install/realsense2_camera:/home/jun/ros2_ws/install/motor_control:/opt/ros/foxy:/home/jun/ros2_ws/install/camera_viewer LD_LIBRARY_PATH=/home/jun/ros2_ws/install/realsense2_camera_msgs/lib:/home/jun/ros2_ws/install/realsense2_camera/lib:/opt/ros/foxy/opt/yaml_cpp_vendor/lib:/opt/ros/foxy/opt/rviz_ogre_vendor/lib:/opt/ros/foxy/lib/x86_64-linux-gnu:/opt/ros/foxy/lib /usr/bin/cmake --build /home/jun/ros2_ws/build/realsense2_camera -- -j6 -l6
[1.128s] DEBUG:colcon.colcon_core.event_handler.log_command:Invoking command in '/home/jun/ros2_ws/build/realsense2_camera': CMAKE_PREFIX_PATH=/home/jun/ros2_ws/install/realsense2_camera_msgs:/home/jun/ros2_ws/install/realsense2_description:/home/jun/ros2_ws/install/realsense2_camera:/home/jun/ros2_ws/install/motor_control:/opt/ros/foxy:/home/jun/ros2_ws/install/camera_viewer LD_LIBRARY_PATH=/home/jun/ros2_ws/install/realsense2_camera_msgs/lib:/home/jun/ros2_ws/install/realsense2_camera/lib:/opt/ros/foxy/opt/yaml_cpp_vendor/lib:/opt/ros/foxy/opt/rviz_ogre_vendor/lib:/opt/ros/foxy/lib/x86_64-linux-gnu:/opt/ros/foxy/lib /usr/bin/cmake --install /home/jun/ros2_ws/build/realsense2_camera
[1.140s] Level 1:colcon.colcon_core.environment:create_environment_scripts_only(realsense2_camera)
[1.141s] Level 1:colcon.colcon_core.environment:checking '/home/jun/ros2_ws/install/realsense2_camera' for CMake module files
[1.142s] Level 1:colcon.colcon_core.environment:checking '/home/jun/ros2_ws/install/realsense2_camera' for CMake config files
[1.143s] Level 1:colcon.colcon_core.shell:create_environment_hook('realsense2_camera', 'cmake_prefix_path')
[1.143s] INFO:colcon.colcon_core.shell:Creating environment hook '/home/jun/ros2_ws/install/realsense2_camera/share/realsense2_camera/hook/cmake_prefix_path.ps1'
[1.144s] DEBUG:colcon.colcon_core.event_handler.log_command:Invoked command in '/home/jun/ros2_ws/build/realsense2_camera' returned '0': CMAKE_PREFIX_PATH=/home/jun/ros2_ws/install/realsense2_camera_msgs:/home/jun/ros2_ws/install/realsense2_description:/home/jun/ros2_ws/install/realsense2_camera:/home/jun/ros2_ws/install/motor_control:/opt/ros/foxy:/home/jun/ros2_ws/install/camera_viewer LD_LIBRARY_PATH=/home/jun/ros2_ws/install/realsense2_camera_msgs/lib:/home/jun/ros2_ws/install/realsense2_camera/lib:/opt/ros/foxy/opt/yaml_cpp_vendor/lib:/opt/ros/foxy/opt/rviz_ogre_vendor/lib:/opt/ros/foxy/lib/x86_64-linux-gnu:/opt/ros/foxy/lib /usr/bin/cmake --install /home/jun/ros2_ws/build/realsense2_camera
[1.144s] INFO:colcon.colcon_core.shell:Creating environment descriptor '/home/jun/ros2_ws/install/realsense2_camera/share/realsense2_camera/hook/cmake_prefix_path.dsv'
[1.144s] INFO:colcon.colcon_core.shell:Creating environment hook '/home/jun/ros2_ws/install/realsense2_camera/share/realsense2_camera/hook/cmake_prefix_path.sh'
[1.144s] Level 1:colcon.colcon_core.environment:checking '/home/jun/ros2_ws/install/realsense2_camera/lib'
[1.145s] Level 1:colcon.colcon_core.shell:create_environment_hook('realsense2_camera', 'ld_library_path_lib')
[1.145s] INFO:colcon.colcon_core.shell:Creating environment hook '/home/jun/ros2_ws/install/realsense2_camera/share/realsense2_camera/hook/ld_library_path_lib.ps1'
[1.145s] INFO:colcon.colcon_core.shell:Creating environment descriptor '/home/jun/ros2_ws/install/realsense2_camera/share/realsense2_camera/hook/ld_library_path_lib.dsv'
[1.145s] INFO:colcon.colcon_core.shell:Creating environment hook '/home/jun/ros2_ws/install/realsense2_camera/share/realsense2_camera/hook/ld_library_path_lib.sh'
[1.146s] Level 1:colcon.colcon_core.environment:checking '/home/jun/ros2_ws/install/realsense2_camera/bin'
[1.146s] Level 1:colcon.colcon_core.environment:checking '/home/jun/ros2_ws/install/realsense2_camera/lib/pkgconfig/realsense2_camera.pc'
[1.146s] Level 1:colcon.colcon_core.environment:checking '/home/jun/ros2_ws/install/realsense2_camera/lib/python3.8/site-packages'
[1.146s] Level 1:colcon.colcon_core.environment:checking '/home/jun/ros2_ws/install/realsense2_camera/bin'
[1.146s] INFO:colcon.colcon_core.shell:Creating package script '/home/jun/ros2_ws/install/realsense2_camera/share/realsense2_camera/package.ps1'
[1.147s] INFO:colcon.colcon_core.shell:Creating package descriptor '/home/jun/ros2_ws/install/realsense2_camera/share/realsense2_camera/package.dsv'
[1.147s] INFO:colcon.colcon_core.shell:Creating package script '/home/jun/ros2_ws/install/realsense2_camera/share/realsense2_camera/package.sh'
[1.147s] INFO:colcon.colcon_core.shell:Creating package script '/home/jun/ros2_ws/install/realsense2_camera/share/realsense2_camera/package.bash'
[1.148s] INFO:colcon.colcon_core.shell:Creating package script '/home/jun/ros2_ws/install/realsense2_camera/share/realsense2_camera/package.zsh'
[1.148s] Level 1:colcon.colcon_core.environment:create_file_with_runtime_dependencies(/home/jun/ros2_ws/install/realsense2_camera/share/colcon-core/packages/realsense2_camera)
[1.198s] Level 1:colcon.colcon_core.environment:create_environment_scripts_only(realsense2_camera)
[1.198s] Level 1:colcon.colcon_core.environment:checking '/home/jun/ros2_ws/install/realsense2_camera' for CMake module files
[1.198s] Level 1:colcon.colcon_core.environment:checking '/home/jun/ros2_ws/install/realsense2_camera' for CMake config files
[1.199s] Level 1:colcon.colcon_core.shell:create_environment_hook('realsense2_camera', 'cmake_prefix_path')
[1.199s] INFO:colcon.colcon_core.shell:Creating environment hook '/home/jun/ros2_ws/install/realsense2_camera/share/realsense2_camera/hook/cmake_prefix_path.ps1'
[1.199s] INFO:colcon.colcon_core.shell:Creating environment descriptor '/home/jun/ros2_ws/install/realsense2_camera/share/realsense2_camera/hook/cmake_prefix_path.dsv'
[1.199s] INFO:colcon.colcon_core.shell:Creating environment hook '/home/jun/ros2_ws/install/realsense2_camera/share/realsense2_camera/hook/cmake_prefix_path.sh'
[1.200s] Level 1:colcon.colcon_core.environment:checking '/home/jun/ros2_ws/install/realsense2_camera/lib'
[1.200s] Level 1:colcon.colcon_core.shell:create_environment_hook('realsense2_camera', 'ld_library_path_lib')
[1.200s] INFO:colcon.colcon_core.shell:Creating environment hook '/home/jun/ros2_ws/install/realsense2_camera/share/realsense2_camera/hook/ld_library_path_lib.ps1'
[1.201s] INFO:colcon.colcon_core.shell:Creating environment descriptor '/home/jun/ros2_ws/install/realsense2_camera/share/realsense2_camera/hook/ld_library_path_lib.dsv'
[1.201s] INFO:colcon.colcon_core.shell:Creating environment hook '/home/jun/ros2_ws/install/realsense2_camera/share/realsense2_camera/hook/ld_library_path_lib.sh'
[1.201s] Level 1:colcon.colcon_core.environment:checking '/home/jun/ros2_ws/install/realsense2_camera/bin'
[1.201s] Level 1:colcon.colcon_core.environment:checking '/home/jun/ros2_ws/install/realsense2_camera/lib/pkgconfig/realsense2_camera.pc'
[1.201s] Level 1:colcon.colcon_core.environment:checking '/home/jun/ros2_ws/install/realsense2_camera/lib/python3.8/site-packages'
[1.202s] Level 1:colcon.colcon_core.environment:checking '/home/jun/ros2_ws/install/realsense2_camera/bin'
[1.202s] INFO:colcon.colcon_core.shell:Creating package script '/home/jun/ros2_ws/install/realsense2_camera/share/realsense2_camera/package.ps1'
[1.202s] INFO:colcon.colcon_core.shell:Creating package descriptor '/home/jun/ros2_ws/install/realsense2_camera/share/realsense2_camera/package.dsv'
[1.203s] INFO:colcon.colcon_core.shell:Creating package script '/home/jun/ros2_ws/install/realsense2_camera/share/realsense2_camera/package.sh'
[1.203s] INFO:colcon.colcon_core.shell:Creating package script '/home/jun/ros2_ws/install/realsense2_camera/share/realsense2_camera/package.bash'
[1.203s] INFO:colcon.colcon_core.shell:Creating package script '/home/jun/ros2_ws/install/realsense2_camera/share/realsense2_camera/package.zsh'
[1.204s] Level 1:colcon.colcon_core.environment:create_file_with_runtime_dependencies(/home/jun/ros2_ws/install/realsense2_camera/share/colcon-core/packages/realsense2_camera)
[1.293s] Level 1:colcon.colcon_core.environment:checking '/home/jun/ros2_ws/install/motor_control' for CMake module files
[1.293s] DEBUG:colcon.colcon_core.event_handler.log_command:Invoked command in '/home/jun/ros2_ws/src/motor_control' returned '0': PYTHONPATH=/home/jun/ros2_ws/build/motor_control/prefix_override:/usr/lib/python3/dist-packages/colcon_core/task/python/colcon_distutils_commands:/home/jun/ros2_ws/install/motor_control/lib/python3.8/site-packages:${PYTHONPATH} /usr/bin/python3 -W ignore:setup.py install is deprecated setup.py egg_info --egg-base ../../build/motor_control build --build-base /home/jun/ros2_ws/build/motor_control/build install --record /home/jun/ros2_ws/build/motor_control/install.log --install-scripts $base/lib/motor_control --single-version-externally-managed install_data
[1.293s] Level 1:colcon.colcon_core.environment:checking '/home/jun/ros2_ws/install/motor_control' for CMake config files
[1.294s] Level 1:colcon.colcon_core.environment:checking '/home/jun/ros2_ws/install/motor_control/lib'
[1.294s] Level 1:colcon.colcon_core.environment:checking '/home/jun/ros2_ws/install/motor_control/bin'
[1.294s] Level 1:colcon.colcon_core.environment:checking '/home/jun/ros2_ws/install/motor_control/lib/pkgconfig/motor_control.pc'
[1.294s] Level 1:colcon.colcon_core.environment:checking '/home/jun/ros2_ws/install/motor_control/lib/python3.8/site-packages'
[1.294s] Level 1:colcon.colcon_core.shell:create_environment_hook('motor_control', 'pythonpath')
[1.294s] INFO:colcon.colcon_core.shell:Creating environment hook '/home/jun/ros2_ws/install/motor_control/share/motor_control/hook/pythonpath.ps1'
[1.295s] INFO:colcon.colcon_core.shell:Creating environment descriptor '/home/jun/ros2_ws/install/motor_control/share/motor_control/hook/pythonpath.dsv'
[1.295s] INFO:colcon.colcon_core.shell:Creating environment hook '/home/jun/ros2_ws/install/motor_control/share/motor_control/hook/pythonpath.sh'
[1.295s] Level 1:colcon.colcon_core.environment:checking '/home/jun/ros2_ws/install/motor_control/bin'
[1.295s] Level 1:colcon.colcon_core.environment:create_environment_scripts_only(motor_control)
[1.296s] INFO:colcon.colcon_core.shell:Creating package script '/home/jun/ros2_ws/install/motor_control/share/motor_control/package.ps1'
[1.296s] INFO:colcon.colcon_core.shell:Creating package descriptor '/home/jun/ros2_ws/install/motor_control/share/motor_control/package.dsv'
[1.296s] INFO:colcon.colcon_core.shell:Creating package script '/home/jun/ros2_ws/install/motor_control/share/motor_control/package.sh'
[1.297s] INFO:colcon.colcon_core.shell:Creating package script '/home/jun/ros2_ws/install/motor_control/share/motor_control/package.bash'
[1.297s] INFO:colcon.colcon_core.shell:Creating package script '/home/jun/ros2_ws/install/motor_control/share/motor_control/package.zsh'
[1.297s] Level 1:colcon.colcon_core.environment:create_file_with_runtime_dependencies(/home/jun/ros2_ws/install/motor_control/share/colcon-core/packages/motor_control)
[1.297s] DEBUG:colcon.colcon_parallel_executor.executor.parallel:closing loop
[1.298s] DEBUG:colcon.colcon_parallel_executor.executor.parallel:loop closed
[1.298s] DEBUG:colcon.colcon_parallel_executor.executor.parallel:run_until_complete finished with '0'
[1.298s] DEBUG:colcon.colcon_core.event_reactor:joining thread
[1.303s] INFO:colcon.colcon_core.plugin_system:Skipping extension 'colcon_notification.desktop_notification.terminal_notifier': Not used on non-Darwin systems
[1.303s] INFO:colcon.colcon_core.plugin_system:Skipping extension 'colcon_notification.desktop_notification.win32': Not used on non-Windows systems
[1.303s] INFO:colcon.colcon_notification.desktop_notification:Sending desktop notification using 'notify2'
[1.316s] DEBUG:colcon.colcon_core.event_reactor:joined thread
[1.316s] INFO:colcon.colcon_core.shell:Creating prefix script '/home/jun/ros2_ws/install/local_setup.ps1'
[1.317s] INFO:colcon.colcon_core.shell:Creating prefix util module '/home/jun/ros2_ws/install/_local_setup_util_ps1.py'
[1.318s] INFO:colcon.colcon_core.shell:Creating prefix chain script '/home/jun/ros2_ws/install/setup.ps1'
[1.319s] INFO:colcon.colcon_core.shell:Creating prefix script '/home/jun/ros2_ws/install/local_setup.sh'
[1.319s] INFO:colcon.colcon_core.shell:Creating prefix util module '/home/jun/ros2_ws/install/_local_setup_util_sh.py'
[1.320s] INFO:colcon.colcon_core.shell:Creating prefix chain script '/home/jun/ros2_ws/install/setup.sh'
[1.321s] INFO:colcon.colcon_core.shell:Creating prefix script '/home/jun/ros2_ws/install/local_setup.bash'
[1.321s] INFO:colcon.colcon_core.shell:Creating prefix chain script '/home/jun/ros2_ws/install/setup.bash'
[1.322s] INFO:colcon.colcon_core.shell:Creating prefix script '/home/jun/ros2_ws/install/local_setup.zsh'
[1.322s] INFO:colcon.colcon_core.shell:Creating prefix chain script '/home/jun/ros2_ws/install/setup.zsh'
