[0.575s] Invoking command in '/home/jundrag/ros2_ws/src/motor_control': PYTHONPATH=/home/jundrag/ros2_ws/build/motor_control/prefix_override:/home/jundrag/ros2_ws/install/motor_control/lib/python3.8/site-packages:${PYTHONPATH} /usr/bin/python3 -W ignore:setup.py install is deprecated setup.py egg_info --egg-base ../../build/motor_control build --build-base /home/jundrag/ros2_ws/build/motor_control/build install --record /home/jundrag/ros2_ws/build/motor_control/install.log --install-scripts $base/lib/motor_control --single-version-externally-managed install_data
[0.773s] running egg_info
[0.774s] writing ../../build/motor_control/motor_control.egg-info/PKG-INFO
[0.774s] writing dependency_links to ../../build/motor_control/motor_control.egg-info/dependency_links.txt
[0.774s] writing entry points to ../../build/motor_control/motor_control.egg-info/entry_points.txt
[0.774s] writing requirements to ../../build/motor_control/motor_control.egg-info/requires.txt
[0.774s] writing top-level names to ../../build/motor_control/motor_control.egg-info/top_level.txt
[0.805s] reading manifest file '../../build/motor_control/motor_control.egg-info/SOURCES.txt'
[0.806s] writing manifest file '../../build/motor_control/motor_control.egg-info/SOURCES.txt'
[0.806s] running build
[0.806s] running build_py
[0.806s] running install
[0.807s] running install_lib
[0.808s] running install_data
[0.808s] running install_egg_info
[0.810s] removing '/home/jundrag/ros2_ws/install/motor_control/lib/python3.8/site-packages/motor_control-0.0.0-py3.8.egg-info' (and everything under it)
[0.810s] Copying ../../build/motor_control/motor_control.egg-info to /home/jundrag/ros2_ws/install/motor_control/lib/python3.8/site-packages/motor_control-0.0.0-py3.8.egg-info
[0.811s] running install_scripts
[0.826s] Installing controller1 script to /home/jundrag/ros2_ws/install/motor_control/lib/motor_control
[0.826s] Installing controller2 script to /home/jundrag/ros2_ws/install/motor_control/lib/motor_control
[0.826s] Installing serial_bridge script to /home/jundrag/ros2_ws/install/motor_control/lib/motor_control
[0.826s] writing list of installed files to '/home/jundrag/ros2_ws/build/motor_control/install.log'
[0.843s] Invoked command in '/home/jundrag/ros2_ws/src/motor_control' returned '0': PYTHONPATH=/home/jundrag/ros2_ws/build/motor_control/prefix_override:/home/jundrag/ros2_ws/install/motor_control/lib/python3.8/site-packages:${PYTHONPATH} /usr/bin/python3 -W ignore:setup.py install is deprecated setup.py egg_info --egg-base ../../build/motor_control build --build-base /home/jundrag/ros2_ws/build/motor_control/build install --record /home/jundrag/ros2_ws/build/motor_control/install.log --install-scripts $base/lib/motor_control --single-version-externally-managed install_data
