running egg_info
creating ../../build/motor_control/motor_control.egg-info
writing ../../build/motor_control/motor_control.egg-info/PKG-INFO
writing dependency_links to ../../build/motor_control/motor_control.egg-info/dependency_links.txt
writing entry points to ../../build/motor_control/motor_control.egg-info/entry_points.txt
writing requirements to ../../build/motor_control/motor_control.egg-info/requires.txt
writing top-level names to ../../build/motor_control/motor_control.egg-info/top_level.txt
writing manifest file '../../build/motor_control/motor_control.egg-info/SOURCES.txt'
reading manifest file '../../build/motor_control/motor_control.egg-info/SOURCES.txt'
writing manifest file '../../build/motor_control/motor_control.egg-info/SOURCES.txt'
running build
running build_py
creating /home/jun/ros2_ws/build/motor_control/build
creating /home/jun/ros2_ws/build/motor_control/build/lib
creating /home/jun/ros2_ws/build/motor_control/build/lib/motor_control
copying motor_control/joystick.py -> /home/jun/ros2_ws/build/motor_control/build/lib/motor_control
copying motor_control/tankturn.py -> /home/jun/ros2_ws/build/motor_control/build/lib/motor_control
copying motor_control/monitor_motor.py -> /home/jun/ros2_ws/build/motor_control/build/lib/motor_control
copying motor_control/controller2.py -> /home/jun/ros2_ws/build/motor_control/build/lib/motor_control
copying motor_control/serial_bridge.py -> /home/jun/ros2_ws/build/motor_control/build/lib/motor_control
copying motor_control/__init__.py -> /home/jun/ros2_ws/build/motor_control/build/lib/motor_control
copying motor_control/controller1.py -> /home/jun/ros2_ws/build/motor_control/build/lib/motor_control
copying motor_control/controller1_saving.py -> /home/jun/ros2_ws/build/motor_control/build/lib/motor_control
copying motor_control/joystick_speed_control.py -> /home/jun/ros2_ws/build/motor_control/build/lib/motor_control
copying motor_control/controller2 (copy).py -> /home/jun/ros2_ws/build/motor_control/build/lib/motor_control
copying motor_control/controller1_integration.py -> /home/jun/ros2_ws/build/motor_control/build/lib/motor_control
running install
running install_lib
creating /home/jun/ros2_ws/install/motor_control/lib/python3.8/site-packages/motor_control
copying /home/jun/ros2_ws/build/motor_control/build/lib/motor_control/joystick.py -> /home/jun/ros2_ws/install/motor_control/lib/python3.8/site-packages/motor_control
copying /home/jun/ros2_ws/build/motor_control/build/lib/motor_control/tankturn.py -> /home/jun/ros2_ws/install/motor_control/lib/python3.8/site-packages/motor_control
copying /home/jun/ros2_ws/build/motor_control/build/lib/motor_control/monitor_motor.py -> /home/jun/ros2_ws/install/motor_control/lib/python3.8/site-packages/motor_control
copying /home/jun/ros2_ws/build/motor_control/build/lib/motor_control/controller2.py -> /home/jun/ros2_ws/install/motor_control/lib/python3.8/site-packages/motor_control
copying /home/jun/ros2_ws/build/motor_control/build/lib/motor_control/serial_bridge.py -> /home/jun/ros2_ws/install/motor_control/lib/python3.8/site-packages/motor_control
copying /home/jun/ros2_ws/build/motor_control/build/lib/motor_control/__init__.py -> /home/jun/ros2_ws/install/motor_control/lib/python3.8/site-packages/motor_control
copying /home/jun/ros2_ws/build/motor_control/build/lib/motor_control/controller1.py -> /home/jun/ros2_ws/install/motor_control/lib/python3.8/site-packages/motor_control
copying /home/jun/ros2_ws/build/motor_control/build/lib/motor_control/controller1_saving.py -> /home/jun/ros2_ws/install/motor_control/lib/python3.8/site-packages/motor_control
copying /home/jun/ros2_ws/build/motor_control/build/lib/motor_control/joystick_speed_control.py -> /home/jun/ros2_ws/install/motor_control/lib/python3.8/site-packages/motor_control
copying /home/jun/ros2_ws/build/motor_control/build/lib/motor_control/controller2 (copy).py -> /home/jun/ros2_ws/install/motor_control/lib/python3.8/site-packages/motor_control
copying /home/jun/ros2_ws/build/motor_control/build/lib/motor_control/controller1_integration.py -> /home/jun/ros2_ws/install/motor_control/lib/python3.8/site-packages/motor_control
byte-compiling /home/jun/ros2_ws/install/motor_control/lib/python3.8/site-packages/motor_control/joystick.py to joystick.cpython-38.pyc
byte-compiling /home/jun/ros2_ws/install/motor_control/lib/python3.8/site-packages/motor_control/tankturn.py to tankturn.cpython-38.pyc
byte-compiling /home/jun/ros2_ws/install/motor_control/lib/python3.8/site-packages/motor_control/monitor_motor.py to monitor_motor.cpython-38.pyc
byte-compiling /home/jun/ros2_ws/install/motor_control/lib/python3.8/site-packages/motor_control/controller2.py to controller2.cpython-38.pyc
byte-compiling /home/jun/ros2_ws/install/motor_control/lib/python3.8/site-packages/motor_control/serial_bridge.py to serial_bridge.cpython-38.pyc
byte-compiling /home/jun/ros2_ws/install/motor_control/lib/python3.8/site-packages/motor_control/__init__.py to __init__.cpython-38.pyc
byte-compiling /home/jun/ros2_ws/install/motor_control/lib/python3.8/site-packages/motor_control/controller1.py to controller1.cpython-38.pyc
byte-compiling /home/jun/ros2_ws/install/motor_control/lib/python3.8/site-packages/motor_control/controller1_saving.py to controller1_saving.cpython-38.pyc
byte-compiling /home/jun/ros2_ws/install/motor_control/lib/python3.8/site-packages/motor_control/joystick_speed_control.py to joystick_speed_control.cpython-38.pyc
byte-compiling /home/jun/ros2_ws/install/motor_control/lib/python3.8/site-packages/motor_control/controller2 (copy).py to controller2 (copy).cpython-38.pyc
byte-compiling /home/jun/ros2_ws/install/motor_control/lib/python3.8/site-packages/motor_control/controller1_integration.py to controller1_integration.cpython-38.pyc
running install_data
creating /home/jun/ros2_ws/install/motor_control/share/ament_index
creating /home/jun/ros2_ws/install/motor_control/share/ament_index/resource_index
creating /home/jun/ros2_ws/install/motor_control/share/ament_index/resource_index/packages
copying resource/motor_control -> /home/jun/ros2_ws/install/motor_control/share/ament_index/resource_index/packages
copying package.xml -> /home/jun/ros2_ws/install/motor_control/share/motor_control
creating /home/jun/ros2_ws/install/motor_control/share/motor_control/launch
copying launch/dual_motor_launch.py -> /home/jun/ros2_ws/install/motor_control/share/motor_control/launch
running install_egg_info
Copying ../../build/motor_control/motor_control.egg-info to /home/jun/ros2_ws/install/motor_control/lib/python3.8/site-packages/motor_control-0.0.0-py3.8.egg-info
running install_scripts
Installing angle_controller1 script to /home/jun/ros2_ws/install/motor_control/lib/motor_control
Installing angle_controller2 script to /home/jun/ros2_ws/install/motor_control/lib/motor_control
Installing controller1 script to /home/jun/ros2_ws/install/motor_control/lib/motor_control
Installing controller2 script to /home/jun/ros2_ws/install/motor_control/lib/motor_control
Installing joystick script to /home/jun/ros2_ws/install/motor_control/lib/motor_control
Installing monitor_motor script to /home/jun/ros2_ws/install/motor_control/lib/motor_control
Installing serial_bridge script to /home/jun/ros2_ws/install/motor_control/lib/motor_control
Installing tankturn script to /home/jun/ros2_ws/install/motor_control/lib/motor_control
writing list of installed files to '/home/jun/ros2_ws/build/motor_control/install.log'
