[0.581s] Invoking command in '/home/jun/ros2_ws/src/motor_control': PYTHONPATH=/home/jun/ros2_ws/build/motor_control/prefix_override:/usr/lib/python3/dist-packages/colcon_core/task/python/colcon_distutils_commands:/home/jun/ros2_ws/install/motor_control/lib/python3.8/site-packages:${PYTHONPATH} /usr/bin/python3 -W ignore:setup.py install is deprecated setup.py egg_info --egg-base ../../build/motor_control build --build-base /home/jun/ros2_ws/build/motor_control/build install --record /home/jun/ros2_ws/build/motor_control/install.log --install-scripts $base/lib/motor_control --single-version-externally-managed install_data
[0.769s] running egg_info
[0.769s] creating ../../build/motor_control/motor_control.egg-info
[0.769s] writing ../../build/motor_control/motor_control.egg-info/PKG-INFO
[0.769s] writing dependency_links to ../../build/motor_control/motor_control.egg-info/dependency_links.txt
[0.769s] writing entry points to ../../build/motor_control/motor_control.egg-info/entry_points.txt
[0.770s] writing requirements to ../../build/motor_control/motor_control.egg-info/requires.txt
[0.770s] writing top-level names to ../../build/motor_control/motor_control.egg-info/top_level.txt
[0.770s] writing manifest file '../../build/motor_control/motor_control.egg-info/SOURCES.txt'
[0.800s] reading manifest file '../../build/motor_control/motor_control.egg-info/SOURCES.txt'
[0.800s] writing manifest file '../../build/motor_control/motor_control.egg-info/SOURCES.txt'
[0.800s] running build
[0.800s] running build_py
[0.800s] creating /home/jun/ros2_ws/build/motor_control/build
[0.801s] creating /home/jun/ros2_ws/build/motor_control/build/lib
[0.801s] creating /home/jun/ros2_ws/build/motor_control/build/lib/motor_control
[0.801s] copying motor_control/joystick.py -> /home/jun/ros2_ws/build/motor_control/build/lib/motor_control
[0.801s] copying motor_control/tankturn.py -> /home/jun/ros2_ws/build/motor_control/build/lib/motor_control
[0.801s] copying motor_control/monitor_motor.py -> /home/jun/ros2_ws/build/motor_control/build/lib/motor_control
[0.801s] copying motor_control/controller2.py -> /home/jun/ros2_ws/build/motor_control/build/lib/motor_control
[0.801s] copying motor_control/serial_bridge.py -> /home/jun/ros2_ws/build/motor_control/build/lib/motor_control
[0.801s] copying motor_control/__init__.py -> /home/jun/ros2_ws/build/motor_control/build/lib/motor_control
[0.801s] copying motor_control/controller1.py -> /home/jun/ros2_ws/build/motor_control/build/lib/motor_control
[0.801s] copying motor_control/controller1_saving.py -> /home/jun/ros2_ws/build/motor_control/build/lib/motor_control
[0.801s] copying motor_control/joystick_speed_control.py -> /home/jun/ros2_ws/build/motor_control/build/lib/motor_control
[0.801s] copying motor_control/controller2 (copy).py -> /home/jun/ros2_ws/build/motor_control/build/lib/motor_control
[0.801s] copying motor_control/controller1_integration.py -> /home/jun/ros2_ws/build/motor_control/build/lib/motor_control
[0.802s] running install
[0.802s] running install_lib
[0.803s] creating /home/jun/ros2_ws/install/motor_control/lib/python3.8/site-packages/motor_control
[0.803s] copying /home/jun/ros2_ws/build/motor_control/build/lib/motor_control/joystick.py -> /home/jun/ros2_ws/install/motor_control/lib/python3.8/site-packages/motor_control
[0.803s] copying /home/jun/ros2_ws/build/motor_control/build/lib/motor_control/tankturn.py -> /home/jun/ros2_ws/install/motor_control/lib/python3.8/site-packages/motor_control
[0.804s] copying /home/jun/ros2_ws/build/motor_control/build/lib/motor_control/monitor_motor.py -> /home/jun/ros2_ws/install/motor_control/lib/python3.8/site-packages/motor_control
[0.804s] copying /home/jun/ros2_ws/build/motor_control/build/lib/motor_control/controller2.py -> /home/jun/ros2_ws/install/motor_control/lib/python3.8/site-packages/motor_control
[0.804s] copying /home/jun/ros2_ws/build/motor_control/build/lib/motor_control/serial_bridge.py -> /home/jun/ros2_ws/install/motor_control/lib/python3.8/site-packages/motor_control
[0.804s] copying /home/jun/ros2_ws/build/motor_control/build/lib/motor_control/__init__.py -> /home/jun/ros2_ws/install/motor_control/lib/python3.8/site-packages/motor_control
[0.804s] copying /home/jun/ros2_ws/build/motor_control/build/lib/motor_control/controller1.py -> /home/jun/ros2_ws/install/motor_control/lib/python3.8/site-packages/motor_control
[0.804s] copying /home/jun/ros2_ws/build/motor_control/build/lib/motor_control/controller1_saving.py -> /home/jun/ros2_ws/install/motor_control/lib/python3.8/site-packages/motor_control
[0.804s] copying /home/jun/ros2_ws/build/motor_control/build/lib/motor_control/joystick_speed_control.py -> /home/jun/ros2_ws/install/motor_control/lib/python3.8/site-packages/motor_control
[0.804s] copying /home/jun/ros2_ws/build/motor_control/build/lib/motor_control/controller2 (copy).py -> /home/jun/ros2_ws/install/motor_control/lib/python3.8/site-packages/motor_control
[0.804s] copying /home/jun/ros2_ws/build/motor_control/build/lib/motor_control/controller1_integration.py -> /home/jun/ros2_ws/install/motor_control/lib/python3.8/site-packages/motor_control
[0.804s] byte-compiling /home/jun/ros2_ws/install/motor_control/lib/python3.8/site-packages/motor_control/joystick.py to joystick.cpython-38.pyc
[0.806s] byte-compiling /home/jun/ros2_ws/install/motor_control/lib/python3.8/site-packages/motor_control/tankturn.py to tankturn.cpython-38.pyc
[0.807s] byte-compiling /home/jun/ros2_ws/install/motor_control/lib/python3.8/site-packages/motor_control/monitor_motor.py to monitor_motor.cpython-38.pyc
[0.807s] byte-compiling /home/jun/ros2_ws/install/motor_control/lib/python3.8/site-packages/motor_control/controller2.py to controller2.cpython-38.pyc
[0.808s] byte-compiling /home/jun/ros2_ws/install/motor_control/lib/python3.8/site-packages/motor_control/serial_bridge.py to serial_bridge.cpython-38.pyc
[0.808s] byte-compiling /home/jun/ros2_ws/install/motor_control/lib/python3.8/site-packages/motor_control/__init__.py to __init__.cpython-38.pyc
[0.808s] byte-compiling /home/jun/ros2_ws/install/motor_control/lib/python3.8/site-packages/motor_control/controller1.py to controller1.cpython-38.pyc
[0.809s] byte-compiling /home/jun/ros2_ws/install/motor_control/lib/python3.8/site-packages/motor_control/controller1_saving.py to controller1_saving.cpython-38.pyc
[0.810s] byte-compiling /home/jun/ros2_ws/install/motor_control/lib/python3.8/site-packages/motor_control/joystick_speed_control.py to joystick_speed_control.cpython-38.pyc
[0.810s] byte-compiling /home/jun/ros2_ws/install/motor_control/lib/python3.8/site-packages/motor_control/controller2 (copy).py to controller2 (copy).cpython-38.pyc
[0.811s] byte-compiling /home/jun/ros2_ws/install/motor_control/lib/python3.8/site-packages/motor_control/controller1_integration.py to controller1_integration.cpython-38.pyc
[0.811s] running install_data
[0.811s] creating /home/jun/ros2_ws/install/motor_control/share/ament_index
[0.811s] creating /home/jun/ros2_ws/install/motor_control/share/ament_index/resource_index
[0.812s] creating /home/jun/ros2_ws/install/motor_control/share/ament_index/resource_index/packages
[0.812s] copying resource/motor_control -> /home/jun/ros2_ws/install/motor_control/share/ament_index/resource_index/packages
[0.812s] copying package.xml -> /home/jun/ros2_ws/install/motor_control/share/motor_control
[0.812s] creating /home/jun/ros2_ws/install/motor_control/share/motor_control/launch
[0.812s] copying launch/dual_motor_launch.py -> /home/jun/ros2_ws/install/motor_control/share/motor_control/launch
[0.812s] running install_egg_info
[0.813s] Copying ../../build/motor_control/motor_control.egg-info to /home/jun/ros2_ws/install/motor_control/lib/python3.8/site-packages/motor_control-0.0.0-py3.8.egg-info
[0.814s] running install_scripts
[0.829s] Installing angle_controller1 script to /home/jun/ros2_ws/install/motor_control/lib/motor_control
[0.829s] Installing angle_controller2 script to /home/jun/ros2_ws/install/motor_control/lib/motor_control
[0.829s] Installing controller1 script to /home/jun/ros2_ws/install/motor_control/lib/motor_control
[0.829s] Installing controller2 script to /home/jun/ros2_ws/install/motor_control/lib/motor_control
[0.829s] Installing joystick script to /home/jun/ros2_ws/install/motor_control/lib/motor_control
[0.829s] Installing monitor_motor script to /home/jun/ros2_ws/install/motor_control/lib/motor_control
[0.829s] Installing serial_bridge script to /home/jun/ros2_ws/install/motor_control/lib/motor_control
[0.829s] Installing tankturn script to /home/jun/ros2_ws/install/motor_control/lib/motor_control
[0.829s] writing list of installed files to '/home/jun/ros2_ws/build/motor_control/install.log'
[0.849s] Invoked command in '/home/jun/ros2_ws/src/motor_control' returned '0': PYTHONPATH=/home/jun/ros2_ws/build/motor_control/prefix_override:/usr/lib/python3/dist-packages/colcon_core/task/python/colcon_distutils_commands:/home/jun/ros2_ws/install/motor_control/lib/python3.8/site-packages:${PYTHONPATH} /usr/bin/python3 -W ignore:setup.py install is deprecated setup.py egg_info --egg-base ../../build/motor_control build --build-base /home/jun/ros2_ws/build/motor_control/build install --record /home/jun/ros2_ws/build/motor_control/install.log --install-scripts $base/lib/motor_control --single-version-externally-managed install_data
