[0.532s] Invoking command in '/home/jundrag/ros2_ws/src/motor_control': PYTHONPATH=/home/jundrag/ros2_ws/build/motor_control/prefix_override:/home/jundrag/ros2_ws/install/motor_control/lib/python3.8/site-packages:${PYTHONPATH} /usr/bin/python3 -W ignore:setup.py install is deprecated setup.py egg_info --egg-base ../../build/motor_control build --build-base /home/jundrag/ros2_ws/build/motor_control/build install --record /home/jundrag/ros2_ws/build/motor_control/install.log --install-scripts $base/lib/motor_control --single-version-externally-managed install_data
[0.713s] running egg_info
[0.713s] writing ../../build/motor_control/motor_control.egg-info/PKG-INFO
[0.713s] writing dependency_links to ../../build/motor_control/motor_control.egg-info/dependency_links.txt
[0.713s] writing entry points to ../../build/motor_control/motor_control.egg-info/entry_points.txt
[0.713s] writing requirements to ../../build/motor_control/motor_control.egg-info/requires.txt
[0.713s] writing top-level names to ../../build/motor_control/motor_control.egg-info/top_level.txt
[0.742s] reading manifest file '../../build/motor_control/motor_control.egg-info/SOURCES.txt'
[0.743s] writing manifest file '../../build/motor_control/motor_control.egg-info/SOURCES.txt'
[0.743s] running build
[0.743s] running build_py
[0.743s] running install
[0.744s] running install_lib
[0.745s] running install_data
[0.746s] copying package.xml -> /home/jundrag/ros2_ws/install/motor_control/share/motor_control
[0.746s] running install_egg_info
[0.747s] removing '/home/jundrag/ros2_ws/install/motor_control/lib/python3.8/site-packages/motor_control-0.0.0-py3.8.egg-info' (and everything under it)
[0.747s] Copying ../../build/motor_control/motor_control.egg-info to /home/jundrag/ros2_ws/install/motor_control/lib/python3.8/site-packages/motor_control-0.0.0-py3.8.egg-info
[0.748s] running install_scripts
[0.762s] Installing controller1 script to /home/jundrag/ros2_ws/install/motor_control/lib/motor_control
[0.762s] Installing controller2 script to /home/jundrag/ros2_ws/install/motor_control/lib/motor_control
[0.762s] Installing serial_bridge script to /home/jundrag/ros2_ws/install/motor_control/lib/motor_control
[0.763s] Installing tankturn script to /home/jundrag/ros2_ws/install/motor_control/lib/motor_control
[0.763s] writing list of installed files to '/home/jundrag/ros2_ws/build/motor_control/install.log'
[0.778s] Invoked command in '/home/jundrag/ros2_ws/src/motor_control' returned '0': PYTHONPATH=/home/jundrag/ros2_ws/build/motor_control/prefix_override:/home/jundrag/ros2_ws/install/motor_control/lib/python3.8/site-packages:${PYTHONPATH} /usr/bin/python3 -W ignore:setup.py install is deprecated setup.py egg_info --egg-base ../../build/motor_control build --build-base /home/jundrag/ros2_ws/build/motor_control/build install --record /home/jundrag/ros2_ws/build/motor_control/install.log --install-scripts $base/lib/motor_control --single-version-externally-managed install_data
