/home/jundrag/ros2_ws/install/motor_control/lib/python3.8/site-packages/motor_control/controller2.py
/home/jundrag/ros2_ws/install/motor_control/lib/python3.8/site-packages/motor_control/__init__.py
/home/jundrag/ros2_ws/install/motor_control/lib/python3.8/site-packages/motor_control/controller1.py
/home/jundrag/ros2_ws/install/motor_control/lib/python3.8/site-packages/motor_control/serial_bridge.py
/home/jundrag/ros2_ws/install/motor_control/lib/python3.8/site-packages/motor_control/tankturn.py
/home/jundrag/ros2_ws/install/motor_control/lib/python3.8/site-packages/motor_control/Controller1 logging.py
/home/jundrag/ros2_ws/install/motor_control/lib/python3.8/site-packages/motor_control/__pycache__/controller2.cpython-38.pyc
/home/jundrag/ros2_ws/install/motor_control/lib/python3.8/site-packages/motor_control/__pycache__/__init__.cpython-38.pyc
/home/jundrag/ros2_ws/install/motor_control/lib/python3.8/site-packages/motor_control/__pycache__/controller1.cpython-38.pyc
/home/jundrag/ros2_ws/install/motor_control/lib/python3.8/site-packages/motor_control/__pycache__/serial_bridge.cpython-38.pyc
/home/jundrag/ros2_ws/install/motor_control/lib/python3.8/site-packages/motor_control/__pycache__/tankturn.cpython-38.pyc
/home/jundrag/ros2_ws/install/motor_control/lib/python3.8/site-packages/motor_control/__pycache__/Controller1 logging.cpython-38.pyc
/home/jundrag/ros2_ws/install/motor_control/share/ament_index/resource_index/packages/motor_control
/home/jundrag/ros2_ws/install/motor_control/share/motor_control/package.xml
/home/jundrag/ros2_ws/install/motor_control/share/motor_control/launch/dual_motor_launch.py
/home/jundrag/ros2_ws/install/motor_control/lib/python3.8/site-packages/motor_control-0.0.0-py3.8.egg-info/top_level.txt
/home/jundrag/ros2_ws/install/motor_control/lib/python3.8/site-packages/motor_control-0.0.0-py3.8.egg-info/zip-safe
/home/jundrag/ros2_ws/install/motor_control/lib/python3.8/site-packages/motor_control-0.0.0-py3.8.egg-info/SOURCES.txt
/home/jundrag/ros2_ws/install/motor_control/lib/python3.8/site-packages/motor_control-0.0.0-py3.8.egg-info/requires.txt
/home/jundrag/ros2_ws/install/motor_control/lib/python3.8/site-packages/motor_control-0.0.0-py3.8.egg-info/entry_points.txt
/home/jundrag/ros2_ws/install/motor_control/lib/python3.8/site-packages/motor_control-0.0.0-py3.8.egg-info/dependency_links.txt
/home/jundrag/ros2_ws/install/motor_control/lib/python3.8/site-packages/motor_control-0.0.0-py3.8.egg-info/PKG-INFO
/home/jundrag/ros2_ws/install/motor_control/lib/motor_control/controller1
/home/jundrag/ros2_ws/install/motor_control/lib/motor_control/controller2
/home/jundrag/ros2_ws/install/motor_control/lib/motor_control/serial_bridge
/home/jundrag/ros2_ws/install/motor_control/lib/motor_control/tankturn
