-- The C compiler identification is GNU 9.4.0
-- The CXX compiler identification is GNU 9.4.0
-- Check for working C compiler: /usr/bin/cc
-- Check for working C compiler: /usr/bin/cc -- works
-- Detecting C compiler ABI info
-- Detecting C compiler ABI info - done
-- Detecting C compile features
-- Detecting C compile features - done
-- Check for working CXX compiler: /usr/bin/c++
-- Check for working CXX compiler: /usr/bin/c++ -- works
-- Detecting CXX compiler ABI info
-- Detecting CXX compiler ABI info - done
-- Detecting CXX compile features
-- Detecting CXX compile features - done
-- Create Release Build.
-- Found ament_cmake: 0.9.12 (/opt/ros/foxy/share/ament_cmake/cmake)
-- Found PythonInterp: /usr/bin/python3 (found suitable version "3.8.10", minimum required is "3") 
-- Using PYTHON_EXECUTABLE: /usr/bin/python3
-- Found builtin_interfaces: 1.0.0 (/opt/ros/foxy/share/builtin_interfaces/cmake)
-- Using all available rosidl_typesupport_c: rosidl_typesupport_fastrtps_c;rosidl_typesupport_introspection_c
-- Found rosidl_adapter: 1.3.1 (/opt/ros/foxy/share/rosidl_adapter/cmake)
-- Found OpenSSL: /usr/lib/x86_64-linux-gnu/libcrypto.so (found version "1.1.1f")  
-- Found FastRTPS: /opt/ros/foxy/include  
-- Using all available rosidl_typesupport_cpp: rosidl_typesupport_fastrtps_cpp;rosidl_typesupport_introspection_cpp
-- Found cv_bridge: 3.0.7 (/opt/ros/foxy/share/cv_bridge/cmake)
-- Found image_transport: 2.4.0 (/opt/ros/foxy/share/image_transport/cmake)
-- Found rmw_implementation_cmake: 1.0.4 (/opt/ros/foxy/share/rmw_implementation_cmake/cmake)
-- Using RMW implementation 'rmw_fastrtps_cpp' as default
-- Looking for pthread.h
-- Looking for pthread.h - found
-- Performing Test CMAKE_HAVE_LIBC_PTHREAD
-- Performing Test CMAKE_HAVE_LIBC_PTHREAD - Failed
-- Looking for pthread_create in pthreads
-- Looking for pthread_create in pthreads - not found
-- Looking for pthread_create in pthread
-- Looking for pthread_create in pthread - found
-- Found Threads: TRUE  
-- Found rclcpp_components: 2.4.3 (/opt/ros/foxy/share/rclcpp_components/cmake)
-- Found realsense2_camera_msgs: 4.55.1 (/home/jun/ros2_ws/install/realsense2_camera_msgs/share/realsense2_camera_msgs/cmake)
-- Found nav_msgs: 2.0.5 (/opt/ros/foxy/share/nav_msgs/cmake)
-- Found tf2_ros: 0.13.14 (/opt/ros/foxy/share/tf2_ros/cmake)
-- Found diagnostic_updater: 3.1.2 (/opt/ros/foxy/share/diagnostic_updater/cmake)
-- Found OpenCV: /usr (found version "4.2.0") found components: core 
-- Build for ROS2 Foxy
-- Found ament_cmake_gtest: 0.9.12 (/opt/ros/foxy/share/ament_cmake_gtest/cmake)
-- Found gtest sources under '/opt/ros/foxy/src/gtest_vendor': C++ tests using 'Google Test' will be built
-- Check if compiler accepts -pthread
-- Check if compiler accepts -pthread - yes
-- Found ament_cmake_pytest: 0.9.12 (/opt/ros/foxy/share/ament_cmake_pytest/cmake)
-- rs_device_info:
-- Device Name                   Serial Number       Firmware Version
Intel RealSense USB2          ffffffffffff        5.16.0.1

-- Configuring done
-- Generating done
-- Build files have been written to: /home/jun/ros2_ws/build/realsense2_camera
[35m[1mScanning dependencies of target gtest_main[0m
[35m[1mScanning dependencies of target gtest[0m
[35m[1mScanning dependencies of target realsense2_camera_node[0m
[35m[1mScanning dependencies of target realsense2_camera[0m
[  4%] [32mBuilding CXX object gtest/CMakeFiles/gtest_main.dir/src/gtest_main.cc.o[0m
[  9%] [32mBuilding CXX object gtest/CMakeFiles/gtest.dir/src/gtest-all.cc.o[0m
[ 13%] [32mBuilding CXX object CMakeFiles/realsense2_camera_node.dir/rclcpp_components/node_main_realsense2_camera_node.cpp.o[0m
[ 22%] [32mBuilding CXX object CMakeFiles/realsense2_camera.dir/src/base_realsense_node.cpp.o[0m
[ 22%] [32mBuilding CXX object CMakeFiles/realsense2_camera.dir/src/realsense_node_factory.cpp.o[0m
[ 27%] [32mBuilding CXX object CMakeFiles/realsense2_camera.dir/src/parameters.cpp.o[0m
[ 31%] [32m[1mLinking CXX static library libgtest_main.a[0m
[ 31%] Built target gtest_main
[ 36%] [32mBuilding CXX object CMakeFiles/realsense2_camera.dir/src/rs_node_setup.cpp.o[0m
[ 40%] [32m[1mLinking CXX executable realsense2_camera_node[0m
[ 40%] Built target realsense2_camera_node
[ 45%] [32mBuilding CXX object CMakeFiles/realsense2_camera.dir/src/ros_sensor.cpp.o[0m
[ 50%] [32mBuilding CXX object CMakeFiles/realsense2_camera.dir/src/ros_utils.cpp.o[0m
[ 54%] [32m[1mLinking CXX static library libgtest.a[0m
[ 54%] Built target gtest
[35m[1mScanning dependencies of target gtest_template[0m
[ 59%] [32mBuilding CXX object CMakeFiles/gtest_template.dir/test/gtest_template.cpp.o[0m
[ 63%] [32mBuilding CXX object CMakeFiles/realsense2_camera.dir/src/dynamic_params.cpp.o[0m
[ 68%] [32m[1mLinking CXX executable gtest_template[0m
[ 68%] Built target gtest_template
[ 72%] [32mBuilding CXX object CMakeFiles/realsense2_camera.dir/src/sensor_params.cpp.o[0m
[ 77%] [32mBuilding CXX object CMakeFiles/realsense2_camera.dir/src/named_filter.cpp.o[0m
[ 81%] [32mBuilding CXX object CMakeFiles/realsense2_camera.dir/src/profile_manager.cpp.o[0m
[ 86%] [32mBuilding CXX object CMakeFiles/realsense2_camera.dir/src/image_publisher.cpp.o[0m
[ 90%] [32mBuilding CXX object CMakeFiles/realsense2_camera.dir/src/tfs.cpp.o[0m
[ 95%] [32mBuilding CXX object CMakeFiles/realsense2_camera.dir/src/ros_param_backend.cpp.o[0m
[100%] [32m[1mLinking CXX shared library librealsense2_camera.so[0m
[100%] Built target realsense2_camera
-- Install configuration: "Release"
-- Installing: /home/jun/ros2_ws/install/realsense2_camera/lib/realsense2_camera/realsense2_camera_node
-- Set runtime path of "/home/jun/ros2_ws/install/realsense2_camera/lib/realsense2_camera/realsense2_camera_node" to ""
-- Installing: /home/jun/ros2_ws/install/realsense2_camera/lib/librealsense2_camera.so
-- Set runtime path of "/home/jun/ros2_ws/install/realsense2_camera/lib/librealsense2_camera.so" to ""
-- Installing: /home/jun/ros2_ws/install/realsense2_camera/include
-- Installing: /home/jun/ros2_ws/install/realsense2_camera/include/ros_utils.h
-- Installing: /home/jun/ros2_ws/install/realsense2_camera/include/constants.h
-- Installing: /home/jun/ros2_ws/install/realsense2_camera/include/profile_manager.h
-- Installing: /home/jun/ros2_ws/install/realsense2_camera/include/dynamic_params.h
-- Installing: /home/jun/ros2_ws/install/realsense2_camera/include/ros_param_backend.h
-- Installing: /home/jun/ros2_ws/install/realsense2_camera/include/image_publisher.h
-- Installing: /home/jun/ros2_ws/install/realsense2_camera/include/base_realsense_node.h
-- Installing: /home/jun/ros2_ws/install/realsense2_camera/include/gl_window.h
-- Installing: /home/jun/ros2_ws/install/realsense2_camera/include/ros_sensor.h
-- Installing: /home/jun/ros2_ws/install/realsense2_camera/include/sensor_params.h
-- Installing: /home/jun/ros2_ws/install/realsense2_camera/include/realsense_node_factory.h
-- Installing: /home/jun/ros2_ws/install/realsense2_camera/include/named_filter.h
-- Installing: /home/jun/ros2_ws/install/realsense2_camera/share/realsense2_camera/launch
-- Installing: /home/jun/ros2_ws/install/realsense2_camera/share/realsense2_camera/launch/rs_multi_camera_launch.py
-- Installing: /home/jun/ros2_ws/install/realsense2_camera/share/realsense2_camera/launch/default.rviz
-- Installing: /home/jun/ros2_ws/install/realsense2_camera/share/realsense2_camera/launch/rs_intra_process_demo_launch.py
-- Installing: /home/jun/ros2_ws/install/realsense2_camera/share/realsense2_camera/launch/rs_launch.py
-- Installing: /home/jun/ros2_ws/install/realsense2_camera/share/realsense2_camera/examples
-- Installing: /home/jun/ros2_ws/install/realsense2_camera/share/realsense2_camera/examples/launch_from_rosbag
-- Installing: /home/jun/ros2_ws/install/realsense2_camera/share/realsense2_camera/examples/launch_from_rosbag/README.md
-- Installing: /home/jun/ros2_ws/install/realsense2_camera/share/realsense2_camera/examples/launch_from_rosbag/rs_launch_from_rosbag.py
-- Installing: /home/jun/ros2_ws/install/realsense2_camera/share/realsense2_camera/examples/pointcloud
-- Installing: /home/jun/ros2_ws/install/realsense2_camera/share/realsense2_camera/examples/pointcloud/README.md
-- Installing: /home/jun/ros2_ws/install/realsense2_camera/share/realsense2_camera/examples/pointcloud/rs_d405_pointcloud_launch.py
-- Installing: /home/jun/ros2_ws/install/realsense2_camera/share/realsense2_camera/examples/pointcloud/rviz
-- Installing: /home/jun/ros2_ws/install/realsense2_camera/share/realsense2_camera/examples/pointcloud/rviz/urdf_pointcloud.rviz
-- Installing: /home/jun/ros2_ws/install/realsense2_camera/share/realsense2_camera/examples/pointcloud/rviz/pointcloud.rviz
-- Installing: /home/jun/ros2_ws/install/realsense2_camera/share/realsense2_camera/examples/pointcloud/rs_pointcloud_launch.py
-- Installing: /home/jun/ros2_ws/install/realsense2_camera/share/realsense2_camera/examples/pointcloud/rs_d455_pointcloud_launch.py
-- Installing: /home/jun/ros2_ws/install/realsense2_camera/share/realsense2_camera/examples/align_depth
-- Installing: /home/jun/ros2_ws/install/realsense2_camera/share/realsense2_camera/examples/align_depth/README.md
-- Installing: /home/jun/ros2_ws/install/realsense2_camera/share/realsense2_camera/examples/align_depth/rs_align_depth_launch.py
-- Installing: /home/jun/ros2_ws/install/realsense2_camera/share/realsense2_camera/examples/launch_params_from_file
-- Installing: /home/jun/ros2_ws/install/realsense2_camera/share/realsense2_camera/examples/launch_params_from_file/README.md
-- Installing: /home/jun/ros2_ws/install/realsense2_camera/share/realsense2_camera/examples/launch_params_from_file/rs_launch_get_params_from_yaml.py
-- Installing: /home/jun/ros2_ws/install/realsense2_camera/share/realsense2_camera/examples/launch_params_from_file/config
-- Installing: /home/jun/ros2_ws/install/realsense2_camera/share/realsense2_camera/examples/launch_params_from_file/config/config.yaml
-- Installing: /home/jun/ros2_ws/install/realsense2_camera/share/realsense2_camera/examples/dual_camera
-- Installing: /home/jun/ros2_ws/install/realsense2_camera/share/realsense2_camera/examples/dual_camera/README.md
-- Installing: /home/jun/ros2_ws/install/realsense2_camera/share/realsense2_camera/examples/dual_camera/rs_dual_camera_launch.py
-- Installing: /home/jun/ros2_ws/install/realsense2_camera/share/realsense2_camera/examples/dual_camera/rviz
-- Installing: /home/jun/ros2_ws/install/realsense2_camera/share/realsense2_camera/examples/dual_camera/rviz/dual_camera_pointcloud.rviz
-- Installing: /home/jun/ros2_ws/install/realsense2_camera/share/realsense2_camera/environment/library_path.sh
-- Installing: /home/jun/ros2_ws/install/realsense2_camera/share/realsense2_camera/environment/library_path.dsv
-- Installing: /home/jun/ros2_ws/install/realsense2_camera/share/ament_index/resource_index/package_run_dependencies/realsense2_camera
-- Installing: /home/jun/ros2_ws/install/realsense2_camera/share/ament_index/resource_index/parent_prefix_path/realsense2_camera
-- Installing: /home/jun/ros2_ws/install/realsense2_camera/share/realsense2_camera/environment/ament_prefix_path.sh
-- Installing: /home/jun/ros2_ws/install/realsense2_camera/share/realsense2_camera/environment/ament_prefix_path.dsv
-- Installing: /home/jun/ros2_ws/install/realsense2_camera/share/realsense2_camera/environment/path.sh
-- Installing: /home/jun/ros2_ws/install/realsense2_camera/share/realsense2_camera/environment/path.dsv
-- Installing: /home/jun/ros2_ws/install/realsense2_camera/share/realsense2_camera/local_setup.bash
-- Installing: /home/jun/ros2_ws/install/realsense2_camera/share/realsense2_camera/local_setup.sh
-- Installing: /home/jun/ros2_ws/install/realsense2_camera/share/realsense2_camera/local_setup.zsh
-- Installing: /home/jun/ros2_ws/install/realsense2_camera/share/realsense2_camera/local_setup.dsv
-- Installing: /home/jun/ros2_ws/install/realsense2_camera/share/realsense2_camera/package.dsv
-- Installing: /home/jun/ros2_ws/install/realsense2_camera/share/ament_index/resource_index/packages/realsense2_camera
-- Installing: /home/jun/ros2_ws/install/realsense2_camera/share/ament_index/resource_index/rclcpp_components/realsense2_camera
-- Installing: /home/jun/ros2_ws/install/realsense2_camera/share/realsense2_camera/cmake/ament_cmake_export_include_directories-extras.cmake
-- Installing: /home/jun/ros2_ws/install/realsense2_camera/share/realsense2_camera/cmake/ament_cmake_export_libraries-extras.cmake
-- Installing: /home/jun/ros2_ws/install/realsense2_camera/share/realsense2_camera/cmake/ament_cmake_export_dependencies-extras.cmake
-- Installing: /home/jun/ros2_ws/install/realsense2_camera/share/realsense2_camera/cmake/realsense2_cameraConfig.cmake
-- Installing: /home/jun/ros2_ws/install/realsense2_camera/share/realsense2_camera/cmake/realsense2_cameraConfig-version.cmake
-- Installing: /home/jun/ros2_ws/install/realsense2_camera/share/realsense2_camera/package.xml
