[0.576s] Invoking command in '/home/jundrag/ros2_ws/src/motor_control': PYTHONPATH=/home/jundrag/ros2_ws/build/motor_control/prefix_override:/home/jundrag/ros2_ws/install/motor_control/lib/python3.8/site-packages:${PYTHONPATH} /usr/bin/python3 -W ignore:setup.py install is deprecated setup.py egg_info --egg-base ../../build/motor_control build --build-base /home/jundrag/ros2_ws/build/motor_control/build install --record /home/jundrag/ros2_ws/build/motor_control/install.log --install-scripts $base/lib/motor_control --single-version-externally-managed install_data
[0.760s] running egg_info
[0.760s] writing ../../build/motor_control/motor_control.egg-info/PKG-INFO
[0.761s] writing dependency_links to ../../build/motor_control/motor_control.egg-info/dependency_links.txt
[0.761s] writing entry points to ../../build/motor_control/motor_control.egg-info/entry_points.txt
[0.761s] writing requirements to ../../build/motor_control/motor_control.egg-info/requires.txt
[0.761s] writing top-level names to ../../build/motor_control/motor_control.egg-info/top_level.txt
[0.790s] reading manifest file '../../build/motor_control/motor_control.egg-info/SOURCES.txt'
[0.791s] writing manifest file '../../build/motor_control/motor_control.egg-info/SOURCES.txt'
[0.791s] running build
[0.791s] running build_py
[0.792s] copying motor_control/controller2.py -> /home/jundrag/ros2_ws/build/motor_control/build/lib/motor_control
[0.792s] copying motor_control/controller1.py -> /home/jundrag/ros2_ws/build/motor_control/build/lib/motor_control
[0.792s] copying motor_control/serial_bridge.py -> /home/jundrag/ros2_ws/build/motor_control/build/lib/motor_control
[0.792s] copying motor_control/tankturn.py -> /home/jundrag/ros2_ws/build/motor_control/build/lib/motor_control
[0.792s] copying motor_control/Controller1 logging.py -> /home/jundrag/ros2_ws/build/motor_control/build/lib/motor_control
[0.793s] running install
[0.793s] running install_lib
[0.794s] copying /home/jundrag/ros2_ws/build/motor_control/build/lib/motor_control/controller2.py -> /home/jundrag/ros2_ws/install/motor_control/lib/python3.8/site-packages/motor_control
[0.794s] copying /home/jundrag/ros2_ws/build/motor_control/build/lib/motor_control/controller1.py -> /home/jundrag/ros2_ws/install/motor_control/lib/python3.8/site-packages/motor_control
[0.794s] copying /home/jundrag/ros2_ws/build/motor_control/build/lib/motor_control/serial_bridge.py -> /home/jundrag/ros2_ws/install/motor_control/lib/python3.8/site-packages/motor_control
[0.794s] copying /home/jundrag/ros2_ws/build/motor_control/build/lib/motor_control/tankturn.py -> /home/jundrag/ros2_ws/install/motor_control/lib/python3.8/site-packages/motor_control
[0.794s] copying /home/jundrag/ros2_ws/build/motor_control/build/lib/motor_control/Controller1 logging.py -> /home/jundrag/ros2_ws/install/motor_control/lib/python3.8/site-packages/motor_control
[0.795s] byte-compiling /home/jundrag/ros2_ws/install/motor_control/lib/python3.8/site-packages/motor_control/controller2.py to controller2.cpython-38.pyc
[0.796s] byte-compiling /home/jundrag/ros2_ws/install/motor_control/lib/python3.8/site-packages/motor_control/controller1.py to controller1.cpython-38.pyc
[0.797s] byte-compiling /home/jundrag/ros2_ws/install/motor_control/lib/python3.8/site-packages/motor_control/serial_bridge.py to serial_bridge.cpython-38.pyc
[0.797s] byte-compiling /home/jundrag/ros2_ws/install/motor_control/lib/python3.8/site-packages/motor_control/tankturn.py to tankturn.cpython-38.pyc
[0.798s] byte-compiling /home/jundrag/ros2_ws/install/motor_control/lib/python3.8/site-packages/motor_control/Controller1 logging.py to Controller1 logging.cpython-38.pyc
[0.798s] running install_data
[0.798s] copying package.xml -> /home/jundrag/ros2_ws/install/motor_control/share/motor_control
[0.799s] copying launch/dual_motor_launch.py -> /home/jundrag/ros2_ws/install/motor_control/share/motor_control/launch
[0.799s] running install_egg_info
[0.800s] removing '/home/jundrag/ros2_ws/install/motor_control/lib/python3.8/site-packages/motor_control-0.0.0-py3.8.egg-info' (and everything under it)
[0.800s] Copying ../../build/motor_control/motor_control.egg-info to /home/jundrag/ros2_ws/install/motor_control/lib/python3.8/site-packages/motor_control-0.0.0-py3.8.egg-info
[0.801s] running install_scripts
[0.815s] Installing controller1 script to /home/jundrag/ros2_ws/install/motor_control/lib/motor_control
[0.815s] Installing controller2 script to /home/jundrag/ros2_ws/install/motor_control/lib/motor_control
[0.815s] Installing serial_bridge script to /home/jundrag/ros2_ws/install/motor_control/lib/motor_control
[0.815s] Installing tankturn script to /home/jundrag/ros2_ws/install/motor_control/lib/motor_control
[0.816s] writing list of installed files to '/home/jundrag/ros2_ws/build/motor_control/install.log'
[0.831s] Invoked command in '/home/jundrag/ros2_ws/src/motor_control' returned '0': PYTHONPATH=/home/jundrag/ros2_ws/build/motor_control/prefix_override:/home/jundrag/ros2_ws/install/motor_control/lib/python3.8/site-packages:${PYTHONPATH} /usr/bin/python3 -W ignore:setup.py install is deprecated setup.py egg_info --egg-base ../../build/motor_control build --build-base /home/jundrag/ros2_ws/build/motor_control/build install --record /home/jundrag/ros2_ws/build/motor_control/install.log --install-scripts $base/lib/motor_control --single-version-externally-managed install_data
