[0.566s] Invoking command in '/home/jun/ros2_ws/src/motor_control': PYTHONPATH=/home/jun/ros2_ws/build/motor_control/prefix_override:/usr/lib/python3/dist-packages/colcon_core/task/python/colcon_distutils_commands:/home/jun/ros2_ws/install/motor_control/lib/python3.8/site-packages:${PYTHONPATH} /usr/bin/python3 -W ignore:setup.py install is deprecated setup.py egg_info --egg-base ../../build/motor_control build --build-base /home/jun/ros2_ws/build/motor_control/build install --record /home/jun/ros2_ws/build/motor_control/install.log --install-scripts $base/lib/motor_control --single-version-externally-managed install_data
[0.763s] running egg_info
[0.764s] writing ../../build/motor_control/motor_control.egg-info/PKG-INFO
[0.764s] writing dependency_links to ../../build/motor_control/motor_control.egg-info/dependency_links.txt
[0.764s] writing entry points to ../../build/motor_control/motor_control.egg-info/entry_points.txt
[0.764s] writing requirements to ../../build/motor_control/motor_control.egg-info/requires.txt
[0.764s] writing top-level names to ../../build/motor_control/motor_control.egg-info/top_level.txt
[0.795s] reading manifest file '../../build/motor_control/motor_control.egg-info/SOURCES.txt'
[0.796s] writing manifest file '../../build/motor_control/motor_control.egg-info/SOURCES.txt'
[0.796s] running build
[0.796s] running build_py
[0.796s] copying motor_control/realsense_camera_node.py -> /home/jun/ros2_ws/build/motor_control/build/lib/motor_control
[0.796s] running install
[0.797s] running install_lib
[0.798s] copying /home/jun/ros2_ws/build/motor_control/build/lib/motor_control/realsense_camera_node.py -> /home/jun/ros2_ws/install/motor_control/lib/python3.8/site-packages/motor_control
[0.799s] byte-compiling /home/jun/ros2_ws/install/motor_control/lib/python3.8/site-packages/motor_control/realsense_camera_node.py to realsense_camera_node.cpython-38.pyc
[0.800s] running install_data
[0.801s] running install_egg_info
[0.802s] removing '/home/jun/ros2_ws/install/motor_control/lib/python3.8/site-packages/motor_control-0.0.0-py3.8.egg-info' (and everything under it)
[0.802s] Copying ../../build/motor_control/motor_control.egg-info to /home/jun/ros2_ws/install/motor_control/lib/python3.8/site-packages/motor_control-0.0.0-py3.8.egg-info
[0.803s] running install_scripts
[0.818s] Installing angle_controller1 script to /home/jun/ros2_ws/install/motor_control/lib/motor_control
[0.818s] Installing angle_controller2 script to /home/jun/ros2_ws/install/motor_control/lib/motor_control
[0.818s] Installing controller1 script to /home/jun/ros2_ws/install/motor_control/lib/motor_control
[0.818s] Installing controller2 script to /home/jun/ros2_ws/install/motor_control/lib/motor_control
[0.818s] Installing joystick script to /home/jun/ros2_ws/install/motor_control/lib/motor_control
[0.818s] Installing monitor_motor script to /home/jun/ros2_ws/install/motor_control/lib/motor_control
[0.818s] Installing realsense_camera_node script to /home/jun/ros2_ws/install/motor_control/lib/motor_control
[0.818s] Installing serial_bridge script to /home/jun/ros2_ws/install/motor_control/lib/motor_control
[0.818s] Installing tankturn script to /home/jun/ros2_ws/install/motor_control/lib/motor_control
[0.819s] writing list of installed files to '/home/jun/ros2_ws/build/motor_control/install.log'
[0.837s] Invoked command in '/home/jun/ros2_ws/src/motor_control' returned '0': PYTHONPATH=/home/jun/ros2_ws/build/motor_control/prefix_override:/usr/lib/python3/dist-packages/colcon_core/task/python/colcon_distutils_commands:/home/jun/ros2_ws/install/motor_control/lib/python3.8/site-packages:${PYTHONPATH} /usr/bin/python3 -W ignore:setup.py install is deprecated setup.py egg_info --egg-base ../../build/motor_control build --build-base /home/jun/ros2_ws/build/motor_control/build install --record /home/jun/ros2_ws/build/motor_control/install.log --install-scripts $base/lib/motor_control --single-version-externally-managed install_data
