[0.017s] Invoking command in '/home/jun/ros2_ws/build/realsense2_description': CMAKE_PREFIX_PATH=/home/jun/ros2_ws/install/realsense2_camera_msgs:/home/jun/ros2_ws/install/realsense2_description:/home/jun/ros2_ws/install/realsense2_camera:/home/jun/ros2_ws/install/motor_control:/opt/ros/foxy:/home/jun/ros2_ws/install/camera_viewer LD_LIBRARY_PATH=/home/jun/ros2_ws/install/realsense2_camera_msgs/lib:/home/jun/ros2_ws/install/realsense2_camera/lib:/opt/ros/foxy/opt/yaml_cpp_vendor/lib:/opt/ros/foxy/opt/rviz_ogre_vendor/lib:/opt/ros/foxy/lib/x86_64-linux-gnu:/opt/ros/foxy/lib /usr/bin/cmake --build /home/jun/ros2_ws/build/realsense2_description -- -j6 -l6
[0.059s] Invoked command in '/home/jun/ros2_ws/build/realsense2_description' returned '0': CMAKE_PREFIX_PATH=/home/jun/ros2_ws/install/realsense2_camera_msgs:/home/jun/ros2_ws/install/realsense2_description:/home/jun/ros2_ws/install/realsense2_camera:/home/jun/ros2_ws/install/motor_control:/opt/ros/foxy:/home/jun/ros2_ws/install/camera_viewer LD_LIBRARY_PATH=/home/jun/ros2_ws/install/realsense2_camera_msgs/lib:/home/jun/ros2_ws/install/realsense2_camera/lib:/opt/ros/foxy/opt/yaml_cpp_vendor/lib:/opt/ros/foxy/opt/rviz_ogre_vendor/lib:/opt/ros/foxy/lib/x86_64-linux-gnu:/opt/ros/foxy/lib /usr/bin/cmake --build /home/jun/ros2_ws/build/realsense2_description -- -j6 -l6
[0.088s] Invoking command in '/home/jun/ros2_ws/build/realsense2_description': CMAKE_PREFIX_PATH=/home/jun/ros2_ws/install/realsense2_camera_msgs:/home/jun/ros2_ws/install/realsense2_description:/home/jun/ros2_ws/install/realsense2_camera:/home/jun/ros2_ws/install/motor_control:/opt/ros/foxy:/home/jun/ros2_ws/install/camera_viewer LD_LIBRARY_PATH=/home/jun/ros2_ws/install/realsense2_camera_msgs/lib:/home/jun/ros2_ws/install/realsense2_camera/lib:/opt/ros/foxy/opt/yaml_cpp_vendor/lib:/opt/ros/foxy/opt/rviz_ogre_vendor/lib:/opt/ros/foxy/lib/x86_64-linux-gnu:/opt/ros/foxy/lib /usr/bin/cmake --install /home/jun/ros2_ws/build/realsense2_description
[0.096s] -- Install configuration: ""
[0.097s] -- Up-to-date: /home/jun/ros2_ws/install/realsense2_description/share/realsense2_description/launch
[0.097s] -- Up-to-date: /home/jun/ros2_ws/install/realsense2_description/share/realsense2_description/launch/view_model.launch.py
[0.097s] -- Up-to-date: /home/jun/ros2_ws/install/realsense2_description/share/realsense2_description/launch/launch_utils.py
[0.097s] -- Up-to-date: /home/jun/ros2_ws/install/realsense2_description/share/realsense2_description/meshes
[0.097s] -- Up-to-date: /home/jun/ros2_ws/install/realsense2_description/share/realsense2_description/meshes/plug_collision.stl
[0.097s] -- Up-to-date: /home/jun/ros2_ws/install/realsense2_description/share/realsense2_description/meshes/l515.dae
[0.097s] -- Up-to-date: /home/jun/ros2_ws/install/realsense2_description/share/realsense2_description/meshes/d455.stl
[0.097s] -- Up-to-date: /home/jun/ros2_ws/install/realsense2_description/share/realsense2_description/meshes/plug.stl
[0.097s] -- Up-to-date: /home/jun/ros2_ws/install/realsense2_description/share/realsense2_description/meshes/d415.stl
[0.097s] -- Up-to-date: /home/jun/ros2_ws/install/realsense2_description/share/realsense2_description/meshes/d405.stl
[0.098s] -- Up-to-date: /home/jun/ros2_ws/install/realsense2_description/share/realsense2_description/meshes/d435.dae
[0.098s] -- Up-to-date: /home/jun/ros2_ws/install/realsense2_description/share/realsense2_description/rviz
[0.098s] -- Up-to-date: /home/jun/ros2_ws/install/realsense2_description/share/realsense2_description/rviz/urdf.rviz
[0.098s] -- Up-to-date: /home/jun/ros2_ws/install/realsense2_description/share/realsense2_description/urdf
[0.098s] -- Up-to-date: /home/jun/ros2_ws/install/realsense2_description/share/realsense2_description/urdf/test_r410_camera.urdf.xacro
[0.098s] -- Up-to-date: /home/jun/ros2_ws/install/realsense2_description/share/realsense2_description/urdf/_d435i.urdf.xacro
[0.098s] -- Up-to-date: /home/jun/ros2_ws/install/realsense2_description/share/realsense2_description/urdf/test_d415_camera.urdf.xacro
[0.098s] -- Up-to-date: /home/jun/ros2_ws/install/realsense2_description/share/realsense2_description/urdf/_r410.urdf.xacro
[0.098s] -- Up-to-date: /home/jun/ros2_ws/install/realsense2_description/share/realsense2_description/urdf/_materials.urdf.xacro
[0.098s] -- Up-to-date: /home/jun/ros2_ws/install/realsense2_description/share/realsense2_description/urdf/test_r430_camera.urdf.xacro
[0.098s] -- Up-to-date: /home/jun/ros2_ws/install/realsense2_description/share/realsense2_description/urdf/_r430.urdf.xacro
[0.098s] -- Up-to-date: /home/jun/ros2_ws/install/realsense2_description/share/realsense2_description/urdf/_d435.urdf.xacro
[0.098s] -- Up-to-date: /home/jun/ros2_ws/install/realsense2_description/share/realsense2_description/urdf/_d435i_imu_modules.urdf.xacro
[0.098s] -- Up-to-date: /home/jun/ros2_ws/install/realsense2_description/share/realsense2_description/urdf/test_d435_multiple_cameras.urdf.xacro
[0.098s] -- Up-to-date: /home/jun/ros2_ws/install/realsense2_description/share/realsense2_description/urdf/test_d405_camera.urdf.xacro
[0.098s] -- Up-to-date: /home/jun/ros2_ws/install/realsense2_description/share/realsense2_description/urdf/_usb_plug.urdf.xacro
[0.099s] -- Up-to-date: /home/jun/ros2_ws/install/realsense2_description/share/realsense2_description/urdf/test_d435_camera.urdf.xacro
[0.099s] -- Up-to-date: /home/jun/ros2_ws/install/realsense2_description/share/realsense2_description/urdf/_d455.urdf.xacro
[0.100s] -- Up-to-date: /home/jun/ros2_ws/install/realsense2_description/share/realsense2_description/urdf/_d405.urdf.xacro
[0.100s] -- Up-to-date: /home/jun/ros2_ws/install/realsense2_description/share/realsense2_description/urdf/test_d435i_camera.urdf.xacro
[0.100s] -- Up-to-date: /home/jun/ros2_ws/install/realsense2_description/share/realsense2_description/urdf/test_d455_camera.urdf.xacro
[0.100s] -- Up-to-date: /home/jun/ros2_ws/install/realsense2_description/share/realsense2_description/urdf/_d415.urdf.xacro
[0.101s] -- Up-to-date: /home/jun/ros2_ws/install/realsense2_description/share/ament_index/resource_index/package_run_dependencies/realsense2_description
[0.101s] -- Up-to-date: /home/jun/ros2_ws/install/realsense2_description/share/ament_index/resource_index/parent_prefix_path/realsense2_description
[0.101s] -- Up-to-date: /home/jun/ros2_ws/install/realsense2_description/share/realsense2_description/environment/ament_prefix_path.sh
[0.101s] -- Up-to-date: /home/jun/ros2_ws/install/realsense2_description/share/realsense2_description/environment/ament_prefix_path.dsv
[0.101s] -- Up-to-date: /home/jun/ros2_ws/install/realsense2_description/share/realsense2_description/environment/path.sh
[0.101s] -- Up-to-date: /home/jun/ros2_ws/install/realsense2_description/share/realsense2_description/environment/path.dsv
[0.101s] -- Up-to-date: /home/jun/ros2_ws/install/realsense2_description/share/realsense2_description/local_setup.bash
[0.101s] -- Up-to-date: /home/jun/ros2_ws/install/realsense2_description/share/realsense2_description/local_setup.sh
[0.101s] -- Up-to-date: /home/jun/ros2_ws/install/realsense2_description/share/realsense2_description/local_setup.zsh
[0.101s] -- Up-to-date: /home/jun/ros2_ws/install/realsense2_description/share/realsense2_description/local_setup.dsv
[0.102s] -- Installing: /home/jun/ros2_ws/install/realsense2_description/share/realsense2_description/package.dsv
[0.102s] -- Up-to-date: /home/jun/ros2_ws/install/realsense2_description/share/ament_index/resource_index/packages/realsense2_description
[0.102s] -- Up-to-date: /home/jun/ros2_ws/install/realsense2_description/share/realsense2_description/cmake/realsense2_descriptionConfig.cmake
[0.102s] -- Up-to-date: /home/jun/ros2_ws/install/realsense2_description/share/realsense2_description/cmake/realsense2_descriptionConfig-version.cmake
[0.103s] -- Up-to-date: /home/jun/ros2_ws/install/realsense2_description/share/realsense2_description/package.xml
[0.103s] Invoked command in '/home/jun/ros2_ws/build/realsense2_description' returned '0': CMAKE_PREFIX_PATH=/home/jun/ros2_ws/install/realsense2_camera_msgs:/home/jun/ros2_ws/install/realsense2_description:/home/jun/ros2_ws/install/realsense2_camera:/home/jun/ros2_ws/install/motor_control:/opt/ros/foxy:/home/jun/ros2_ws/install/camera_viewer LD_LIBRARY_PATH=/home/jun/ros2_ws/install/realsense2_camera_msgs/lib:/home/jun/ros2_ws/install/realsense2_camera/lib:/opt/ros/foxy/opt/yaml_cpp_vendor/lib:/opt/ros/foxy/opt/rviz_ogre_vendor/lib:/opt/ros/foxy/lib/x86_64-linux-gnu:/opt/ros/foxy/lib /usr/bin/cmake --install /home/jun/ros2_ws/build/realsense2_description
