[0.562s] Invoking command in '/home/jundrag/ros2_ws/build/motor_control': PYTHONPATH=/home/jundrag/ros2_ws/build/motor_control/prefix_override:/home/jundrag/ros2_ws/install/motor_control/lib/python3.8/site-packages:${PYTHONPATH} /usr/bin/python3 -W ignore:setup.py install is deprecated setup.py develop --uninstall --editable --build-directory /home/jundrag/ros2_ws/build/motor_control/build
[0.769s] running develop
[0.886s] Removing /home/jundrag/ros2_ws/install/motor_control/lib/python3.8/site-packages/motor-control.egg-link (link to .)
[0.904s] Invoked command in '/home/jundrag/ros2_ws/build/motor_control' returned '0': PYTHONPATH=/home/jundrag/ros2_ws/build/motor_control/prefix_override:/home/jundrag/ros2_ws/install/motor_control/lib/python3.8/site-packages:${PYTHONPATH} /usr/bin/python3 -W ignore:setup.py install is deprecated setup.py develop --uninstall --editable --build-directory /home/jundrag/ros2_ws/build/motor_control/build
[0.907s] Invoking command in '/home/jundrag/ros2_ws/src/motor_control': PYTHONPATH=/home/jundrag/ros2_ws/build/motor_control/prefix_override:/home/jundrag/ros2_ws/install/motor_control/lib/python3.8/site-packages:${PYTHONPATH} /usr/bin/python3 -W ignore:setup.py install is deprecated setup.py egg_info --egg-base ../../build/motor_control build --build-base /home/jundrag/ros2_ws/build/motor_control/build install --record /home/jundrag/ros2_ws/build/motor_control/install.log --install-scripts $base/lib/motor_control --single-version-externally-managed install_data --force
[1.096s] running egg_info
[1.096s] writing ../../build/motor_control/motor_control.egg-info/PKG-INFO
[1.096s] writing dependency_links to ../../build/motor_control/motor_control.egg-info/dependency_links.txt
[1.097s] writing entry points to ../../build/motor_control/motor_control.egg-info/entry_points.txt
[1.097s] writing requirements to ../../build/motor_control/motor_control.egg-info/requires.txt
[1.097s] writing top-level names to ../../build/motor_control/motor_control.egg-info/top_level.txt
[1.126s] reading manifest file '../../build/motor_control/motor_control.egg-info/SOURCES.txt'
[1.126s] writing manifest file '../../build/motor_control/motor_control.egg-info/SOURCES.txt'
[1.127s] running build
[1.127s] running build_py
[1.127s] creating /home/jundrag/ros2_ws/build/motor_control/build
[1.127s] creating /home/jundrag/ros2_ws/build/motor_control/build/lib
[1.127s] creating /home/jundrag/ros2_ws/build/motor_control/build/lib/motor_control
[1.127s] copying motor_control/controller2.py -> /home/jundrag/ros2_ws/build/motor_control/build/lib/motor_control
[1.127s] copying motor_control/__init__.py -> /home/jundrag/ros2_ws/build/motor_control/build/lib/motor_control
[1.127s] copying motor_control/controller1.py -> /home/jundrag/ros2_ws/build/motor_control/build/lib/motor_control
[1.127s] copying motor_control/serial_bridge.py -> /home/jundrag/ros2_ws/build/motor_control/build/lib/motor_control
[1.127s] copying motor_control/tankturn.py -> /home/jundrag/ros2_ws/build/motor_control/build/lib/motor_control
[1.127s] running install
[1.128s] running install_lib
[1.129s] creating /home/jundrag/ros2_ws/install/motor_control/lib/python3.8/site-packages/motor_control
[1.129s] copying /home/jundrag/ros2_ws/build/motor_control/build/lib/motor_control/controller2.py -> /home/jundrag/ros2_ws/install/motor_control/lib/python3.8/site-packages/motor_control
[1.129s] copying /home/jundrag/ros2_ws/build/motor_control/build/lib/motor_control/__init__.py -> /home/jundrag/ros2_ws/install/motor_control/lib/python3.8/site-packages/motor_control
[1.129s] copying /home/jundrag/ros2_ws/build/motor_control/build/lib/motor_control/controller1.py -> /home/jundrag/ros2_ws/install/motor_control/lib/python3.8/site-packages/motor_control
[1.129s] copying /home/jundrag/ros2_ws/build/motor_control/build/lib/motor_control/serial_bridge.py -> /home/jundrag/ros2_ws/install/motor_control/lib/python3.8/site-packages/motor_control
[1.129s] copying /home/jundrag/ros2_ws/build/motor_control/build/lib/motor_control/tankturn.py -> /home/jundrag/ros2_ws/install/motor_control/lib/python3.8/site-packages/motor_control
[1.129s] byte-compiling /home/jundrag/ros2_ws/install/motor_control/lib/python3.8/site-packages/motor_control/controller2.py to controller2.cpython-38.pyc
[1.131s] byte-compiling /home/jundrag/ros2_ws/install/motor_control/lib/python3.8/site-packages/motor_control/__init__.py to __init__.cpython-38.pyc
[1.131s] byte-compiling /home/jundrag/ros2_ws/install/motor_control/lib/python3.8/site-packages/motor_control/controller1.py to controller1.cpython-38.pyc
[1.132s] byte-compiling /home/jundrag/ros2_ws/install/motor_control/lib/python3.8/site-packages/motor_control/serial_bridge.py to serial_bridge.cpython-38.pyc
[1.132s] byte-compiling /home/jundrag/ros2_ws/install/motor_control/lib/python3.8/site-packages/motor_control/tankturn.py to tankturn.cpython-38.pyc
[1.132s] running install_data
[1.133s] copying resource/motor_control -> /home/jundrag/ros2_ws/install/motor_control/share/ament_index/resource_index/packages
[1.133s] copying package.xml -> /home/jundrag/ros2_ws/install/motor_control/share/motor_control
[1.133s] copying launch/dual_motor_launch.py -> /home/jundrag/ros2_ws/install/motor_control/share/motor_control/launch
[1.133s] running install_egg_info
[1.134s] Copying ../../build/motor_control/motor_control.egg-info to /home/jundrag/ros2_ws/install/motor_control/lib/python3.8/site-packages/motor_control-0.0.0-py3.8.egg-info
[1.135s] running install_scripts
[1.150s] Installing controller1 script to /home/jundrag/ros2_ws/install/motor_control/lib/motor_control
[1.150s] Installing controller2 script to /home/jundrag/ros2_ws/install/motor_control/lib/motor_control
[1.150s] Installing serial_bridge script to /home/jundrag/ros2_ws/install/motor_control/lib/motor_control
[1.150s] writing list of installed files to '/home/jundrag/ros2_ws/build/motor_control/install.log'
[1.167s] Invoked command in '/home/jundrag/ros2_ws/src/motor_control' returned '0': PYTHONPATH=/home/jundrag/ros2_ws/build/motor_control/prefix_override:/home/jundrag/ros2_ws/install/motor_control/lib/python3.8/site-packages:${PYTHONPATH} /usr/bin/python3 -W ignore:setup.py install is deprecated setup.py egg_info --egg-base ../../build/motor_control build --build-base /home/jundrag/ros2_ws/build/motor_control/build install --record /home/jundrag/ros2_ws/build/motor_control/install.log --install-scripts $base/lib/motor_control --single-version-externally-managed install_data --force
