[0.575s] Invoking command in '/home/jun/ros2_ws/src/motor_control': PYTHONPATH=/home/jun/ros2_ws/build/motor_control/prefix_override:/usr/lib/python3/dist-packages/colcon_core/task/python/colcon_distutils_commands:/home/jun/ros2_ws/install/motor_control/lib/python3.8/site-packages:${PYTHONPATH} /usr/bin/python3 -W ignore:setup.py install is deprecated setup.py egg_info --egg-base ../../build/motor_control build --build-base /home/jun/ros2_ws/build/motor_control/build install --record /home/jun/ros2_ws/build/motor_control/install.log --install-scripts $base/lib/motor_control --single-version-externally-managed install_data
[0.772s] running egg_info
[0.773s] writing ../../build/motor_control/motor_control.egg-info/PKG-INFO
[0.773s] writing dependency_links to ../../build/motor_control/motor_control.egg-info/dependency_links.txt
[0.773s] writing entry points to ../../build/motor_control/motor_control.egg-info/entry_points.txt
[0.773s] writing requirements to ../../build/motor_control/motor_control.egg-info/requires.txt
[0.773s] writing top-level names to ../../build/motor_control/motor_control.egg-info/top_level.txt
[0.803s] reading manifest file '../../build/motor_control/motor_control.egg-info/SOURCES.txt'
[0.804s] writing manifest file '../../build/motor_control/motor_control.egg-info/SOURCES.txt'
[0.804s] running build
[0.804s] running build_py
[0.804s] copying motor_control/realsense_camera_node.py -> /home/jun/ros2_ws/build/motor_control/build/lib/motor_control
[0.805s] running install
[0.806s] running install_lib
[0.806s] copying /home/jun/ros2_ws/build/motor_control/build/lib/motor_control/realsense_camera_node.py -> /home/jun/ros2_ws/install/motor_control/lib/python3.8/site-packages/motor_control
[0.807s] byte-compiling /home/jun/ros2_ws/install/motor_control/lib/python3.8/site-packages/motor_control/realsense_camera_node.py to realsense_camera_node.cpython-38.pyc
[0.809s] running install_data
[0.809s] running install_egg_info
[0.810s] removing '/home/jun/ros2_ws/install/motor_control/lib/python3.8/site-packages/motor_control-0.0.0-py3.8.egg-info' (and everything under it)
[0.810s] Copying ../../build/motor_control/motor_control.egg-info to /home/jun/ros2_ws/install/motor_control/lib/python3.8/site-packages/motor_control-0.0.0-py3.8.egg-info
[0.811s] running install_scripts
[0.826s] Installing angle_controller1 script to /home/jun/ros2_ws/install/motor_control/lib/motor_control
[0.826s] Installing angle_controller2 script to /home/jun/ros2_ws/install/motor_control/lib/motor_control
[0.826s] Installing controller1 script to /home/jun/ros2_ws/install/motor_control/lib/motor_control
[0.826s] Installing controller2 script to /home/jun/ros2_ws/install/motor_control/lib/motor_control
[0.826s] Installing joystick script to /home/jun/ros2_ws/install/motor_control/lib/motor_control
[0.826s] Installing monitor_motor script to /home/jun/ros2_ws/install/motor_control/lib/motor_control
[0.826s] Installing realsense_camera_node script to /home/jun/ros2_ws/install/motor_control/lib/motor_control
[0.826s] Installing serial_bridge script to /home/jun/ros2_ws/install/motor_control/lib/motor_control
[0.827s] Installing tankturn script to /home/jun/ros2_ws/install/motor_control/lib/motor_control
[0.827s] writing list of installed files to '/home/jun/ros2_ws/build/motor_control/install.log'
[0.846s] Invoked command in '/home/jun/ros2_ws/src/motor_control' returned '0': PYTHONPATH=/home/jun/ros2_ws/build/motor_control/prefix_override:/usr/lib/python3/dist-packages/colcon_core/task/python/colcon_distutils_commands:/home/jun/ros2_ws/install/motor_control/lib/python3.8/site-packages:${PYTHONPATH} /usr/bin/python3 -W ignore:setup.py install is deprecated setup.py egg_info --egg-base ../../build/motor_control build --build-base /home/jun/ros2_ws/build/motor_control/build install --record /home/jun/ros2_ws/build/motor_control/install.log --install-scripts $base/lib/motor_control --single-version-externally-managed install_data
