[0.528s] Invoking command in '/home/jundrag/ros2_ws/src/motor_control': PYTHONPATH=/home/jundrag/ros2_ws/build/motor_control/prefix_override:/home/jundrag/ros2_ws/install/motor_control/lib/python3.8/site-packages:${PYTHONPATH} /usr/bin/python3 -W ignore:setup.py install is deprecated setup.py egg_info --egg-base ../../build/motor_control build --build-base /home/jundrag/ros2_ws/build/motor_control/build install --record /home/jundrag/ros2_ws/build/motor_control/install.log --install-scripts $base/lib/motor_control --single-version-externally-managed install_data
[0.710s] running egg_info
[0.711s] writing ../../build/motor_control/motor_control.egg-info/PKG-INFO
[0.711s] writing dependency_links to ../../build/motor_control/motor_control.egg-info/dependency_links.txt
[0.711s] writing entry points to ../../build/motor_control/motor_control.egg-info/entry_points.txt
[0.711s] writing requirements to ../../build/motor_control/motor_control.egg-info/requires.txt
[0.711s] writing top-level names to ../../build/motor_control/motor_control.egg-info/top_level.txt
[0.740s] reading manifest file '../../build/motor_control/motor_control.egg-info/SOURCES.txt'
[0.740s] writing manifest file '../../build/motor_control/motor_control.egg-info/SOURCES.txt'
[0.741s] running build
[0.741s] running build_py
[0.741s] copying motor_control/controller1.py -> /home/jundrag/ros2_ws/build/motor_control/build/lib/motor_control
[0.741s] running install
[0.742s] running install_lib
[0.743s] copying /home/jundrag/ros2_ws/build/motor_control/build/lib/motor_control/controller1.py -> /home/jundrag/ros2_ws/install/motor_control/lib/python3.8/site-packages/motor_control
[0.743s] byte-compiling /home/jundrag/ros2_ws/install/motor_control/lib/python3.8/site-packages/motor_control/controller1.py to controller1.cpython-38.pyc
[0.745s] running install_data
[0.745s] running install_egg_info
[0.746s] removing '/home/jundrag/ros2_ws/install/motor_control/lib/python3.8/site-packages/motor_control-0.0.0-py3.8.egg-info' (and everything under it)
[0.746s] Copying ../../build/motor_control/motor_control.egg-info to /home/jundrag/ros2_ws/install/motor_control/lib/python3.8/site-packages/motor_control-0.0.0-py3.8.egg-info
[0.747s] running install_scripts
[0.761s] Installing controller1 script to /home/jundrag/ros2_ws/install/motor_control/lib/motor_control
[0.761s] Installing controller2 script to /home/jundrag/ros2_ws/install/motor_control/lib/motor_control
[0.761s] Installing serial_bridge script to /home/jundrag/ros2_ws/install/motor_control/lib/motor_control
[0.762s] Installing tankturn script to /home/jundrag/ros2_ws/install/motor_control/lib/motor_control
[0.762s] writing list of installed files to '/home/jundrag/ros2_ws/build/motor_control/install.log'
[0.777s] Invoked command in '/home/jundrag/ros2_ws/src/motor_control' returned '0': PYTHONPATH=/home/jundrag/ros2_ws/build/motor_control/prefix_override:/home/jundrag/ros2_ws/install/motor_control/lib/python3.8/site-packages:${PYTHONPATH} /usr/bin/python3 -W ignore:setup.py install is deprecated setup.py egg_info --egg-base ../../build/motor_control build --build-base /home/jundrag/ros2_ws/build/motor_control/build install --record /home/jundrag/ros2_ws/build/motor_control/install.log --install-scripts $base/lib/motor_control --single-version-externally-managed install_data
