[0.545s] Invoking command in '/home/jundrag/ros2_ws/src/motor_control': PYTHONPATH=/home/jundrag/ros2_ws/build/motor_control/prefix_override:/home/jundrag/ros2_ws/install/motor_control/lib/python3.8/site-packages:${PYTHONPATH} /usr/bin/python3 -W ignore:setup.py install is deprecated setup.py egg_info --egg-base ../../build/motor_control build --build-base /home/jundrag/ros2_ws/build/motor_control/build install --record /home/jundrag/ros2_ws/build/motor_control/install.log --install-scripts $base/lib/motor_control --single-version-externally-managed install_data
[0.731s] running egg_info
[0.731s] writing ../../build/motor_control/motor_control.egg-info/PKG-INFO
[0.731s] writing dependency_links to ../../build/motor_control/motor_control.egg-info/dependency_links.txt
[0.731s] writing entry points to ../../build/motor_control/motor_control.egg-info/entry_points.txt
[0.731s] writing requirements to ../../build/motor_control/motor_control.egg-info/requires.txt
[0.732s] writing top-level names to ../../build/motor_control/motor_control.egg-info/top_level.txt
[0.760s] reading manifest file '../../build/motor_control/motor_control.egg-info/SOURCES.txt'
[0.761s] writing manifest file '../../build/motor_control/motor_control.egg-info/SOURCES.txt'
[0.761s] running build
[0.761s] running build_py
[0.762s] running install
[0.762s] running install_lib
[0.763s] running install_data
[0.764s] running install_egg_info
[0.765s] removing '/home/jundrag/ros2_ws/install/motor_control/lib/python3.8/site-packages/motor_control-0.0.0-py3.8.egg-info' (and everything under it)
[0.765s] Copying ../../build/motor_control/motor_control.egg-info to /home/jundrag/ros2_ws/install/motor_control/lib/python3.8/site-packages/motor_control-0.0.0-py3.8.egg-info
[0.766s] running install_scripts
[0.780s] Installing controller1 script to /home/jundrag/ros2_ws/install/motor_control/lib/motor_control
[0.780s] Installing controller2 script to /home/jundrag/ros2_ws/install/motor_control/lib/motor_control
[0.780s] Installing serial_bridge script to /home/jundrag/ros2_ws/install/motor_control/lib/motor_control
[0.780s] writing list of installed files to '/home/jundrag/ros2_ws/build/motor_control/install.log'
[0.795s] Invoked command in '/home/jundrag/ros2_ws/src/motor_control' returned '0': PYTHONPATH=/home/jundrag/ros2_ws/build/motor_control/prefix_override:/home/jundrag/ros2_ws/install/motor_control/lib/python3.8/site-packages:${PYTHONPATH} /usr/bin/python3 -W ignore:setup.py install is deprecated setup.py egg_info --egg-base ../../build/motor_control build --build-base /home/jundrag/ros2_ws/build/motor_control/build install --record /home/jundrag/ros2_ws/build/motor_control/install.log --install-scripts $base/lib/motor_control --single-version-externally-managed install_data
