[0.024s] Invoking command in '/home/jun/ros2_ws/build/camera_viewer': /usr/bin/cmake --build /home/jun/ros2_ws/build/camera_viewer -- -j6 -l6
[0.244s] Invoked command in '/home/jun/ros2_ws/build/camera_viewer' returned '0': /usr/bin/cmake --build /home/jun/ros2_ws/build/camera_viewer -- -j6 -l6
[0.293s] Invoking command in '/home/jun/ros2_ws/build/camera_viewer': /usr/bin/cmake --install /home/jun/ros2_ws/build/camera_viewer
[0.303s] -- Install configuration: ""
[0.303s] -- Up-to-date: /home/jun/ros2_ws/install/camera_viewer/share/camera_viewer/environment/pythonpath.sh
[0.303s] -- Up-to-date: /home/jun/ros2_ws/install/camera_viewer/share/camera_viewer/environment/pythonpath.dsv
[0.303s] -- Up-to-date: /home/jun/ros2_ws/install/camera_viewer/lib/python3.8/site-packages/camera_viewer
[0.304s] -- Up-to-date: /home/jun/ros2_ws/install/camera_viewer/lib/python3.8/site-packages/camera_viewer/view_camera.py
[0.304s] -- Up-to-date: /home/jun/ros2_ws/install/camera_viewer/lib/python3.8/site-packages/camera_viewer/__init__.py
[0.330s] Listing '/home/jun/ros2_ws/install/camera_viewer/lib/python3.8/site-packages/camera_viewer'...
[0.334s] -- Up-to-date: /home/jun/ros2_ws/install/camera_viewer/lib/camera_viewer/view_camera.py
[0.334s] -- Up-to-date: /home/jun/ros2_ws/install/camera_viewer/share/ament_index/resource_index/package_run_dependencies/camera_viewer
[0.334s] -- Up-to-date: /home/jun/ros2_ws/install/camera_viewer/share/ament_index/resource_index/parent_prefix_path/camera_viewer
[0.334s] -- Up-to-date: /home/jun/ros2_ws/install/camera_viewer/share/camera_viewer/environment/ament_prefix_path.sh
[0.334s] -- Up-to-date: /home/jun/ros2_ws/install/camera_viewer/share/camera_viewer/environment/ament_prefix_path.dsv
[0.334s] -- Up-to-date: /home/jun/ros2_ws/install/camera_viewer/share/camera_viewer/environment/path.sh
[0.334s] -- Up-to-date: /home/jun/ros2_ws/install/camera_viewer/share/camera_viewer/environment/path.dsv
[0.334s] -- Up-to-date: /home/jun/ros2_ws/install/camera_viewer/share/camera_viewer/local_setup.bash
[0.334s] -- Up-to-date: /home/jun/ros2_ws/install/camera_viewer/share/camera_viewer/local_setup.sh
[0.334s] -- Up-to-date: /home/jun/ros2_ws/install/camera_viewer/share/camera_viewer/local_setup.zsh
[0.335s] -- Up-to-date: /home/jun/ros2_ws/install/camera_viewer/share/camera_viewer/local_setup.dsv
[0.335s] -- Installing: /home/jun/ros2_ws/install/camera_viewer/share/camera_viewer/package.dsv
[0.335s] -- Up-to-date: /home/jun/ros2_ws/install/camera_viewer/share/ament_index/resource_index/packages/camera_viewer
[0.335s] -- Up-to-date: /home/jun/ros2_ws/install/camera_viewer/share/camera_viewer/cmake/camera_viewerConfig.cmake
[0.335s] -- Up-to-date: /home/jun/ros2_ws/install/camera_viewer/share/camera_viewer/cmake/camera_viewerConfig-version.cmake
[0.335s] -- Up-to-date: /home/jun/ros2_ws/install/camera_viewer/share/camera_viewer/package.xml
[0.336s] Invoked command in '/home/jun/ros2_ws/build/camera_viewer' returned '0': /usr/bin/cmake --install /home/jun/ros2_ws/build/camera_viewer
