[0.548s] Invoking command in '/home/jun/ros2_ws/src/motor_control': PYTHONPATH=/home/jun/ros2_ws/build/motor_control/prefix_override:/usr/lib/python3/dist-packages/colcon_core/task/python/colcon_distutils_commands:/home/jun/ros2_ws/install/motor_control/lib/python3.8/site-packages:${PYTHONPATH} /usr/bin/python3 -W ignore:setup.py install is deprecated setup.py egg_info --egg-base ../../build/motor_control build --build-base /home/jun/ros2_ws/build/motor_control/build install --record /home/jun/ros2_ws/build/motor_control/install.log --install-scripts $base/lib/motor_control --single-version-externally-managed install_data
[0.733s] running egg_info
[0.733s] writing ../../build/motor_control/motor_control.egg-info/PKG-INFO
[0.733s] writing dependency_links to ../../build/motor_control/motor_control.egg-info/dependency_links.txt
[0.734s] writing entry points to ../../build/motor_control/motor_control.egg-info/entry_points.txt
[0.734s] writing requirements to ../../build/motor_control/motor_control.egg-info/requires.txt
[0.734s] writing top-level names to ../../build/motor_control/motor_control.egg-info/top_level.txt
[0.763s] reading manifest file '../../build/motor_control/motor_control.egg-info/SOURCES.txt'
[0.764s] writing manifest file '../../build/motor_control/motor_control.egg-info/SOURCES.txt'
[0.764s] running build
[0.764s] running build_py
[0.765s] running install
[0.766s] running install_lib
[0.767s] running install_data
[0.767s] running install_egg_info
[0.769s] removing '/home/jun/ros2_ws/install/motor_control/lib/python3.8/site-packages/motor_control-0.0.0-py3.8.egg-info' (and everything under it)
[0.769s] Copying ../../build/motor_control/motor_control.egg-info to /home/jun/ros2_ws/install/motor_control/lib/python3.8/site-packages/motor_control-0.0.0-py3.8.egg-info
[0.770s] running install_scripts
[0.784s] Installing actuator_control script to /home/jun/ros2_ws/install/motor_control/lib/motor_control
[0.784s] Installing controller1 script to /home/jun/ros2_ws/install/motor_control/lib/motor_control
[0.784s] Installing controller2 script to /home/jun/ros2_ws/install/motor_control/lib/motor_control
[0.784s] Installing joystick script to /home/jun/ros2_ws/install/motor_control/lib/motor_control
[0.785s] Installing monitor_motor script to /home/jun/ros2_ws/install/motor_control/lib/motor_control
[0.785s] Installing realsense_camera_node script to /home/jun/ros2_ws/install/motor_control/lib/motor_control
[0.785s] Installing serial_bridge script to /home/jun/ros2_ws/install/motor_control/lib/motor_control
[0.785s] Installing tankturn script to /home/jun/ros2_ws/install/motor_control/lib/motor_control
[0.785s] writing list of installed files to '/home/jun/ros2_ws/build/motor_control/install.log'
[0.800s] Invoked command in '/home/jun/ros2_ws/src/motor_control' returned '0': PYTHONPATH=/home/jun/ros2_ws/build/motor_control/prefix_override:/usr/lib/python3/dist-packages/colcon_core/task/python/colcon_distutils_commands:/home/jun/ros2_ws/install/motor_control/lib/python3.8/site-packages:${PYTHONPATH} /usr/bin/python3 -W ignore:setup.py install is deprecated setup.py egg_info --egg-base ../../build/motor_control build --build-base /home/jun/ros2_ws/build/motor_control/build install --record /home/jun/ros2_ws/build/motor_control/install.log --install-scripts $base/lib/motor_control --single-version-externally-managed install_data
