[0.603s] Invoking command in '/home/jun/ros2_ws/src/motor_control': PYTHONPATH=/home/jun/ros2_ws/build/motor_control/prefix_override:/usr/lib/python3/dist-packages/colcon_core/task/python/colcon_distutils_commands:/home/jun/ros2_ws/install/motor_control/lib/python3.8/site-packages:${PYTHONPATH} /usr/bin/python3 -W ignore:setup.py install is deprecated setup.py egg_info --egg-base ../../build/motor_control build --build-base /home/jun/ros2_ws/build/motor_control/build install --record /home/jun/ros2_ws/build/motor_control/install.log --install-scripts $base/lib/motor_control --single-version-externally-managed install_data
[0.802s] running egg_info
[0.802s] writing ../../build/motor_control/motor_control.egg-info/PKG-INFO
[0.802s] writing dependency_links to ../../build/motor_control/motor_control.egg-info/dependency_links.txt
[0.802s] writing entry points to ../../build/motor_control/motor_control.egg-info/entry_points.txt
[0.803s] writing requirements to ../../build/motor_control/motor_control.egg-info/requires.txt
[0.803s] writing top-level names to ../../build/motor_control/motor_control.egg-info/top_level.txt
[0.833s] reading manifest file '../../build/motor_control/motor_control.egg-info/SOURCES.txt'
[0.834s] writing manifest file '../../build/motor_control/motor_control.egg-info/SOURCES.txt'
[0.834s] running build
[0.834s] running build_py
[0.834s] running install
[0.835s] running install_lib
[0.836s] running install_data
[0.837s] running install_egg_info
[0.838s] removing '/home/jun/ros2_ws/install/motor_control/lib/python3.8/site-packages/motor_control-0.0.0-py3.8.egg-info' (and everything under it)
[0.838s] Copying ../../build/motor_control/motor_control.egg-info to /home/jun/ros2_ws/install/motor_control/lib/python3.8/site-packages/motor_control-0.0.0-py3.8.egg-info
[0.839s] running install_scripts
[0.853s] Installing angle_controller1 script to /home/jun/ros2_ws/install/motor_control/lib/motor_control
[0.853s] Installing angle_controller2 script to /home/jun/ros2_ws/install/motor_control/lib/motor_control
[0.853s] Installing controller1 script to /home/jun/ros2_ws/install/motor_control/lib/motor_control
[0.853s] Installing controller2 script to /home/jun/ros2_ws/install/motor_control/lib/motor_control
[0.854s] Installing joystick script to /home/jun/ros2_ws/install/motor_control/lib/motor_control
[0.854s] Installing monitor_motor script to /home/jun/ros2_ws/install/motor_control/lib/motor_control
[0.854s] Installing realsense_opencv_viewer script to /home/jun/ros2_ws/install/motor_control/lib/motor_control
[0.854s] Installing serial_bridge script to /home/jun/ros2_ws/install/motor_control/lib/motor_control
[0.854s] Installing tankturn script to /home/jun/ros2_ws/install/motor_control/lib/motor_control
[0.854s] writing list of installed files to '/home/jun/ros2_ws/build/motor_control/install.log'
[0.870s] Invoked command in '/home/jun/ros2_ws/src/motor_control' returned '0': PYTHONPATH=/home/jun/ros2_ws/build/motor_control/prefix_override:/usr/lib/python3/dist-packages/colcon_core/task/python/colcon_distutils_commands:/home/jun/ros2_ws/install/motor_control/lib/python3.8/site-packages:${PYTHONPATH} /usr/bin/python3 -W ignore:setup.py install is deprecated setup.py egg_info --egg-base ../../build/motor_control build --build-base /home/jun/ros2_ws/build/motor_control/build install --record /home/jun/ros2_ws/build/motor_control/install.log --install-scripts $base/lib/motor_control --single-version-externally-managed install_data
