[0.017s] Invoking command in '/home/jundrag/ros2_ws/src/build/rosserial_msgs': /usr/bin/cmake /home/jundrag/ros2_ws/src/rosserial/rosserial_msgs -DCATKIN_INSTALL_INTO_PREFIX_ROOT=0 -DCATKIN_SYMLINK_INSTALL=ON -DCMAKE_INSTALL_PREFIX=/home/jundrag/ros2_ws/src/install/rosserial_msgs
[0.065s] -- The C compiler identification is GNU 9.4.0
[0.112s] -- The CXX compiler identification is GNU 9.4.0
[0.116s] -- Check for working C compiler: /usr/bin/cc
[0.177s] -- Check for working C compiler: /usr/bin/cc -- works
[0.178s] -- Detecting C compiler ABI info
[0.239s] -- Detecting C compiler ABI info - done
[0.249s] -- Detecting C compile features
[0.249s] -- Detecting C compile features - done
[0.251s] -- Check for working CXX compiler: /usr/bin/c++
[0.321s] -- Check for working CXX compiler: /usr/bin/c++ -- works
[0.322s] -- Detecting CXX compiler ABI info
[0.391s] -- Detecting CXX compiler ABI info - done
[0.401s] -- Detecting CXX compile features
[0.402s] -- Detecting CXX compile features - done
[0.411s] CMake Error at CMakeLists.txt:4 (find_package):
[0.411s]   By not providing "Findcatkin.cmake" in CMAKE_MODULE_PATH this project has
[0.411s]   asked CMake to find a package configuration file provided by "catkin", but
[0.411s]   CMake did not find one.
[0.412s] 
[0.412s]   Could not find a package configuration file provided by "catkin" with any
[0.412s]   of the following names:
[0.412s] 
[0.412s]     catkinConfig.cmake
[0.412s]     catkin-config.cmake
[0.412s] 
[0.412s]   Add the installation prefix of "catkin" to CMAKE_PREFIX_PATH or set
[0.412s]   "catkin_DIR" to a directory containing one of the above files.  If "catkin"
[0.412s]   provides a separate development package or SDK, be sure it has been
[0.412s]   installed.
[0.412s] 
[0.412s] 
[0.412s] -- Configuring incomplete, errors occurred!
[0.412s] See also "/home/jundrag/ros2_ws/src/build/rosserial_msgs/CMakeFiles/CMakeOutput.log".
[0.415s] Invoked command in '/home/jundrag/ros2_ws/src/build/rosserial_msgs' returned '1': /usr/bin/cmake /home/jundrag/ros2_ws/src/rosserial/rosserial_msgs -DCATKIN_INSTALL_INTO_PREFIX_ROOT=0 -DCATKIN_SYMLINK_INSTALL=ON -DCMAKE_INSTALL_PREFIX=/home/jundrag/ros2_ws/src/install/rosserial_msgs
