-- The C compiler identification is GNU 9.4.0
-- The CXX compiler identification is GNU 9.4.0
-- Check for working C compiler: /usr/bin/cc
-- Check for working C compiler: /usr/bin/cc -- works
-- Detecting C compiler ABI info
-- Detecting C compiler ABI info - done
-- Detecting C compile features
-- Detecting C compile features - done
-- Check for working CXX compiler: /usr/bin/c++
-- Check for working CXX compiler: /usr/bin/c++ -- works
-- Detecting CXX compiler ABI info
-- Detecting CXX compiler ABI info - done
-- Detecting CXX compile features
-- Detecting CXX compile features - done
-- Found ament_cmake: 0.9.12 (/opt/ros/foxy/share/ament_cmake/cmake)
-- Found PythonInterp: /usr/bin/python3 (found suitable version "3.8.10", minimum required is "3") 
-- Using PYTHON_EXECUTABLE: /usr/bin/python3
-- Configuring done
-- Generating done
CMake Warning:
  Manually-specified variables were not used by the project:

    CATKIN_INSTALL_INTO_PREFIX_ROOT


-- Build files have been written to: /home/jun/ros2_ws/build/camera_viewer
-- Install configuration: ""
-- Installing: /home/jun/ros2_ws/install/camera_viewer/share/camera_viewer/environment/pythonpath.sh
-- Installing: /home/jun/ros2_ws/install/camera_viewer/share/camera_viewer/environment/pythonpath.dsv
-- Installing: /home/jun/ros2_ws/install/camera_viewer/lib/python3.8/site-packages/camera_viewer
-- Installing: /home/jun/ros2_ws/install/camera_viewer/lib/python3.8/site-packages/camera_viewer/view_camera.py
-- Installing: /home/jun/ros2_ws/install/camera_viewer/lib/python3.8/site-packages/camera_viewer/__init__.py
Listing '/home/jun/ros2_ws/install/camera_viewer/lib/python3.8/site-packages/camera_viewer'...
Compiling '/home/jun/ros2_ws/install/camera_viewer/lib/python3.8/site-packages/camera_viewer/__init__.py'...
Compiling '/home/jun/ros2_ws/install/camera_viewer/lib/python3.8/site-packages/camera_viewer/view_camera.py'...
-- Installing: /home/jun/ros2_ws/install/camera_viewer/lib/camera_viewer/view_camera.py
-- Installing: /home/jun/ros2_ws/install/camera_viewer/share/ament_index/resource_index/package_run_dependencies/camera_viewer
-- Installing: /home/jun/ros2_ws/install/camera_viewer/share/ament_index/resource_index/parent_prefix_path/camera_viewer
-- Installing: /home/jun/ros2_ws/install/camera_viewer/share/camera_viewer/environment/ament_prefix_path.sh
-- Installing: /home/jun/ros2_ws/install/camera_viewer/share/camera_viewer/environment/ament_prefix_path.dsv
-- Installing: /home/jun/ros2_ws/install/camera_viewer/share/camera_viewer/environment/path.sh
-- Installing: /home/jun/ros2_ws/install/camera_viewer/share/camera_viewer/environment/path.dsv
-- Installing: /home/jun/ros2_ws/install/camera_viewer/share/camera_viewer/local_setup.bash
-- Installing: /home/jun/ros2_ws/install/camera_viewer/share/camera_viewer/local_setup.sh
-- Installing: /home/jun/ros2_ws/install/camera_viewer/share/camera_viewer/local_setup.zsh
-- Installing: /home/jun/ros2_ws/install/camera_viewer/share/camera_viewer/local_setup.dsv
-- Installing: /home/jun/ros2_ws/install/camera_viewer/share/camera_viewer/package.dsv
-- Installing: /home/jun/ros2_ws/install/camera_viewer/share/ament_index/resource_index/packages/camera_viewer
-- Installing: /home/jun/ros2_ws/install/camera_viewer/share/camera_viewer/cmake/camera_viewerConfig.cmake
-- Installing: /home/jun/ros2_ws/install/camera_viewer/share/camera_viewer/cmake/camera_viewerConfig-version.cmake
-- Installing: /home/jun/ros2_ws/install/camera_viewer/share/camera_viewer/package.xml
