[0.019s] Invoking command in '/home/jun/ros2_ws/build/camera_viewer': /usr/bin/cmake /home/jun/ros2_ws/src/camera_viewer -DCATKIN_INSTALL_INTO_PREFIX_ROOT=0 -DCMAKE_INSTALL_PREFIX=/home/jun/ros2_ws/install/camera_viewer
[0.072s] -- The C compiler identification is GNU 9.4.0
[0.123s] -- The CXX compiler identification is GNU 9.4.0
[0.127s] -- Check for working C compiler: /usr/bin/cc
[0.189s] -- Check for working C compiler: /usr/bin/cc -- works
[0.189s] -- Detecting C compiler ABI info
[0.252s] -- Detecting C compiler ABI info - done
[0.262s] -- Detecting C compile features
[0.262s] -- Detecting C compile features - done
[0.265s] -- Check for working CXX compiler: /usr/bin/c++
[0.337s] -- Check for working CXX compiler: /usr/bin/c++ -- works
[0.338s] -- Detecting CXX compiler ABI info
[0.409s] -- Detecting CXX compiler ABI info - done
[0.420s] -- Detecting CXX compile features
[0.420s] -- Detecting CXX compile features - done
[0.422s] -- Found ament_cmake: 0.9.12 (/opt/ros/foxy/share/ament_cmake/cmake)
[0.443s] -- Found PythonInterp: /usr/bin/python3 (found suitable version "3.8.10", minimum required is "3") 
[0.443s] -- Using PYTHON_EXECUTABLE: /usr/bin/python3
[0.699s] -- Configuring done
[0.701s] -- Generating done
[0.701s] CMake Warning:
[0.701s]   Manually-specified variables were not used by the project:
[0.701s] 
[0.701s]     CATKIN_INSTALL_INTO_PREFIX_ROOT
[0.702s] 
[0.702s] 
[0.702s] -- Build files have been written to: /home/jun/ros2_ws/build/camera_viewer
[0.707s] Invoked command in '/home/jun/ros2_ws/build/camera_viewer' returned '0': /usr/bin/cmake /home/jun/ros2_ws/src/camera_viewer -DCATKIN_INSTALL_INTO_PREFIX_ROOT=0 -DCMAKE_INSTALL_PREFIX=/home/jun/ros2_ws/install/camera_viewer
[0.707s] Invoking command in '/home/jun/ros2_ws/build/camera_viewer': /usr/bin/cmake --build /home/jun/ros2_ws/build/camera_viewer -- -j6 -l6
[0.742s] Invoked command in '/home/jun/ros2_ws/build/camera_viewer' returned '0': /usr/bin/cmake --build /home/jun/ros2_ws/build/camera_viewer -- -j6 -l6
[0.796s] Invoking command in '/home/jun/ros2_ws/build/camera_viewer': /usr/bin/cmake --install /home/jun/ros2_ws/build/camera_viewer
[0.803s] -- Install configuration: ""
[0.803s] -- Installing: /home/jun/ros2_ws/install/camera_viewer/share/camera_viewer/environment/pythonpath.sh
[0.803s] -- Installing: /home/jun/ros2_ws/install/camera_viewer/share/camera_viewer/environment/pythonpath.dsv
[0.804s] -- Installing: /home/jun/ros2_ws/install/camera_viewer/lib/python3.8/site-packages/camera_viewer
[0.804s] -- Installing: /home/jun/ros2_ws/install/camera_viewer/lib/python3.8/site-packages/camera_viewer/view_camera.py
[0.804s] -- Installing: /home/jun/ros2_ws/install/camera_viewer/lib/python3.8/site-packages/camera_viewer/__init__.py
[0.832s] Listing '/home/jun/ros2_ws/install/camera_viewer/lib/python3.8/site-packages/camera_viewer'...
[0.832s] Compiling '/home/jun/ros2_ws/install/camera_viewer/lib/python3.8/site-packages/camera_viewer/__init__.py'...
[0.832s] Compiling '/home/jun/ros2_ws/install/camera_viewer/lib/python3.8/site-packages/camera_viewer/view_camera.py'...
[0.836s] -- Installing: /home/jun/ros2_ws/install/camera_viewer/lib/camera_viewer/view_camera.py
[0.836s] -- Installing: /home/jun/ros2_ws/install/camera_viewer/share/ament_index/resource_index/package_run_dependencies/camera_viewer
[0.836s] -- Installing: /home/jun/ros2_ws/install/camera_viewer/share/ament_index/resource_index/parent_prefix_path/camera_viewer
[0.836s] -- Installing: /home/jun/ros2_ws/install/camera_viewer/share/camera_viewer/environment/ament_prefix_path.sh
[0.836s] -- Installing: /home/jun/ros2_ws/install/camera_viewer/share/camera_viewer/environment/ament_prefix_path.dsv
[0.836s] -- Installing: /home/jun/ros2_ws/install/camera_viewer/share/camera_viewer/environment/path.sh
[0.836s] -- Installing: /home/jun/ros2_ws/install/camera_viewer/share/camera_viewer/environment/path.dsv
[0.837s] -- Installing: /home/jun/ros2_ws/install/camera_viewer/share/camera_viewer/local_setup.bash
[0.837s] -- Installing: /home/jun/ros2_ws/install/camera_viewer/share/camera_viewer/local_setup.sh
[0.837s] -- Installing: /home/jun/ros2_ws/install/camera_viewer/share/camera_viewer/local_setup.zsh
[0.837s] -- Installing: /home/jun/ros2_ws/install/camera_viewer/share/camera_viewer/local_setup.dsv
[0.837s] -- Installing: /home/jun/ros2_ws/install/camera_viewer/share/camera_viewer/package.dsv
[0.837s] -- Installing: /home/jun/ros2_ws/install/camera_viewer/share/ament_index/resource_index/packages/camera_viewer
[0.837s] -- Installing: /home/jun/ros2_ws/install/camera_viewer/share/camera_viewer/cmake/camera_viewerConfig.cmake
[0.837s] -- Installing: /home/jun/ros2_ws/install/camera_viewer/share/camera_viewer/cmake/camera_viewerConfig-version.cmake
[0.838s] -- Installing: /home/jun/ros2_ws/install/camera_viewer/share/camera_viewer/package.xml
[0.839s] Invoked command in '/home/jun/ros2_ws/build/camera_viewer' returned '0': /usr/bin/cmake --install /home/jun/ros2_ws/build/camera_viewer
