-- Install configuration: ""
-- Up-to-date: /home/jun/ros2_ws/install/camera_viewer/share/camera_viewer/environment/pythonpath.sh
-- Up-to-date: /home/jun/ros2_ws/install/camera_viewer/share/camera_viewer/environment/pythonpath.dsv
-- Up-to-date: /home/jun/ros2_ws/install/camera_viewer/lib/python3.8/site-packages/camera_viewer
-- Up-to-date: /home/jun/ros2_ws/install/camera_viewer/lib/python3.8/site-packages/camera_viewer/view_camera.py
-- Up-to-date: /home/jun/ros2_ws/install/camera_viewer/lib/python3.8/site-packages/camera_viewer/__init__.py
Listing '/home/jun/ros2_ws/install/camera_viewer/lib/python3.8/site-packages/camera_viewer'...
-- Up-to-date: /home/jun/ros2_ws/install/camera_viewer/lib/camera_viewer/view_camera.py
-- Up-to-date: /home/jun/ros2_ws/install/camera_viewer/share/ament_index/resource_index/package_run_dependencies/camera_viewer
-- Up-to-date: /home/jun/ros2_ws/install/camera_viewer/share/ament_index/resource_index/parent_prefix_path/camera_viewer
-- Up-to-date: /home/jun/ros2_ws/install/camera_viewer/share/camera_viewer/environment/ament_prefix_path.sh
-- Up-to-date: /home/jun/ros2_ws/install/camera_viewer/share/camera_viewer/environment/ament_prefix_path.dsv
-- Up-to-date: /home/jun/ros2_ws/install/camera_viewer/share/camera_viewer/environment/path.sh
-- Up-to-date: /home/jun/ros2_ws/install/camera_viewer/share/camera_viewer/environment/path.dsv
-- Up-to-date: /home/jun/ros2_ws/install/camera_viewer/share/camera_viewer/local_setup.bash
-- Up-to-date: /home/jun/ros2_ws/install/camera_viewer/share/camera_viewer/local_setup.sh
-- Up-to-date: /home/jun/ros2_ws/install/camera_viewer/share/camera_viewer/local_setup.zsh
-- Up-to-date: /home/jun/ros2_ws/install/camera_viewer/share/camera_viewer/local_setup.dsv
-- Up-to-date: /home/jun/ros2_ws/install/camera_viewer/share/camera_viewer/package.dsv
-- Up-to-date: /home/jun/ros2_ws/install/camera_viewer/share/ament_index/resource_index/packages/camera_viewer
-- Up-to-date: /home/jun/ros2_ws/install/camera_viewer/share/camera_viewer/cmake/camera_viewerConfig.cmake
-- Up-to-date: /home/jun/ros2_ws/install/camera_viewer/share/camera_viewer/cmake/camera_viewerConfig-version.cmake
-- Up-to-date: /home/jun/ros2_ws/install/camera_viewer/share/camera_viewer/package.xml
